<testsuites name="storm-trident" time="101.073024" tests="6" failures="1" skipped="3">
	<testsuite name="health-checks-install_vm-host" tests="6" failures="1" errors="0" id="0" skipped="3" time="101.073024">
		<testcase name="install-vm-deps" classname="" status="SKIP">
			<skipped message="local run" type="Skipped"></skipped>
		</testcase>
		<testcase name="prepare-hc" classname="" time="0.084787" status="PASS">
			<system-out></system-out>
		</testcase>
		<testcase name="setup-test-host" classname="" time="0.286529" status="PASS">
			<system-out><![CDATA[DEBU[0000] Connecting to libvirt at 'qemu:///system'    
DEBU[0000] Connecting to libvirt at 'qemu:///system'    
TRAC[0000] Leased IP 192.168.242.2 to trident-e2e-health-checks-install_vm-host-vm-0 (MAC 52:54:00:b2:22:bd) 
TRAC[0000] Network trident-e2e-health-checks-install_vm-host-network does not exist, skipping deletion 
TRAC[0000] Defining network with XML:
<network>
  <name>trident-e2e-health-checks-install_vm-host-network</name>
  <forward mode="nat"></forward>
  <domain name="trident-e2e-health-checks-install_vm-host-network"></domain>
  <ip address="192.168.242.1" netmask="255.255.255.0">
    <dhcp>
      <range start="192.168.242.2" end="192.168.242.254"></range>
      <host mac="52:54:00:b2:22:bd" name="trident-e2e-health-checks-install_vm-host-vm-0" ip="192.168.242.2"></host>
    </dhcp>
  </ip>
</network> 
INFO[0000] Created and started network 'trident-e2e-health-checks-install_vm-host-network' 
TRAC[0000] Storage pool trident-e2e-health-checks-install_vm-host-pool does not exist, skipping deletion 
TRAC[0000] Defining storage pool with XML:
<pool type="dir">
  <name>trident-e2e-health-checks-install_vm-host-pool</name>
  <target>
    <path>/var/lib/libvirt/trident-e2e-health-checks-install_vm-host</path>
    <permissions>
      <owner>-1</owner>
      <group>-1</group>
      <mode>0755</mode>
    </permissions>
  </target>
</pool> 
INFO[0000] Created and started storage pool 'trident-e2e-health-checks-install_vm-host-pool' 
TRAC[0000] Storage pool trident-e2e-health-checks-install_vm-host-nvram-pool does not exist, skipping deletion 
TRAC[0000] Defining storage pool with XML:
<pool type="dir">
  <name>trident-e2e-health-checks-install_vm-host-nvram-pool</name>
  <target>
    <path>/var/lib/trident-e2e-health-checks-install_vm-host-nvram</path>
    <permissions>
      <owner>-1</owner>
      <group>-1</group>
      <mode>0777</mode>
    </permissions>
  </target>
</pool> 
INFO[0000] Created and started storage pool 'trident-e2e-health-checks-install_vm-host-nvram-pool' 
TRAC[0000] Domain trident-e2e-health-checks-install_vm-host-vm-0 does not exist, skipping deletion 
DEBU[0000] Setting up volume 'trident-e2e-health-checks-install_vm-host-vm-0_VARS.fd' at path '/var/lib/trident-e2e-health-checks-install_vm-host-nvram/trident-e2e-health-checks-install_vm-host-vm-0_VARS.fd' 
TRAC[0000] Volume trident-e2e-health-checks-install_vm-host-vm-0_VARS.fd does not exist, skipping deletion 
TRAC[0000] Defining volume with XML:
<volume>
  <name>trident-e2e-health-checks-install_vm-host-vm-0_VARS.fd</name>
  <capacity unit="G">0</capacity>
  <target>
    <path>/var/lib/trident-e2e-health-checks-install_vm-host-nvram/trident-e2e-health-checks-install_vm-host-vm-0_VARS.fd</path>
    <format type="raw"></format>
    <permissions>
      <mode>0666</mode>
    </permissions>
  </target>
</volume> 
DEBU[0000] No OS disk specified for volume 'trident-e2e-health-checks-install_vm-host-vm-0_VARS.fd', creating blank disk 
INFO[0000] Created volume 'trident-e2e-health-checks-install_vm-host-vm-0_VARS.fd' 
DEBU[0000] Uploading NVRAM template from /usr/share/OVMF/OVMF_VARS_4M.ms.fd to /var/lib/trident-e2e-health-checks-install_vm-host-nvram/trident-e2e-health-checks-install_vm-host-vm-0_VARS.fd 
DEBU[0000] Uploading 540672 bytes from file '/usr/share/OVMF/OVMF_VARS_4M.ms.fd' to volume 'trident-e2e-health-checks-install_vm-host-vm-0_VARS.fd' 
INFO[0000] Uploaded file '/usr/share/OVMF/OVMF_VARS_4M.ms.fd' to volume 'trident-e2e-health-checks-install_vm-host-vm-0_VARS.fd' 
DEBU[0000] Setting up volume 'trident-e2e-health-checks-install_vm-host-vm-0-volume-0.qcow2' at path '/var/lib/libvirt/trident-e2e-health-checks-install_vm-host/trident-e2e-health-checks-install_vm-host-vm-0-volume-0.qcow2' 
TRAC[0000] Volume trident-e2e-health-checks-install_vm-host-vm-0-volume-0.qcow2 does not exist, skipping deletion 
TRAC[0000] Defining volume with XML:
<volume>
  <name>trident-e2e-health-checks-install_vm-host-vm-0-volume-0.qcow2</name>
  <capacity unit="G">32</capacity>
  <target>
    <path>/var/lib/libvirt/trident-e2e-health-checks-install_vm-host/trident-e2e-health-checks-install_vm-host-vm-0-volume-0.qcow2</path>
    <format type="qcow2"></format>
    <permissions>
      <mode>0644</mode>
    </permissions>
  </target>
</volume> 
DEBU[0000] No OS disk specified for volume 'trident-e2e-health-checks-install_vm-host-vm-0-volume-0.qcow2', creating blank disk 
INFO[0000] Created volume 'trident-e2e-health-checks-install_vm-host-vm-0-volume-0.qcow2' 
DEBU[0000] Setting up volume 'trident-e2e-health-checks-install_vm-host-vm-0-volume-1.qcow2' at path '/var/lib/libvirt/trident-e2e-health-checks-install_vm-host/trident-e2e-health-checks-install_vm-host-vm-0-volume-1.qcow2' 
TRAC[0000] Volume trident-e2e-health-checks-install_vm-host-vm-0-volume-1.qcow2 does not exist, skipping deletion 
TRAC[0000] Defining volume with XML:
<volume>
  <name>trident-e2e-health-checks-install_vm-host-vm-0-volume-1.qcow2</name>
  <capacity unit="G">32</capacity>
  <target>
    <path>/var/lib/libvirt/trident-e2e-health-checks-install_vm-host/trident-e2e-health-checks-install_vm-host-vm-0-volume-1.qcow2</path>
    <format type="qcow2"></format>
    <permissions>
      <mode>0644</mode>
    </permissions>
  </target>
</volume> 
DEBU[0000] No OS disk specified for volume 'trident-e2e-health-checks-install_vm-host-vm-0-volume-1.qcow2', creating blank disk 
INFO[0000] Created volume 'trident-e2e-health-checks-install_vm-host-vm-0-volume-1.qcow2' 
TRAC[0000] Defining domain with XML:
<domain type="kvm">
  <name>trident-e2e-health-checks-install_vm-host-vm-0</name>
  <memory unit="GiB">12</memory>
  <vcpu>4</vcpu>
  <sysinfo type="smbios">
    <oemStrings>
      <entry>virtdeploy:1</entry>
    </oemStrings>
  </sysinfo>
  <os>
    <type arch="x86_64" machine="q35">hvm</type>
    <loader readonly="yes" type="pflash">/usr/share/OVMF/OVMF_CODE_4M.ms.fd</loader>
    <nvram template="/usr/share/OVMF/OVMF_VARS_4M.ms.fd">/var/lib/trident-e2e-health-checks-install_vm-host-nvram/trident-e2e-health-checks-install_vm-host-vm-0_VARS.fd</nvram>
    <smbios mode="sysinfo"></smbios>
  </os>
  <features>
    <acpi></acpi>
    <apic></apic>
    <vmport state="off"></vmport>
  </features>
  <cpu match="exact" check="none">
    <model fallback="allow">Broadwell-IBRS</model>
    <feature policy="require" name="vmx"></feature>
  </cpu>
  <clock offset="utc">
    <timer name="rtc" tickpolicy="catchup"></timer>
    <timer name="pit" tickpolicy="delay"></timer>
    <timer name="hpet" present="no"></timer>
  </clock>
  <pm>
    <suspend-to-mem enabled="no"></suspend-to-mem>
    <suspend-to-disk enabled="no"></suspend-to-disk>
  </pm>
  <devices>
    <emulator>/usr/bin/qemu-system-x86_64</emulator>
    <disk type="file" device="disk">
      <driver name="qemu" type="qcow2"></driver>
      <source file="/var/lib/libvirt/trident-e2e-health-checks-install_vm-host/trident-e2e-health-checks-install_vm-host-vm-0-volume-0.qcow2"></source>
      <target dev="sda" bus="sata"></target>
      <address type="drive" controller="0" bus="0" target="0" unit="1"></address>
    </disk>
    <disk type="file" device="disk">
      <driver name="qemu" type="qcow2"></driver>
      <source file="/var/lib/libvirt/trident-e2e-health-checks-install_vm-host/trident-e2e-health-checks-install_vm-host-vm-0-volume-1.qcow2"></source>
      <target dev="sdb" bus="sata"></target>
      <address type="drive" controller="0" bus="0" target="0" unit="2"></address>
    </disk>
    <disk device="cdrom">
      <driver name="qemu" type="raw"></driver>
      <target dev="sdz" bus="sata"></target>
      <readonly></readonly>
      <address type="drive" controller="1" bus="0" target="0" unit="1"></address>
    </disk>
    <controller type="usb" index="0" model="ich9-ehci1"></controller>
    <controller type="usb" index="0" model="ich9-uhci1">
      <master startport="0"></master>
    </controller>
    <controller type="usb" index="0" model="ich9-uhci2">
      <master startport="2"></master>
    </controller>
    <controller type="usb" index="0" model="ich9-uhci3">
      <master startport="4"></master>
    </controller>
    <interface type="network">
      <mac address="52:54:00:b2:22:bd"></mac>
      <source network="trident-e2e-health-checks-install_vm-host-network"></source>
      <model type="virtio"></model>
    </interface>
    <serial type="pty">
      <source path="/dev/pts/2"></source>
      <target port="0"></target>
      <log file="/tmp/trident-e2e-health-checks-install_vm-host-vm-0-serial0.log" append="off"></log>
    </serial>
    <console type="pty"></console>
    <channel type="spicevmc">
      <target type="virtio" name="com.redhat.spice.0"></target>
    </channel>
    <input type="tablet" bus="usb"></input>
    <tpm model="tpm-tis">
      <backend type="emulator" version="2.0"></backend>
    </tpm>
    <graphics type="spice" port="-1" tlsPort="-1" autoport="yes">
      <image compression="off"></image>
    </graphics>
    <sound model="ich6"></sound>
    <video>
      <model type="qxl"></model>
    </video>
    <redirdev type="spicevmc" bus="usb"></redirdev>
    <redirdev type="spicevmc" bus="usb"></redirdev>
  </devices>
  <commandline xmlns="http://libvirt.org/schemas/domain/qemu/1.0"></commandline>
</domain> 
INFO[0000] Created domain 'trident-e2e-health-checks-install_vm-host-vm-0' ]]></system-out>
		</testcase>
		<testcase name="install-os" classname="" time="99.743587" status="FAIL">
			<failure message="Trident reported status &#39;failed&#39;"></failure>
			<system-out><![CDATA[INFO[0000] Using host config:
health:
    checks:
        - name: invoke-rollback-from-local-script
          path: /var/lib/trident/local-health-check-file.sh
          runOn:
            - clean-install
        - content: |
            exit 1
          name: invoke-rollback-from-script
          runOn:
            - clean-install
        - name: install-failure-systemd-check
          runOn:
            - clean-install
          systemdServices:
            - non-existent-service1.service
            - non-existent-service2.service
          timeoutSeconds: 15
image:
    sha384: ignored
    url: http://NETLAUNCH_HOST_ADDRESS/files/regular.cosi
os:
    additionalFiles:
        - content: |
            echo 'This is a local health check script.'
            exit 0
          destination: /var/lib/trident/local-health-check-file.sh
    netplan:
        ethernets:
            vmeths:
                dhcp4: true
                match:
                    name: enp*
        version: 2
    selinux:
        mode: enforcing
    users:
        - name: testing-user
          sshMode: key-only
          sshPublicKeys:
            - |
              ssh-rsa AAAAB3NzaC1yc2EAAAADAQABAAABAQC6eEGX0ooUhg/UnjuhcEuHD93smcLSQ1vXSULdKNYUEdE/VK01lxTsYA7UKOPUP5izukJYNnBUeRDOWVodk1SDp6X8pERyL7nMCWzh2mgCDwRQhnYE89kFj7jMiqvHDBbUCLcI3JAfD5aFEC35NRYcSHeoizU00IFYwYCADLNpqmQxyhqa+ujGvLR34g9fIJTGbrxFHCkvQy9yntbAUi7m/RtMnWBp+Irbq7C6poviNmsLrD/VUGbwDz5ZyyZyuj1gEAvs8jn4OM5Ula6KBc+Gz42Rj5Diyq3EjjU5tjwbO5uKr5xu3XbJYqQJLhZyNd2f1uRItluQrzVq8juq3dJb
scripts:
    postConfigure:
        - content: echo "testing-user ALL=(ALL:ALL) NOPASSWD:ALL" > /etc/sudoers.d/testing-user
          name: testing-privilege
          runOn:
            - clean-install
storage:
    disks:
        - device: /dev/disk/by-path/pci-0000:00:1f.2-ata-2
          id: os
          partitionTableType: gpt
          partitions:
            - id: esp
              size: 1G
              type: esp
            - id: root
              size: 8G
              type: root
        - device: /dev/disk/by-path/pci-0000:00:1f.2-ata-3
          id: disk2
          partitionTableType: gpt
          partitions: []
    filesystems:
        - deviceId: root
          mountPoint: /
        - deviceId: esp
          mountPoint:
            options: umask=0077
            path: /boot/efi 
WARN[0000] No announce IP specified. Attempting to find default outbound IP to announce. 
TRAC[0000] Checking Route: {Ifindex: 2 Dst: 0.0.0.0/0 Src: 10.91.162.60 Gw: 10.91.160.1 Flags: [] Table: 254 Realm: 0} 
INFO[0000] Announcing address                            address="10.91.162.60:4000"
INFO[0000] Using Trident config file: /tmp/hc-tmp-2009440492 
INFO[0000] Listening...                                  address="0.0.0.0:4000"
INFO[0000] Using local VM                               
INFO[0000] Initializing VM with UUID '813845ec-648a-4698-8e23-edd095a22c58' 
TRAC[0000] Domain XML:
<domain type='kvm'>
  <name>trident-e2e-health-checks-install_vm-host-vm-0</name>
  <uuid>813845ec-648a-4698-8e23-edd095a22c58</uuid>
  <memory unit='KiB'>12582912</memory>
  <currentMemory unit='KiB'>12582912</currentMemory>
  <vcpu placement='static'>4</vcpu>
  <sysinfo type='smbios'>
    <oemStrings>
      <entry>virtdeploy:1</entry>
    </oemStrings>
  </sysinfo>
  <os firmware='efi'>
    <type arch='x86_64' machine='pc-q35-10.2'>hvm</type>
    <firmware>
      <feature enabled='yes' name='enrolled-keys'/>
      <feature enabled='yes' name='secure-boot'/>
    </firmware>
    <loader readonly='yes' secure='yes' type='pflash' format='raw'>/usr/share/OVMF/OVMF_CODE_4M.ms.fd</loader>
    <nvram template='/usr/share/OVMF/OVMF_VARS_4M.ms.fd' templateFormat='raw' format='raw'>/var/lib/trident-e2e-health-checks-install_vm-host-nvram/trident-e2e-health-checks-install_vm-host-vm-0_VARS.fd</nvram>
    <boot dev='hd'/>
    <smbios mode='sysinfo'/>
  </os>
  <features>
    <acpi/>
    <apic/>
    <vmport state='off'/>
    <smm state='on'/>
  </features>
  <cpu mode='custom' match='exact' check='none'>
    <model fallback='allow'>Broadwell-IBRS</model>
    <feature policy='require' name='vmx'/>
  </cpu>
  <clock offset='utc'>
    <timer name='rtc' tickpolicy='catchup'/>
    <timer name='pit' tickpolicy='delay'/>
    <timer name='hpet' present='no'/>
  </clock>
  <on_poweroff>destroy</on_poweroff>
  <on_reboot>restart</on_reboot>
  <on_crash>destroy</on_crash>
  <pm>
    <suspend-to-mem enabled='no'/>
    <suspend-to-disk enabled='no'/>
  </pm>
  <devices>
    <emulator>/usr/bin/qemu-system-x86_64</emulator>
    <disk type='file' device='disk'>
      <driver name='qemu' type='qcow2'/>
      <source file='/var/lib/libvirt/trident-e2e-health-checks-install_vm-host/trident-e2e-health-checks-install_vm-host-vm-0-volume-0.qcow2'/>
      <target dev='sda' bus='sata'/>
      <address type='drive' controller='0' bus='0' target='0' unit='1'/>
    </disk>
    <disk type='file' device='disk'>
      <driver name='qemu' type='qcow2'/>
      <source file='/var/lib/libvirt/trident-e2e-health-checks-install_vm-host/trident-e2e-health-checks-install_vm-host-vm-0-volume-1.qcow2'/>
      <target dev='sdb' bus='sata'/>
      <address type='drive' controller='0' bus='0' target='0' unit='2'/>
    </disk>
    <disk type='file' device='cdrom'>
      <driver name='qemu' type='raw'/>
      <target dev='sdz' bus='sata'/>
      <readonly/>
      <address type='drive' controller='1' bus='0' target='0' unit='1'/>
    </disk>
    <controller type='usb' index='0' model='ich9-ehci1'>
      <address type='pci' domain='0x0000' bus='0x00' slot='0x1d' function='0x7'/>
    </controller>
    <controller type='usb' index='0' model='ich9-uhci1'>
      <master startport='0'/>
      <address type='pci' domain='0x0000' bus='0x00' slot='0x1d' function='0x0' multifunction='on'/>
    </controller>
    <controller type='usb' index='0' model='ich9-uhci2'>
      <master startport='2'/>
      <address type='pci' domain='0x0000' bus='0x00' slot='0x1d' function='0x1'/>
    </controller>
    <controller type='usb' index='0' model='ich9-uhci3'>
      <master startport='4'/>
      <address type='pci' domain='0x0000' bus='0x00' slot='0x1d' function='0x2'/>
    </controller>
    <controller type='sata' index='0'>
      <address type='pci' domain='0x0000' bus='0x00' slot='0x1f' function='0x2'/>
    </controller>
    <controller type='sata' index='1'>
      <address type='pci' domain='0x0000' bus='0x03' slot='0x02' function='0x0'/>
    </controller>
    <controller type='pci' index='0' model='pcie-root'/>
    <controller type='pci' index='1' model='pcie-root-port'>
      <model name='pcie-root-port'/>
      <target chassis='1' port='0x10'/>
      <address type='pci' domain='0x0000' bus='0x00' slot='0x02' function='0x0' multifunction='on'/>
    </controller>
    <controller type='pci' index='2' model='pcie-root-port'>
      <model name='pcie-root-port'/>
      <target chassis='2' port='0x11'/>
      <address type='pci' domain='0x0000' bus='0x00' slot='0x02' function='0x1'/>
    </controller>
    <controller type='pci' index='3' model='pcie-to-pci-bridge'>
      <model name='pcie-pci-bridge'/>
      <address type='pci' domain='0x0000' bus='0x01' slot='0x00' function='0x0'/>
    </controller>
    <controller type='pci' index='4' model='pcie-root-port'>
      <model name='pcie-root-port'/>
      <target chassis='4' port='0x12'/>
      <address type='pci' domain='0x0000' bus='0x00' slot='0x02' function='0x2'/>
    </controller>
    <controller type='pci' index='5' model='pcie-root-port'>
      <model name='pcie-root-port'/>
      <target chassis='5' port='0x13'/>
      <address type='pci' domain='0x0000' bus='0x00' slot='0x02' function='0x3'/>
    </controller>
    <controller type='pci' index='6' model='pcie-root-port'>
      <model name='pcie-root-port'/>
      <target chassis='6' port='0x14'/>
      <address type='pci' domain='0x0000' bus='0x00' slot='0x02' function='0x4'/>
    </controller>
    <controller type='virtio-serial' index='0'>
      <address type='pci' domain='0x0000' bus='0x04' slot='0x00' function='0x0'/>
    </controller>
    <interface type='network'>
      <mac address='52:54:00:b2:22:bd'/>
      <source network='trident-e2e-health-checks-install_vm-host-network'/>
      <model type='virtio'/>
      <address type='pci' domain='0x0000' bus='0x02' slot='0x00' function='0x0'/>
    </interface>
    <serial type='pty'>
      <log file='/tmp/trident-e2e-health-checks-install_vm-host-vm-0-serial0.log' append='off'/>
      <target type='isa-serial' port='0'>
        <model name='isa-serial'/>
      </target>
    </serial>
    <console type='pty'>
      <log file='/tmp/trident-e2e-health-checks-install_vm-host-vm-0-serial0.log' append='off'/>
      <target type='serial' port='0'/>
    </console>
    <channel type='spicevmc'>
      <target type='virtio' name='com.redhat.spice.0'/>
      <address type='virtio-serial' controller='0' bus='0' port='1'/>
    </channel>
    <input type='tablet' bus='usb'>
      <address type='usb' bus='0' port='1'/>
    </input>
    <input type='mouse' bus='ps2'/>
    <input type='keyboard' bus='ps2'/>
    <tpm model='tpm-tis'>
      <backend type='emulator' version='2.0'/>
    </tpm>
    <graphics type='spice' autoport='yes'>
      <listen type='address'/>
      <image compression='off'/>
    </graphics>
    <sound model='ich6'>
      <address type='pci' domain='0x0000' bus='0x03' slot='0x01' function='0x0'/>
    </sound>
    <audio id='1' type='spice'/>
    <video>
      <model type='qxl' ram='65536' vram='65536' vgamem='16384' heads='1' primary='yes'/>
      <address type='pci' domain='0x0000' bus='0x00' slot='0x01' function='0x0'/>
    </video>
    <redirdev bus='usb' type='spicevmc'>
      <address type='usb' bus='0' port='2'/>
    </redirdev>
    <redirdev bus='usb' type='spicevmc'>
      <address type='usb' bus='0' port='3'/>
    </redirdev>
    <watchdog model='itco' action='reset'/>
    <memballoon model='virtio'>
      <address type='pci' domain='0x0000' bus='0x05' slot='0x00' function='0x0'/>
    </memballoon>
  </devices>
</domain> 
DEBU[0000] Extracted NVRAM path: /var/lib/trident-e2e-health-checks-install_vm-host-nvram/trident-e2e-health-checks-install_vm-host-vm-0_VARS.fd 
INFO[0002] Setting SecureBoot to enabled                
INFO[0003] Set boot URI to http://10.91.162.60:4000/provision.iso and set SecureBoot to true 
INFO[0003] Starting VM 'trident-e2e-health-checks-install_vm-host-vm-0' 
INFO[0004] ISO deployed!                                
INFO[0004] Waiting for phone home...                    
INFO[0012] BMC has requested the ISO!                    address="192.168.242.2:1302"
INFO[0042] Trident connected from 192.168.242.2:42304   
INFO[0042] Trident started (connection attempt 0)        host_status= state=started
DEBU[0042] [REMOTE trident::orchestrate] Reporting status to orchestrator at http://10.91.162.60:4000/phonehome, attempt connection for 60 seconds  file=crates/trident/src/orchestrate.rs line=37 module="trident::orchestrate"
DEBU[0042] [REMOTE trident::orchestrate] Connected to orchestrator  file=crates/trident/src/orchestrate.rs line=61 module="trident::orchestrate"
INFO[0042] [REMOTE trident] Running Trident version: 0.26.0-2026071402.v44567e0  file=crates/trident/src/lib.rs line=206 module=trident
DEBU[0042] [REMOTE trident] Trident is running in SELinux domain 'system_u:system_r:trident_t:s0 '  file=crates/trident/src/lib.rs line=217 module=trident
DEBU[0042] [REMOTE trident::datastore] Creating temporary datastore at /var/lib/trident/datastore.sqlite  file=crates/trident/src/datastore.rs line=27 module="trident::datastore"
DEBU[0042] [REMOTE trident] Execute and record error with servicing state: NotProvisioned and last error: None  file=crates/trident/src/lib.rs line=300 module=trident
DEBU[0042] [REMOTE trident_api::config::host::storage::storage_graph::builder] Building storage graph  file=crates/trident_api/src/config/host/storage/storage_graph/builder/mod.rs line=72 module="trident_api::config::host::storage::storage_graph::builder"
DEBU[0042] [REMOTE trident_api::config::host::storage::storage_graph::builder] Storage graph built successfully with 6 nodes and 2 edges  file=crates/trident_api/src/config/host/storage/storage_graph/builder/mod.rs line=129 module="trident_api::config::host::storage::storage_graph::builder"
DEBU[0042] [REMOTE trident::osimage] Attempting to load COSI file from 'http://10.91.162.60:4000/files/regular.cosi'  file=crates/trident/src/osimage/mod.rs line=76 module="trident::osimage"
DEBU[0042] [REMOTE trident::io_utils::file_reader] Loading file from URL: 'http://10.91.162.60:4000/files/regular.cosi'  file=crates/trident/src/io_utils/file_reader.rs line=63 module="trident::io_utils::file_reader"
DEBU[0042] [REMOTE trident::io_utils::http::file] Opening HTTP file 'http://10.91.162.60:4000/files/regular.cosi'  file=crates/trident/src/io_utils/http/file.rs line=92 module="trident::io_utils::http::file"
DEBU[0042] [REMOTE trident::io_utils::http::file] Successfully queried HTTP file 'http://10.91.162.60:4000/files/regular.cosi' of size: 180573184  file=crates/trident/src/io_utils/http/file.rs line=148 module="trident::io_utils::http::file"
DEBU[0042] [REMOTE trident::osimage::cosi] Successfully read COSI metadata [v1.2]  file=crates/trident/src/osimage/cosi/mod.rs line=668 module="trident::osimage::cosi"
INFO[0042] [REMOTE trident::osimage] Loaded COSI file from 'http://10.91.162.60:4000/files/regular.cosi' with hash '81533a5eff61585fe4de173c38d9644f5a390fbc9ab9f0cb029b42ef9cd7132ad583fc8f513dc41f8db29adaf9306ab1'  file=crates/trident/src/osimage/mod.rs line=85 module="trident::osimage"
DEBU[0042] [REMOTE trident::osimage] OS image provides the following mount points: /  file=crates/trident/src/osimage/mod.rs line=101 module="trident::osimage"
DEBU[0042] [REMOTE trident] Host Configuration has been updated  file=crates/trident/src/lib.rs line=499 module=trident
INFO[0042] [REMOTE trident::engine::clean_install] Starting clean install  file=crates/trident/src/engine/clean_install.rs line=51 module="trident::engine::clean_install"
DEBU[0042] [REMOTE trident::engine::clean_install] Performing safety check for clean install  file=crates/trident/src/engine/clean_install.rs line=70 module="trident::engine::clean_install"
DEBU[0042] [REMOTE osutils::installation_media] Live media boot detected  file=crates/osutils/src/installation_media.rs line=29 module="osutils::installation_media"
DEBU[0042] [REMOTE trident::engine::clean_install] Trident is running from a live image  file=crates/trident/src/engine/clean_install.rs line=113 module="trident::engine::clean_install"
INFO[0042] [REMOTE trident::engine::clean_install] Safety check passed  file=crates/trident/src/engine/clean_install.rs line=72 module="trident::engine::clean_install"
DEBU[0042] [REMOTE trident::engine] Rebuilding storage graph for engine context  file=crates/trident/src/engine/mod.rs line=463 module="trident::engine"
INFO[0042] [REMOTE trident::engine] Starting step 'Validate'  file=crates/trident/src/engine/mod.rs line=283 module="trident::engine"
DEBU[0042] [REMOTE trident::engine] Starting step 'Validate' for subsystem 'mos-config'  file=crates/trident/src/engine/mod.rs line=286 module="trident::engine"
DEBU[0042] [REMOTE trident::engine] Starting step 'Validate' for subsystem 'esp'  file=crates/trident/src/engine/mod.rs line=286 module="trident::engine"
DEBU[0042] [REMOTE trident::engine] Starting step 'Validate' for subsystem 'storage'  file=crates/trident/src/engine/mod.rs line=286 module="trident::engine"
DEBU[0042] [REMOTE trident::subsystems::storage::osimage] Validating Host Configuration filesystems against OS image  file=crates/trident/src/subsystems/storage/osimage.rs line=52 module="trident::subsystems::storage::osimage"
DEBU[0042] [REMOTE trident::subsystems::storage::osimage] Validating uniqueness of OS image filesystem UUIDs  file=crates/trident/src/subsystems/storage/osimage.rs line=55 module="trident::subsystems::storage::osimage"
DEBU[0042] [REMOTE trident::subsystems::storage::osimage] Validating Host Configuration verity configuration against OS image  file=crates/trident/src/subsystems/storage/osimage.rs line=58 module="trident::subsystems::storage::osimage"
DEBU[0042] [REMOTE trident::subsystems::storage::osimage] Validating ESP image in OS image  file=crates/trident/src/subsystems/storage/osimage.rs line=61 module="trident::subsystems::storage::osimage"
DEBU[0042] [REMOTE trident::subsystems::storage::osimage] Validating filesystem mounted at or containing /boot  file=crates/trident/src/subsystems/storage/osimage.rs line=64 module="trident::subsystems::storage::osimage"
DEBU[0042] [REMOTE trident::subsystems::storage::osimage] Validating filesystems in OS image fit in their corresponding block devices  file=crates/trident/src/subsystems/storage/osimage.rs line=72 module="trident::subsystems::storage::osimage"
DEBU[0042] [REMOTE trident::subsystems::storage::osimage] Found filesystem with size 864.7M and block device with size 8.0G for device 'root'  file=crates/trident/src/subsystems/storage/osimage.rs line=575 module="trident::subsystems::storage::osimage"
DEBU[0042] [REMOTE trident::engine] Starting step 'Validate' for subsystem 'boot'  file=crates/trident/src/engine/mod.rs line=286 module="trident::engine"
DEBU[0042] [REMOTE trident::engine] Starting step 'Validate' for subsystem 'network'  file=crates/trident/src/engine/mod.rs line=286 module="trident::engine"
DEBU[0042] [REMOTE trident::engine] Starting step 'Validate' for subsystem 'os-config'  file=crates/trident/src/engine/mod.rs line=286 module="trident::engine"
DEBU[0042] [REMOTE trident::engine] Starting step 'Validate' for subsystem 'management'  file=crates/trident/src/engine/mod.rs line=286 module="trident::engine"
DEBU[0042] [REMOTE trident::engine] Starting step 'Validate' for subsystem 'extensions'  file=crates/trident/src/engine/mod.rs line=286 module="trident::engine"
DEBU[0042] [REMOTE trident::engine] Starting step 'Validate' for subsystem 'hooks'  file=crates/trident/src/engine/mod.rs line=286 module="trident::engine"
DEBU[0042] [REMOTE trident::engine] Starting step 'Validate' for subsystem 'initrd'  file=crates/trident/src/engine/mod.rs line=286 module="trident::engine"
DEBU[0042] [REMOTE trident::engine] Starting step 'Validate' for subsystem 'selinux'  file=crates/trident/src/engine/mod.rs line=286 module="trident::engine"
DEBU[0042] [REMOTE trident::engine] Finished step 'Validate'  file=crates/trident/src/engine/mod.rs line=301 module="trident::engine"
DEBU[0042] [REMOTE trident::engine::clean_install] Clearing saved Host Status  file=crates/trident/src/engine/clean_install.rs line=208 module="trident::engine::clean_install"
INFO[0042] [REMOTE trident::engine] Starting step 'Prepare'  file=crates/trident/src/engine/mod.rs line=306 module="trident::engine"
DEBU[0042] [REMOTE trident::engine] Starting step 'Prepare' for subsystem 'mos-config'  file=crates/trident/src/engine/mod.rs line=309 module="trident::engine"
DEBU[0042] [REMOTE trident::engine] Starting step 'Prepare' for subsystem 'esp'  file=crates/trident/src/engine/mod.rs line=309 module="trident::engine"
DEBU[0042] [REMOTE trident::engine] Starting step 'Prepare' for subsystem 'storage'  file=crates/trident/src/engine/mod.rs line=309 module="trident::engine"
DEBU[0042] [REMOTE trident::engine] Starting step 'Prepare' for subsystem 'boot'  file=crates/trident/src/engine/mod.rs line=309 module="trident::engine"
DEBU[0042] [REMOTE trident::engine] Starting step 'Prepare' for subsystem 'network'  file=crates/trident/src/engine/mod.rs line=309 module="trident::engine"
DEBU[0042] [REMOTE trident::engine] Starting step 'Prepare' for subsystem 'os-config'  file=crates/trident/src/engine/mod.rs line=309 module="trident::engine"
DEBU[0042] [REMOTE trident::engine] Starting step 'Prepare' for subsystem 'management'  file=crates/trident/src/engine/mod.rs line=309 module="trident::engine"
DEBU[0042] [REMOTE trident::engine] Starting step 'Prepare' for subsystem 'extensions'  file=crates/trident/src/engine/mod.rs line=309 module="trident::engine"
DEBU[0042] [REMOTE trident::subsystems::extensions] Skipping step 'prepare' because servicing type is not RuntimeUpdate.  file=crates/trident/src/subsystems/extensions/mod.rs line=120 module="trident::subsystems::extensions"
DEBU[0042] [REMOTE trident::engine] Starting step 'Prepare' for subsystem 'hooks'  file=crates/trident/src/engine/mod.rs line=309 module="trident::engine"
DEBU[0042] [REMOTE trident::engine] Starting step 'Prepare' for subsystem 'initrd'  file=crates/trident/src/engine/mod.rs line=309 module="trident::engine"
DEBU[0042] [REMOTE trident::engine] Starting step 'Prepare' for subsystem 'selinux'  file=crates/trident/src/engine/mod.rs line=309 module="trident::engine"
DEBU[0042] [REMOTE trident::engine] Finished step 'Prepare'  file=crates/trident/src/engine/mod.rs line=324 module="trident::engine"
DEBU[0042] [REMOTE trident::engine::clean_install] Preparing storage to mount new root  file=crates/trident/src/engine/clean_install.rs line=216 module="trident::engine::clean_install"
DEBU[0042] [REMOTE trident::engine::storage] Initializing block devices  file=crates/trident/src/engine/storage/mod.rs line=34 module="trident::engine::storage"
DEBU[0042] [REMOTE trident::engine::storage] Closing pre-existing block devices  file=crates/trident/src/engine/storage/mod.rs line=50 module="trident::engine::storage"
DEBU[0042] [REMOTE trident::engine::storage::partitioning::safety_check] Running partitioning safety check  file=crates/trident/src/engine/storage/partitioning/safety_check.rs line=15 module="trident::engine::storage::partitioning::safety_check"
DEBU[0042] [REMOTE trident::engine::storage::partitioning::safety_check] Running partitioning safety check for disk 'os'  file=crates/trident/src/engine/storage/partitioning/safety_check.rs line=18 module="trident::engine::storage::partitioning::safety_check"
DEBU[0043] [REMOTE trident::engine::storage::partitioning::safety_check] Disk 'os' has no mount points, proceeding...  file=crates/trident/src/engine/storage/partitioning/safety_check.rs line=26 module="trident::engine::storage::partitioning::safety_check"
DEBU[0043] [REMOTE trident::engine::storage::partitioning::safety_check] Running partitioning safety check for disk 'disk2'  file=crates/trident/src/engine/storage/partitioning/safety_check.rs line=18 module="trident::engine::storage::partitioning::safety_check"
DEBU[0043] [REMOTE trident::engine::storage::partitioning::safety_check] Disk 'disk2' has no mount points, proceeding...  file=crates/trident/src/engine/storage/partitioning/safety_check.rs line=26 module="trident::engine::storage::partitioning::safety_check"
INFO[0043] [REMOTE trident::engine::storage::partitioning::safety_check] Partitioning safety check passed  file=crates/trident/src/engine/storage/partitioning/safety_check.rs line=103 module="trident::engine::storage::partitioning::safety_check"
INFO[0043] [REMOTE trident::engine::storage::partitioning] Starting repartitioning process  file=crates/trident/src/engine/storage/partitioning/mod.rs line=25 module="trident::engine::storage::partitioning"
DEBU[0043] [REMOTE trident::engine::storage::partitioning] Creating partitions on disk 'os'  file=crates/trident/src/engine/storage/partitioning/mod.rs line=30 module="trident::engine::storage::partitioning"
INFO[0043] [REMOTE trident::engine::storage::partitioning::repart_mode] Initializing 'os': creating disk partitions  file=crates/trident/src/engine/storage/partitioning/repart_mode.rs line=40 module="trident::engine::storage::partitioning::repart_mode"
DEBU[0043] [REMOTE trident::engine::storage::partitioning] Creating partitions on disk 'disk2'  file=crates/trident/src/engine/storage/partitioning/mod.rs line=30 module="trident::engine::storage::partitioning"
INFO[0043] [REMOTE trident::engine::storage::partitioning::repart_mode] Initializing 'disk2': creating disk partitions  file=crates/trident/src/engine/storage/partitioning/repart_mode.rs line=40 module="trident::engine::storage::partitioning::repart_mode"
DEBU[0043] [REMOTE trident::engine::storage::image] Skipping deployment of filesystem [src:image, type:vfat, dev:esp, mnt:/boot/efi] sourced from OS Image, as it is the ESP.  file=crates/trident/src/engine/storage/image.rs line=219 module="trident::engine::storage::image"
DEBU[0043] [REMOTE trident::engine::storage::image] Skipping non-image file at path 'cosi-marker' from imaging  file=crates/trident/src/engine/storage/image.rs line=158 module="trident::engine::storage::image"
DEBU[0043] [REMOTE trident::engine::storage::image] Skipping non-image file at path 'metadata.json' from imaging  file=crates/trident/src/engine/storage/image.rs line=158 module="trident::engine::storage::image"
DEBU[0043] [REMOTE trident::engine::storage::image] Skipping non-image file at path 'images/trident-testimage_0_gpt.raw.zst' from imaging  file=crates/trident/src/engine/storage/image.rs line=158 module="trident::engine::storage::image"
DEBU[0043] [REMOTE trident::engine::storage::image] Skipping non-image file at path 'images/trident-testimage_0_1.raw.zst' from imaging  file=crates/trident/src/engine/storage/image.rs line=158 module="trident::engine::storage::image"
INFO[0043] [REMOTE trident::engine::storage::image] Initializing 'root': writing image for filesystem from 'http://10.91.162.60:4000/files/regular.cosi'  file=crates/trident/src/engine/storage/image.rs line=165 module="trident::engine::storage::image"
DEBU[0047] [REMOTE trident::io_utils::image_streamer] Copied 864.7M [906743808] to '/dev/disk/by-partuuid/e5f3225b-36d5-41c3-b674-97a746505323' ('/dev/sda2') in 4.40 seconds: 205.87 MB/s  file=crates/trident/src/io_utils/image_streamer.rs line=108 module="trident::io_utils::image_streamer"
DEBU[0047] [REMOTE trident::engine::storage::image] Checking filesystem on block device 'root'  file=crates/trident/src/engine/storage/image.rs line=360 module="trident::engine::storage::image"
DEBU[0047] [REMOTE trident::engine::storage::image] Resizing filesystem on block device 'root'  file=crates/trident/src/engine/storage/image.rs line=363 module="trident::engine::storage::image"
DEBU[0047] [REMOTE trident::engine::storage::filesystem] Creating filesystems on block devices  file=crates/trident/src/engine/storage/filesystem.rs line=17 module="trident::engine::storage::filesystem"
DEBU[0047] [REMOTE trident::engine::storage::filesystem] Determining block devices needing filesystem creation  file=crates/trident/src/engine/storage/filesystem.rs line=36 module="trident::engine::storage::filesystem"
DEBU[0047] [REMOTE trident::engine::storage::filesystem] Found 1 block device needing filesystem creation  file=crates/trident/src/engine/storage/filesystem.rs line=120 module="trident::engine::storage::filesystem"
INFO[0047] [REMOTE trident::engine::storage::filesystem] Initializing 'esp': creating filesystem of type 'vfat'  file=crates/trident/src/engine/storage/filesystem.rs line=22 module="trident::engine::storage::filesystem"
DEBU[0047] [REMOTE trident::engine::storage::filesystem] Creating 'vfat' filesystem on block device "/dev/disk/by-partuuid/a4a22bb1-c145-4c4f-891e-3775a3afe4c3"  file=crates/trident/src/engine/storage/filesystem.rs line=134 module="trident::engine::storage::filesystem"
DEBU[0048] [REMOTE trident::engine::storage::swap] Creating swap on block devices  file=crates/trident/src/engine/storage/swap.rs line=23 module="trident::engine::storage::swap"
INFO[0048] [REMOTE trident::engine::storage] Triggering udev rescan after block device setup to clear stale device entries  file=crates/trident/src/engine/storage/mod.rs line=82 module="trident::engine::storage"
DEBU[0048] [REMOTE trident::engine::newroot] Attempting to mount newroot at '/mnt/newroot'  file=crates/trident/src/engine/newroot.rs line=74 module="trident::engine::newroot"
DEBU[0048] [REMOTE trident::engine::newroot] Mounting block device 'root' to '/mnt/newroot/'  file=crates/trident/src/engine/newroot.rs line=204 module="trident::engine::newroot"
DEBU[0048] [REMOTE trident::engine::newroot] Mounting block device 'esp' to '/mnt/newroot/boot/efi'  file=crates/trident/src/engine/newroot.rs line=204 module="trident::engine::newroot"
DEBU[0048] [REMOTE trident::engine::newroot] Mounting tmpfs to '/mnt/newroot/tmp'  file=crates/trident/src/engine/newroot.rs line=317 module="trident::engine::newroot"
DEBU[0048] [REMOTE trident::engine::newroot] Mounting tmpfs to '/mnt/newroot/run'  file=crates/trident/src/engine/newroot.rs line=317 module="trident::engine::newroot"
DEBU[0048] [REMOTE trident::engine::install_index] Looking for next available install index in '/mnt/newroot/boot/efi/EFI'  file=crates/trident/src/engine/install_index.rs line=31 module="trident::engine::install_index"
DEBU[0048] [REMOTE trident::engine::install_index] Selected first available install index: '0'  file=crates/trident/src/engine/install_index.rs line=38 module="trident::engine::install_index"
INFO[0048] [REMOTE trident::engine] Starting step 'Provision'  file=crates/trident/src/engine/mod.rs line=337 module="trident::engine"
DEBU[0048] [REMOTE trident::engine] Starting step 'Provision' for subsystem 'mos-config'  file=crates/trident/src/engine/mod.rs line=340 module="trident::engine"
DEBU[0048] [REMOTE trident::engine] Starting step 'Provision' for subsystem 'esp'  file=crates/trident/src/engine/mod.rs line=340 module="trident::engine"
DEBU[0048] [REMOTE trident::subsystems::esp] Extracting ESP image to /mnt/newroot/var/tmp/.tmpTwssxL  file=crates/trident/src/subsystems/esp.rs line=208 module="trident::subsystems::esp"
DEBU[0048] [REMOTE trident::io_utils::image_streamer] Copied 8.0M [8388608] to '/mnt/newroot/var/tmp/.tmpTwssxL' in 0.05 seconds: 153.86 MB/s  file=crates/trident/src/io_utils/image_streamer.rs line=108 module="trident::io_utils::image_streamer"
DEBU[0048] [REMOTE trident::subsystems::esp] Writing boot files to directory /mnt/newroot/boot/efi/EFI/AZLA  file=crates/trident/src/subsystems/esp.rs line=253 module="trident::subsystems::esp"
DEBU[0048] [REMOTE trident::subsystems::esp] Using GRUB configuration file 'grub.cfg' from '/tmp/.tmpZFP6Pm/boot/grub2/grub.cfg'  file=crates/trident/src/subsystems/esp.rs line=661 module="trident::subsystems::esp"
DEBU[0048] [REMOTE trident::subsystems::esp] Using GRUB EFI executable from '/tmp/.tmpZFP6Pm/EFI/BOOT/grubx64-noprefix.efi'  file=crates/trident/src/subsystems/esp.rs line=687 module="trident::subsystems::esp"
DEBU[0048] [REMOTE trident::subsystems::esp] Using shim EFI executable from '/tmp/.tmpZFP6Pm/EFI/BOOT/bootx64.efi'  file=crates/trident/src/subsystems/esp.rs line=703 module="trident::subsystems::esp"
DEBU[0048] [REMOTE trident::subsystems::esp] Creating directory /mnt/newroot/boot/efi/EFI/AZLA  file=crates/trident/src/subsystems/esp.rs line=272 module="trident::subsystems::esp"
DEBU[0048] [REMOTE trident::subsystems::esp] Copying file '/tmp/.tmpZFP6Pm/boot/grub2/grub.cfg' to '/mnt/newroot/boot/efi/EFI/AZLA/grub.cfg'  file=crates/trident/src/subsystems/esp.rs line=603 module="trident::subsystems::esp"
DEBU[0048] [REMOTE trident::subsystems::esp] Copying file '/tmp/.tmpZFP6Pm/EFI/BOOT/grubx64-noprefix.efi' to '/mnt/newroot/boot/efi/EFI/AZLA/grubx64-noprefix.efi'  file=crates/trident/src/subsystems/esp.rs line=603 module="trident::subsystems::esp"
DEBU[0048] [REMOTE trident::subsystems::esp] Copying file '/tmp/.tmpZFP6Pm/EFI/BOOT/bootx64.efi' to '/mnt/newroot/boot/efi/EFI/AZLA/bootx64.efi'  file=crates/trident/src/subsystems/esp.rs line=603 module="trident::subsystems::esp"
DEBU[0048] [REMOTE trident::engine] Starting step 'Provision' for subsystem 'storage'  file=crates/trident/src/engine/mod.rs line=340 module="trident::engine"
DEBU[0048] [REMOTE trident::engine] Starting step 'Provision' for subsystem 'boot'  file=crates/trident/src/engine/mod.rs line=340 module="trident::engine"
DEBU[0048] [REMOTE trident::engine] Starting step 'Provision' for subsystem 'network'  file=crates/trident/src/engine/mod.rs line=340 module="trident::engine"
DEBU[0048] [REMOTE trident::engine] Starting step 'Provision' for subsystem 'os-config'  file=crates/trident/src/engine/mod.rs line=340 module="trident::engine"
DEBU[0048] [REMOTE trident::engine] Starting step 'Provision' for subsystem 'management'  file=crates/trident/src/engine/mod.rs line=340 module="trident::engine"
DEBU[0048] [REMOTE trident::engine] Starting step 'Provision' for subsystem 'extensions'  file=crates/trident/src/engine/mod.rs line=340 module="trident::engine"
DEBU[0048] [REMOTE trident::engine] Starting step 'Provision' for subsystem 'hooks'  file=crates/trident/src/engine/mod.rs line=340 module="trident::engine"
DEBU[0048] [REMOTE trident::engine] Starting step 'Provision' for subsystem 'initrd'  file=crates/trident/src/engine/mod.rs line=340 module="trident::engine"
DEBU[0048] [REMOTE trident::engine] Starting step 'Provision' for subsystem 'selinux'  file=crates/trident/src/engine/mod.rs line=340 module="trident::engine"
DEBU[0048] [REMOTE trident::engine] Finished step 'Provision'  file=crates/trident/src/engine/mod.rs line=363 module="trident::engine"
DEBU[0048] [REMOTE trident::engine::clean_install] Entering '/mnt/newroot' chroot  file=crates/trident/src/engine/clean_install.rs line=230 module="trident::engine::clean_install"
DEBU[0048] [REMOTE osutils::chroot] Mounting special directories  file=crates/osutils/src/chroot.rs line=36 module="osutils::chroot"
DEBU[0048] [REMOTE osutils::chroot] Entering chroot  file=crates/osutils/src/chroot.rs line=51 module="osutils::chroot"
INFO[0048] [REMOTE trident::engine] Starting step 'Configure'  file=crates/trident/src/engine/mod.rs line=378 module="trident::engine"
DEBU[0048] [REMOTE trident::engine] Starting step 'Configure' for subsystem 'mos-config'  file=crates/trident/src/engine/mod.rs line=381 module="trident::engine"
DEBU[0048] [REMOTE trident::engine] Starting step 'Configure' for subsystem 'esp'  file=crates/trident/src/engine/mod.rs line=381 module="trident::engine"
DEBU[0048] [REMOTE trident::engine] Starting step 'Configure' for subsystem 'storage'  file=crates/trident/src/engine/mod.rs line=381 module="trident::engine"
DEBU[0048] [REMOTE trident::engine] Starting step 'Configure' for subsystem 'boot'  file=crates/trident/src/engine/mod.rs line=381 module="trident::engine"
INFO[0048] [REMOTE trident::engine::boot::grub] Disabling default cloud-init network config  file=crates/trident/src/engine/boot/grub.rs line=98 module="trident::engine::boot::grub"
DEBU[0048] [REMOTE osutils::grub_mkconfig] Writing grub-mkconfig script to '/etc/default/grub.d/prefer-netplan.cfg'  file=crates/osutils/src/grub_mkconfig.rs line=104 module="osutils::grub_mkconfig"
DEBU[0048] [REMOTE trident::engine::boot::grub] Updating GRUB config for Azure Linux 3.0 with OS modifier  file=crates/trident/src/engine/boot/grub.rs line=106 module="trident::engine::boot::grub"
INFO[0048] [REMOTE osmodifier] Syncing grub.cfg values to /etc/default/grub  file=crates/osmodifier/src/lib.rs line=135 module=osmodifier
DEBU[0048] [REMOTE osmodifier::grub_cfg] Found linux line: /boot/vmlinuz-6.6.143.1-1.azl3 root=UUID=c2446a75-a58a-4342-b3be-053cdfa843c8 ro    security=selinux selinux=1  rd.auto=1 net.ifnames=0 lockdown=integrity  console=tty0 console=ttyS0 rd.info log_buf_len=1M $kernelopts  file=crates/osmodifier/src/grub_cfg.rs line=48 module="osmodifier::grub_cfg"
DEBU[0048] [REMOTE osmodifier::default_grub] Reading default grub from '/etc/default/grub'  file=crates/osmodifier/src/default_grub.rs line=32 module="osmodifier::default_grub"
DEBU[0048] [REMOTE osmodifier::default_grub] Writing default grub to '/etc/default/grub'  file=crates/osmodifier/src/default_grub.rs line=48 module="osmodifier::default_grub"
INFO[0048] [REMOTE osmodifier::grub_cfg] Running grub2-mkconfig -o '/boot/grub2/grub.cfg'  file=crates/osmodifier/src/grub_cfg.rs line=237 module="osmodifier::grub_cfg"
DEBU[0049] [REMOTE osmodifier::grub_cfg] grub2-mkconfig completed successfully  file=crates/osmodifier/src/grub_cfg.rs line=246 module="osmodifier::grub_cfg"
INFO[0049] [REMOTE osmodifier] Successfully updated default grub  file=crates/osmodifier/src/lib.rs line=153 module=osmodifier
INFO[0049] [REMOTE osmodifier] Applying boot configuration modifications  file=crates/osmodifier/src/lib.rs line=164 module=osmodifier
DEBU[0049] [REMOTE osmodifier::default_grub] Reading default grub from '/etc/default/grub'  file=crates/osmodifier/src/default_grub.rs line=32 module="osmodifier::default_grub"
DEBU[0049] [REMOTE osmodifier] Updating SELinux in boot config  file=crates/osmodifier/src/lib.rs line=171 module=osmodifier
DEBU[0049] [REMOTE osmodifier::selinux] Updating SELinux config at '/etc/selinux/config' to 'enforcing'  file=crates/osmodifier/src/selinux.rs line=68 module="osmodifier::selinux"
DEBU[0049] [REMOTE osmodifier] Setting root device to '/dev/disk/by-partuuid/e5f3225b-36d5-41c3-b674-97a746505323'  file=crates/osmodifier/src/lib.rs line=221 module=osmodifier
DEBU[0049] [REMOTE osmodifier::default_grub] Writing default grub to '/etc/default/grub'  file=crates/osmodifier/src/default_grub.rs line=48 module="osmodifier::default_grub"
INFO[0049] [REMOTE osmodifier::grub_cfg] Running grub2-mkconfig -o '/boot/grub2/grub.cfg'  file=crates/osmodifier/src/grub_cfg.rs line=237 module="osmodifier::grub_cfg"
DEBU[0050] [REMOTE osmodifier::grub_cfg] grub2-mkconfig completed successfully  file=crates/osmodifier/src/grub_cfg.rs line=246 module="osmodifier::grub_cfg"
DEBU[0050] [REMOTE trident::engine::boot::grub] Finished updating GRUB config for Azure Linux 3.0 with OS modifier  file=crates/trident/src/engine/boot/grub.rs line=225 module="trident::engine::boot::grub"
DEBU[0050] [REMOTE trident::engine::boot::grub] Updating ESP GRUB config at path '/boot/efi/EFI/AZLA/grub.cfg' with UUID 'c2446a75-a58a-4342-b3be-053cdfa843c8'  file=crates/trident/src/engine/boot/grub.rs line=28 module="trident::engine::boot::grub"
DEBU[0050] [REMOTE trident::engine] Starting step 'Configure' for subsystem 'network'  file=crates/trident/src/engine/mod.rs line=381 module="trident::engine"
DEBU[0050] [REMOTE trident::subsystems::network] Configuring network  file=crates/trident/src/subsystems/network.rs line=52 module="trident::subsystems::network"
DEBU[0050] [REMOTE osutils::netplan] Writing netplan config to /etc/netplan/99-trident.yaml  file=crates/osutils/src/netplan.rs line=26 module="osutils::netplan"
DEBU[0050] [REMOTE osutils::netplan] Generating netplan config  file=crates/osutils/src/netplan.rs line=42 module="osutils::netplan"
DEBU[0051] [REMOTE trident::subsystems::network] Disabling cloud-init networking  file=crates/trident/src/subsystems/network.rs line=92 module="trident::subsystems::network"
DEBU[0051] [REMOTE trident::engine] Starting step 'Configure' for subsystem 'os-config'  file=crates/trident/src/engine/mod.rs line=381 module="trident::engine"
DEBU[0051] [REMOTE trident::subsystems::osconfig] Setting up users  file=crates/trident/src/subsystems/osconfig/mod.rs line=198 module="trident::subsystems::osconfig"
DEBU[0051] [REMOTE trident::subsystems::osconfig::users] Setting up sshd config  file=crates/trident/src/subsystems/osconfig/users.rs line=18 module="trident::subsystems::osconfig::users"
DEBU[0051] [REMOTE osmodifier] Applying OS modifications  file=crates/osmodifier/src/lib.rs line=72 module=osmodifier
INFO[0051] [REMOTE osmodifier] Configuring users  file=crates/osmodifier/src/lib.rs line=75 module=osmodifier
INFO[0051] [REMOTE osmodifier::users] Creating user 'testing-user'  file=crates/osmodifier/src/users.rs line=88 module="osmodifier::users"
DEBU[0051] [REMOTE osmodifier::users] Writing 1 SSH key(s) for 'testing-user' to '/home/testing-user/.ssh/authorized_keys'  file=crates/osmodifier/src/users.rs line=407 module="osmodifier::users"
DEBU[0051] [REMOTE trident::engine] Starting step 'Configure' for subsystem 'management'  file=crates/trident/src/engine/mod.rs line=381 module="trident::engine"
DEBU[0051] [REMOTE trident::engine] Starting step 'Configure' for subsystem 'extensions'  file=crates/trident/src/engine/mod.rs line=381 module="trident::engine"
DEBU[0051] [REMOTE trident::subsystems::extensions] Skipping step 'configure' because servicing type is not RuntimeUpdate.  file=crates/trident/src/subsystems/extensions/mod.rs line=171 module="trident::subsystems::extensions"
DEBU[0051] [REMOTE trident::engine] Starting step 'Configure' for subsystem 'hooks'  file=crates/trident/src/engine/mod.rs line=381 module="trident::engine"
DEBU[0051] [REMOTE trident::subsystems::hooks] Adding additional files  file=crates/trident/src/subsystems/hooks.rs line=147 module="trident::subsystems::hooks"
DEBU[0051] [REMOTE trident::subsystems::hooks] Running post-configure scripts  file=crates/trident/src/subsystems/hooks.rs line=193 module="trident::subsystems::hooks"
DEBU[0051] [REMOTE trident::subsystems::hooks] Running script 'testing-privilege' with interpreter '/bin/sh'  file=crates/trident/src/subsystems/hooks.rs line=266 module="trident::subsystems::hooks"
INFO[0051] [REMOTE trident::subsystems::hooks] Script 'testing-privilege' executed successfully  file=crates/trident/src/subsystems/hooks.rs line=344 module="trident::subsystems::hooks"
DEBU[0051] [REMOTE trident::subsystems::hooks] Script 'testing-privilege' produced no output  file=crates/trident/src/subsystems/hooks.rs line=346 module="trident::subsystems::hooks"
DEBU[0051] [REMOTE trident::engine] Starting step 'Configure' for subsystem 'initrd'  file=crates/trident/src/engine/mod.rs line=381 module="trident::engine"
INFO[0051] [REMOTE trident::subsystems::initrd] Regenerating initrd  file=crates/trident/src/subsystems/initrd.rs line=37 module="trident::subsystems::initrd"
DEBU[0051] [REMOTE osutils::mkinitrd] Triggering udev rescan before initrd regeneration  file=crates/osutils/src/mkinitrd.rs line=56 module="osutils::mkinitrd"
DEBU[0061] [REMOTE trident::engine] Starting step 'Configure' for subsystem 'selinux'  file=crates/trident/src/engine/mod.rs line=381 module="trident::engine"
DEBU[0070] [REMOTE trident::engine] Finished step 'Configure'  file=crates/trident/src/engine/mod.rs line=405 module="trident::engine"
DEBU[0070] [REMOTE osutils::chroot] Exited chroot. Unmounting special directories  file=crates/osutils/src/chroot.rs line=91 module="osutils::chroot"
INFO[0070] [REMOTE trident::engine] Starting step 'Update Host Configuration'  file=crates/trident/src/engine/mod.rs line=414 module="trident::engine"
DEBU[0070] [REMOTE trident::engine] Starting step 'Update Host Configuration' for subsystem 'mos-config'  file=crates/trident/src/engine/mod.rs line=417 module="trident::engine"
DEBU[0070] [REMOTE trident::engine] Starting step 'Update Host Configuration' for subsystem 'esp'  file=crates/trident/src/engine/mod.rs line=417 module="trident::engine"
DEBU[0070] [REMOTE trident::engine] Starting step 'Update Host Configuration' for subsystem 'storage'  file=crates/trident/src/engine/mod.rs line=417 module="trident::engine"
DEBU[0070] [REMOTE trident::engine] Starting step 'Update Host Configuration' for subsystem 'boot'  file=crates/trident/src/engine/mod.rs line=417 module="trident::engine"
DEBU[0070] [REMOTE trident::engine] Starting step 'Update Host Configuration' for subsystem 'network'  file=crates/trident/src/engine/mod.rs line=417 module="trident::engine"
DEBU[0070] [REMOTE trident::engine] Starting step 'Update Host Configuration' for subsystem 'os-config'  file=crates/trident/src/engine/mod.rs line=417 module="trident::engine"
DEBU[0070] [REMOTE trident::engine] Starting step 'Update Host Configuration' for subsystem 'management'  file=crates/trident/src/engine/mod.rs line=417 module="trident::engine"
DEBU[0070] [REMOTE trident::engine] Starting step 'Update Host Configuration' for subsystem 'extensions'  file=crates/trident/src/engine/mod.rs line=417 module="trident::engine"
DEBU[0070] [REMOTE trident::engine] Starting step 'Update Host Configuration' for subsystem 'hooks'  file=crates/trident/src/engine/mod.rs line=417 module="trident::engine"
DEBU[0070] [REMOTE trident::engine] Starting step 'Update Host Configuration' for subsystem 'initrd'  file=crates/trident/src/engine/mod.rs line=417 module="trident::engine"
DEBU[0070] [REMOTE trident::engine] Starting step 'Update Host Configuration' for subsystem 'selinux'  file=crates/trident/src/engine/mod.rs line=417 module="trident::engine"
DEBU[0070] [REMOTE trident::engine] Finished step 'Update Host Configuration'  file=crates/trident/src/engine/mod.rs line=432 module="trident::engine"
INFO[0070] [REMOTE trident::engine] Starting step 'Clean Up'  file=crates/trident/src/engine/mod.rs line=437 module="trident::engine"
DEBU[0070] [REMOTE trident::engine] Starting step 'Clean Up' for subsystem 'mos-config'  file=crates/trident/src/engine/mod.rs line=440 module="trident::engine"
DEBU[0070] [REMOTE trident::engine] Starting step 'Clean Up' for subsystem 'esp'  file=crates/trident/src/engine/mod.rs line=440 module="trident::engine"
DEBU[0070] [REMOTE trident::engine] Starting step 'Clean Up' for subsystem 'storage'  file=crates/trident/src/engine/mod.rs line=440 module="trident::engine"
DEBU[0070] [REMOTE trident::engine] Starting step 'Clean Up' for subsystem 'boot'  file=crates/trident/src/engine/mod.rs line=440 module="trident::engine"
DEBU[0070] [REMOTE trident::engine] Starting step 'Clean Up' for subsystem 'network'  file=crates/trident/src/engine/mod.rs line=440 module="trident::engine"
DEBU[0070] [REMOTE trident::engine] Starting step 'Clean Up' for subsystem 'os-config'  file=crates/trident/src/engine/mod.rs line=440 module="trident::engine"
DEBU[0070] [REMOTE trident::engine] Starting step 'Clean Up' for subsystem 'management'  file=crates/trident/src/engine/mod.rs line=440 module="trident::engine"
DEBU[0070] [REMOTE trident::engine] Starting step 'Clean Up' for subsystem 'extensions'  file=crates/trident/src/engine/mod.rs line=440 module="trident::engine"
DEBU[0070] [REMOTE trident::subsystems::extensions] Skipping step 'clean up' because servicing type is not RuntimeUpdate.  file=crates/trident/src/subsystems/extensions/mod.rs line=263 module="trident::subsystems::extensions"
DEBU[0070] [REMOTE trident::engine] Starting step 'Clean Up' for subsystem 'hooks'  file=crates/trident/src/engine/mod.rs line=440 module="trident::engine"
DEBU[0070] [REMOTE trident::engine] Starting step 'Clean Up' for subsystem 'initrd'  file=crates/trident/src/engine/mod.rs line=440 module="trident::engine"
DEBU[0070] [REMOTE trident::engine] Starting step 'Clean Up' for subsystem 'selinux'  file=crates/trident/src/engine/mod.rs line=440 module="trident::engine"
DEBU[0070] [REMOTE trident::engine] Finished step 'Clean Up'  file=crates/trident/src/engine/mod.rs line=455 module="trident::engine"
DEBU[0070] [REMOTE trident::engine::clean_install] Updating host's servicing state to 'CleanInstallStaged'  file=crates/trident/src/engine/clean_install.rs line=257 module="trident::engine::clean_install"
INFO[0070] [REMOTE trident::engine::clean_install] Staging of clean install succeeded  file=crates/trident/src/engine/clean_install.rs line=276 module="trident::engine::clean_install"
INFO[0070] [REMOTE trident::engine::clean_install] Finalizing clean install  file=crates/trident/src/engine/clean_install.rs line=291 module="trident::engine::clean_install"
DEBU[0070] [REMOTE trident::engine] Rebuilding storage graph for engine context  file=crates/trident/src/engine/mod.rs line=463 module="trident::engine"
DEBU[0070] [REMOTE trident::engine::bootentries] Found disk for ESP partition 'esp' with device path '/dev/sda'  file=crates/trident/src/engine/bootentries.rs line=561 module="trident::engine::bootentries"
DEBU[0070] [REMOTE trident::engine::bootentries] The disk path of the first ESP partition is "/dev/sda", and the partition UUID path is "/dev/disk/by-partuuid/a4a22bb1-c145-4c4f-891e-3775a3afe4c3"  file=crates/trident/src/engine/bootentries.rs line=444 module="trident::engine::bootentries"
DEBU[0070] [REMOTE trident::engine::bootentries] ESP partition number: 1  file=crates/trident/src/engine/bootentries.rs line=456 module="trident::engine::bootentries"
DEBU[0070] [REMOTE trident::engine::bootentries] Added boot entry '0003' with label 'AZLA'  file=crates/trident/src/engine/bootentries.rs line=472 module="trident::engine::bootentries"
DEBU[0070] [REMOTE trident::engine::bootentries] Set `BootNext` to newly added first entry '0003'  file=crates/trident/src/engine/bootentries.rs line=144 module="trident::engine::bootentries"
DEBU[0070] [REMOTE trident::subsystems::esp] Configuring UEFI fallback for servicing state CleanInstallStaged using source ESP dir 'AZLA'  file=crates/trident/src/subsystems/esp.rs line=81 module="trident::subsystems::esp"
DEBU[0070] [REMOTE trident::subsystems::esp] Copying files during CleanInstall from '/mnt/newroot/boot/efi/EFI/AZLA' to '/mnt/newroot/boot/efi/EFI/BOOT'  file=crates/trident/src/subsystems/esp.rs line=458 module="trident::subsystems::esp"
DEBU[0070] [REMOTE trident::engine::clean_install] Updating host's servicing state to 'CleanInstallFinalized'  file=crates/trident/src/engine/clean_install.rs line=330 module="trident::engine::clean_install"
DEBU[0070] [REMOTE trident::engine] Persisting Trident background log from '/var/log/trident-full.log' to '/mnt/newroot/var/lib/trident/trident-CleanInstallFinalized-20260727T213314Z.log'   file=crates/trident/src/engine/mod.rs line=204 module="trident::engine"
DEBU[0070] [REMOTE trident::engine] Persisting Trident metrics from '/var/log/trident-metrics.jsonl' to '/mnt/newroot/var/lib/trident/trident-metrics-CleanInstallFinalized-20260727T213314Z.jsonl'   file=crates/trident/src/engine/mod.rs line=217 module="trident::engine"
DEBU[0070] [REMOTE trident::engine] Successfully persisted Trident background log from '/var/log/trident-full.log' to '/mnt/newroot/var/lib/trident/trident-CleanInstallFinalized-20260727T213314Z.log'  file=crates/trident/src/engine/mod.rs line=232 module="trident::engine"
DEBU[0070] [REMOTE trident::engine] Successfully persisted Trident metrics from '/var/log/trident-metrics.jsonl' to '/mnt/newroot/var/lib/trident/trident-metrics-CleanInstallFinalized-20260727T213314Z.jsonl'   file=crates/trident/src/engine/mod.rs line=248 module="trident::engine"
DEBU[0070] [REMOTE trident::engine::newroot] Unmounting newroot at '/mnt/newroot'  file=crates/trident/src/engine/newroot.rs line=138 module="trident::engine::newroot"
DEBU[0070] [REMOTE trident::engine::newroot] Unmounting '/mnt/newroot/run'  file=crates/trident/src/engine/newroot.rs line=112 module="trident::engine::newroot"
DEBU[0070] [REMOTE trident::engine::newroot] Unmounting '/mnt/newroot/tmp'  file=crates/trident/src/engine/newroot.rs line=112 module="trident::engine::newroot"
DEBU[0070] [REMOTE trident::engine::newroot] Unmounting '/mnt/newroot/boot/efi'  file=crates/trident/src/engine/newroot.rs line=112 module="trident::engine::newroot"
DEBU[0070] [REMOTE trident::engine::newroot] Unmounting '/mnt/newroot/'  file=crates/trident/src/engine/newroot.rs line=112 module="trident::engine::newroot"
DEBU[0070] [REMOTE osutils::installation_media] Live media boot detected  file=crates/osutils/src/installation_media.rs line=29 module="osutils::installation_media"
INFO[0070] [REMOTE osutils::installation_media] Please remove the installation media when the system reboots  file=crates/osutils/src/installation_media.rs line=57 module="osutils::installation_media"
INFO[0070] [REMOTE trident::reboot] Syncing filesystem  file=crates/trident/src/reboot.rs line=25 module="trident::reboot"
DEBU[0070] [REMOTE trident::reboot] Requesting reboot  file=crates/trident/src/reboot.rs line=36 module="trident::reboot"
INFO[0070] [REMOTE trident::reboot] Rebooting system  file=crates/trident/src/reboot.rs line=44 module="trident::reboot"
DEBU[0084] [REMOTE trident::orchestrate] Reporting status to orchestrator at http://10.91.162.60:4000/phonehome, attempt connection for 60 seconds  file=crates/trident/src/orchestrate.rs line=37 module="trident::orchestrate"
INFO[0084] Trident connected from 192.168.242.2:41270   
INFO[0084] Trident started (connection attempt 0)        host_status= state=started
DEBU[0084] [REMOTE trident::orchestrate] Connected to orchestrator  file=crates/trident/src/orchestrate.rs line=61 module="trident::orchestrate"
INFO[0084] [REMOTE trident] Running Trident version: 0.26.0-2026071402.v44567e0  file=crates/trident/src/lib.rs line=206 module=trident
DEBU[0084] [REMOTE trident] Trident is running in SELinux domain 'system_u:system_r:trident_t:s0 '  file=crates/trident/src/lib.rs line=217 module=trident
DEBU[0084] [REMOTE trident::datastore] Loading datastore from /var/lib/trident/datastore.sqlite  file=crates/trident/src/datastore.rs line=39 module="trident::datastore"
DEBU[0084] [REMOTE trident] Execute and record error with servicing state: CleanInstallFinalized and last error: None  file=crates/trident/src/lib.rs line=300 module=trident
INFO[0084] [REMOTE trident::engine::rollback] Validating whether host correctly booted from target OS image  file=crates/trident/src/engine/rollback.rs line=46 module="trident::engine::rollback"
DEBU[0084] [REMOTE trident::engine] Rebuilding storage graph for engine context  file=crates/trident/src/engine/mod.rs line=463 module="trident::engine"
DEBU[0084] [REMOTE osutils::block_devices] Not running inside a container. Using default root mount path '/'  file=crates/osutils/src/block_devices.rs line=179 module="osutils::block_devices"
INFO[0084] [REMOTE trident::engine::rollback] Current root device path: '/dev/sda2' ('/dev/disk/by-partuuid/e5f3225b-36d5-41c3-b674-97a746505323')  file=crates/trident/src/engine/rollback.rs line=431 module="trident::engine::rollback"
INFO[0084] [REMOTE trident::engine::rollback] Expected root device path: '/dev/sda2' ('/dev/disk/by-partuuid/e5f3225b-36d5-41c3-b674-97a746505323')  file=crates/trident/src/engine/rollback.rs line=505 module="trident::engine::rollback"
INFO[0084] [REMOTE trident::engine::rollback] Host booted from expected root device '/dev/sda2'  file=crates/trident/src/engine/rollback.rs line=564 module="trident::engine::rollback"
INFO[0084] [REMOTE trident::engine::rollback] Host successfully booted from target OS image  file=crates/trident/src/engine/rollback.rs line=113 module="trident::engine::rollback"
DEBU[0084] [REMOTE trident::health] Running health check(s)  file=crates/trident/src/health/mod.rs line=38 module="trident::health"
DEBU[0084] [REMOTE trident::subsystems::hooks] Running script 'invoke-rollback-from-local-script' with interpreter '/bin/sh'  file=crates/trident/src/subsystems/hooks.rs line=266 module="trident::subsystems::hooks"
DEBU[0084] [REMOTE trident::health] Checking status of systemd service(s) 'non-existent-service1.service non-existent-service2.service'  file=crates/trident/src/health/mod.rs line=119 module="trident::health"
DEBU[0084] [REMOTE trident::subsystems::hooks] Running script 'invoke-rollback-from-script' with interpreter '/bin/sh'  file=crates/trident/src/subsystems/hooks.rs line=266 module="trident::subsystems::hooks"
INFO[0084] [REMOTE trident::subsystems::hooks] Script 'invoke-rollback-from-local-script' executed successfully  file=crates/trident/src/subsystems/hooks.rs line=344 module="trident::subsystems::hooks"
DEBU[0084] [REMOTE trident::subsystems::hooks] Script 'invoke-rollback-from-local-script':
stdout:
This is a local health check script.
  file=crates/trident/src/subsystems/hooks.rs line=348 module="trident::subsystems::hooks"
INFO[0084] [REMOTE trident::health] Service(s) 'non-existent-service1.service non-existent-service2.service' are not active/running: Dependency 'systemctl' finished unsuccessfully: exited with status: 4
Cmdline: systemctl status non-existent-service1.service non-existent-service2.service
stderr:
Unit non-existent-service1.service could not be found.
Unit non-existent-service2.service could not be found.
  file=crates/trident/src/health/mod.rs line=138 module="trident::health"
INFO[0085] [REMOTE trident::health] Service(s) 'non-existent-service1.service non-existent-service2.service' are not active/running: Dependency 'systemctl' finished unsuccessfully: exited with status: 4
Cmdline: systemctl status non-existent-service1.service non-existent-service2.service
stderr:
Unit non-existent-service1.service could not be found.
Unit non-existent-service2.service could not be found.
  file=crates/trident/src/health/mod.rs line=138 module="trident::health"
INFO[0085] [REMOTE trident::health] Service(s) 'non-existent-service1.service non-existent-service2.service' are not active/running: Dependency 'systemctl' finished unsuccessfully: exited with status: 4
Cmdline: systemctl status non-existent-service1.service non-existent-service2.service
stderr:
Unit non-existent-service1.service could not be found.
Unit non-existent-service2.service could not be found.
  file=crates/trident/src/health/mod.rs line=138 module="trident::health"
INFO[0085] [REMOTE trident::health] Service(s) 'non-existent-service1.service non-existent-service2.service' are not active/running: Dependency 'systemctl' finished unsuccessfully: exited with status: 4
Cmdline: systemctl status non-existent-service1.service non-existent-service2.service
stderr:
Unit non-existent-service1.service could not be found.
Unit non-existent-service2.service could not be found.
  file=crates/trident/src/health/mod.rs line=138 module="trident::health"
INFO[0085] [REMOTE trident::health] Service(s) 'non-existent-service1.service non-existent-service2.service' are not active/running: Dependency 'systemctl' finished unsuccessfully: exited with status: 4
Cmdline: systemctl status non-existent-service1.service non-existent-service2.service
stderr:
Unit non-existent-service1.service could not be found.
Unit non-existent-service2.service could not be found.
  file=crates/trident/src/health/mod.rs line=138 module="trident::health"
INFO[0085] [REMOTE trident::health] Service(s) 'non-existent-service1.service non-existent-service2.service' are not active/running: Dependency 'systemctl' finished unsuccessfully: exited with status: 4
Cmdline: systemctl status non-existent-service1.service non-existent-service2.service
stderr:
Unit non-existent-service1.service could not be found.
Unit non-existent-service2.service could not be found.
  file=crates/trident/src/health/mod.rs line=138 module="trident::health"
INFO[0085] [REMOTE trident::health] Service(s) 'non-existent-service1.service non-existent-service2.service' are not active/running: Dependency 'systemctl' finished unsuccessfully: exited with status: 4
Cmdline: systemctl status non-existent-service1.service non-existent-service2.service
stderr:
Unit non-existent-service1.service could not be found.
Unit non-existent-service2.service could not be found.
  file=crates/trident/src/health/mod.rs line=138 module="trident::health"
INFO[0085] [REMOTE trident::health] Service(s) 'non-existent-service1.service non-existent-service2.service' are not active/running: Dependency 'systemctl' finished unsuccessfully: exited with status: 4
Cmdline: systemctl status non-existent-service1.service non-existent-service2.service
stderr:
Unit non-existent-service1.service could not be found.
Unit non-existent-service2.service could not be found.
  file=crates/trident/src/health/mod.rs line=138 module="trident::health"
INFO[0085] [REMOTE trident::health] Service(s) 'non-existent-service1.service non-existent-service2.service' are not active/running: Dependency 'systemctl' finished unsuccessfully: exited with status: 4
Cmdline: systemctl status non-existent-service1.service non-existent-service2.service
stderr:
Unit non-existent-service1.service could not be found.
Unit non-existent-service2.service could not be found.
  file=crates/trident/src/health/mod.rs line=138 module="trident::health"
INFO[0086] [REMOTE trident::health] Service(s) 'non-existent-service1.service non-existent-service2.service' are not active/running: Dependency 'systemctl' finished unsuccessfully: exited with status: 4
Cmdline: systemctl status non-existent-service1.service non-existent-service2.service
stderr:
Unit non-existent-service1.service could not be found.
Unit non-existent-service2.service could not be found.
  file=crates/trident/src/health/mod.rs line=138 module="trident::health"
INFO[0086] [REMOTE trident::health] Service(s) 'non-existent-service1.service non-existent-service2.service' are not active/running: Dependency 'systemctl' finished unsuccessfully: exited with status: 4
Cmdline: systemctl status non-existent-service1.service non-existent-service2.service
stderr:
Unit non-existent-service1.service could not be found.
Unit non-existent-service2.service could not be found.
  file=crates/trident/src/health/mod.rs line=138 module="trident::health"
INFO[0086] [REMOTE trident::health] Service(s) 'non-existent-service1.service non-existent-service2.service' are not active/running: Dependency 'systemctl' finished unsuccessfully: exited with status: 4
Cmdline: systemctl status non-existent-service1.service non-existent-service2.service
stderr:
Unit non-existent-service1.service could not be found.
Unit non-existent-service2.service could not be found.
  file=crates/trident/src/health/mod.rs line=138 module="trident::health"
INFO[0086] [REMOTE trident::health] Service(s) 'non-existent-service1.service non-existent-service2.service' are not active/running: Dependency 'systemctl' finished unsuccessfully: exited with status: 4
Cmdline: systemctl status non-existent-service1.service non-existent-service2.service
stderr:
Unit non-existent-service1.service could not be found.
Unit non-existent-service2.service could not be found.
  file=crates/trident/src/health/mod.rs line=138 module="trident::health"
INFO[0086] [REMOTE trident::health] Service(s) 'non-existent-service1.service non-existent-service2.service' are not active/running: Dependency 'systemctl' finished unsuccessfully: exited with status: 4
Cmdline: systemctl status non-existent-service1.service non-existent-service2.service
stderr:
Unit non-existent-service1.service could not be found.
Unit non-existent-service2.service could not be found.
  file=crates/trident/src/health/mod.rs line=138 module="trident::health"
INFO[0086] [REMOTE trident::health] Service(s) 'non-existent-service1.service non-existent-service2.service' are not active/running: Dependency 'systemctl' finished unsuccessfully: exited with status: 4
Cmdline: systemctl status non-existent-service1.service non-existent-service2.service
stderr:
Unit non-existent-service1.service could not be found.
Unit non-existent-service2.service could not be found.
  file=crates/trident/src/health/mod.rs line=138 module="trident::health"
INFO[0086] [REMOTE trident::health] Service(s) 'non-existent-service1.service non-existent-service2.service' are not active/running: Dependency 'systemctl' finished unsuccessfully: exited with status: 4
Cmdline: systemctl status non-existent-service1.service non-existent-service2.service
stderr:
Unit non-existent-service1.service could not be found.
Unit non-existent-service2.service could not be found.
  file=crates/trident/src/health/mod.rs line=138 module="trident::health"
INFO[0086] [REMOTE trident::health] Service(s) 'non-existent-service1.service non-existent-service2.service' are not active/running: Dependency 'systemctl' finished unsuccessfully: exited with status: 4
Cmdline: systemctl status non-existent-service1.service non-existent-service2.service
stderr:
Unit non-existent-service1.service could not be found.
Unit non-existent-service2.service could not be found.
  file=crates/trident/src/health/mod.rs line=138 module="trident::health"
INFO[0087] [REMOTE trident::health] Service(s) 'non-existent-service1.service non-existent-service2.service' are not active/running: Dependency 'systemctl' finished unsuccessfully: exited with status: 4
Cmdline: systemctl status non-existent-service1.service non-existent-service2.service
stderr:
Unit non-existent-service1.service could not be found.
Unit non-existent-service2.service could not be found.
  file=crates/trident/src/health/mod.rs line=138 module="trident::health"
INFO[0087] [REMOTE trident::health] Service(s) 'non-existent-service1.service non-existent-service2.service' are not active/running: Dependency 'systemctl' finished unsuccessfully: exited with status: 4
Cmdline: systemctl status non-existent-service1.service non-existent-service2.service
stderr:
Unit non-existent-service1.service could not be found.
Unit non-existent-service2.service could not be found.
  file=crates/trident/src/health/mod.rs line=138 module="trident::health"
INFO[0087] [REMOTE trident::health] Service(s) 'non-existent-service1.service non-existent-service2.service' are not active/running: Dependency 'systemctl' finished unsuccessfully: exited with status: 4
Cmdline: systemctl status non-existent-service1.service non-existent-service2.service
stderr:
Unit non-existent-service1.service could not be found.
Unit non-existent-service2.service could not be found.
  file=crates/trident/src/health/mod.rs line=138 module="trident::health"
INFO[0087] [REMOTE trident::health] Service(s) 'non-existent-service1.service non-existent-service2.service' are not active/running: Dependency 'systemctl' finished unsuccessfully: exited with status: 4
Cmdline: systemctl status non-existent-service1.service non-existent-service2.service
stderr:
Unit non-existent-service1.service could not be found.
Unit non-existent-service2.service could not be found.
  file=crates/trident/src/health/mod.rs line=138 module="trident::health"
INFO[0087] [REMOTE trident::health] Service(s) 'non-existent-service1.service non-existent-service2.service' are not active/running: Dependency 'systemctl' finished unsuccessfully: exited with status: 4
Cmdline: systemctl status non-existent-service1.service non-existent-service2.service
stderr:
Unit non-existent-service1.service could not be found.
Unit non-existent-service2.service could not be found.
  file=crates/trident/src/health/mod.rs line=138 module="trident::health"
INFO[0087] [REMOTE trident::health] Service(s) 'non-existent-service1.service non-existent-service2.service' are not active/running: Dependency 'systemctl' finished unsuccessfully: exited with status: 4
Cmdline: systemctl status non-existent-service1.service non-existent-service2.service
stderr:
Unit non-existent-service1.service could not be found.
Unit non-existent-service2.service could not be found.
  file=crates/trident/src/health/mod.rs line=138 module="trident::health"
INFO[0087] [REMOTE trident::health] Service(s) 'non-existent-service1.service non-existent-service2.service' are not active/running: Dependency 'systemctl' finished unsuccessfully: exited with status: 4
Cmdline: systemctl status non-existent-service1.service non-existent-service2.service
stderr:
Unit non-existent-service1.service could not be found.
Unit non-existent-service2.service could not be found.
  file=crates/trident/src/health/mod.rs line=138 module="trident::health"
INFO[0087] [REMOTE trident::health] Service(s) 'non-existent-service1.service non-existent-service2.service' are not active/running: Dependency 'systemctl' finished unsuccessfully: exited with status: 4
Cmdline: systemctl status non-existent-service1.service non-existent-service2.service
stderr:
Unit non-existent-service1.service could not be found.
Unit non-existent-service2.service could not be found.
  file=crates/trident/src/health/mod.rs line=138 module="trident::health"
INFO[0087] [REMOTE trident::health] Service(s) 'non-existent-service1.service non-existent-service2.service' are not active/running: Dependency 'systemctl' finished unsuccessfully: exited with status: 4
Cmdline: systemctl status non-existent-service1.service non-existent-service2.service
stderr:
Unit non-existent-service1.service could not be found.
Unit non-existent-service2.service could not be found.
  file=crates/trident/src/health/mod.rs line=138 module="trident::health"
INFO[0088] [REMOTE trident::health] Service(s) 'non-existent-service1.service non-existent-service2.service' are not active/running: Dependency 'systemctl' finished unsuccessfully: exited with status: 4
Cmdline: systemctl status non-existent-service1.service non-existent-service2.service
stderr:
Unit non-existent-service1.service could not be found.
Unit non-existent-service2.service could not be found.
  file=crates/trident/src/health/mod.rs line=138 module="trident::health"
INFO[0088] [REMOTE trident::health] Service(s) 'non-existent-service1.service non-existent-service2.service' are not active/running: Dependency 'systemctl' finished unsuccessfully: exited with status: 4
Cmdline: systemctl status non-existent-service1.service non-existent-service2.service
stderr:
Unit non-existent-service1.service could not be found.
Unit non-existent-service2.service could not be found.
  file=crates/trident/src/health/mod.rs line=138 module="trident::health"
INFO[0088] [REMOTE trident::health] Service(s) 'non-existent-service1.service non-existent-service2.service' are not active/running: Dependency 'systemctl' finished unsuccessfully: exited with status: 4
Cmdline: systemctl status non-existent-service1.service non-existent-service2.service
stderr:
Unit non-existent-service1.service could not be found.
Unit non-existent-service2.service could not be found.
  file=crates/trident/src/health/mod.rs line=138 module="trident::health"
INFO[0088] [REMOTE trident::health] Service(s) 'non-existent-service1.service non-existent-service2.service' are not active/running: Dependency 'systemctl' finished unsuccessfully: exited with status: 4
[...]
Cmdline: systemctl status non-existent-service1.service non-existent-service2.service
stderr:
Unit non-existent-service1.service could not be found.
Unit non-existent-service2.service could not be found.
  file=crates/trident/src/health/mod.rs line=138 module="trident::health"
INFO[0098] [REMOTE trident::health] Service(s) 'non-existent-service1.service non-existent-service2.service' are not active/running: Dependency 'systemctl' finished unsuccessfully: exited with status: 4
Cmdline: systemctl status non-existent-service1.service non-existent-service2.service
stderr:
Unit non-existent-service1.service could not be found.
Unit non-existent-service2.service could not be found.
  file=crates/trident/src/health/mod.rs line=138 module="trident::health"
INFO[0098] [REMOTE trident::health] Service(s) 'non-existent-service1.service non-existent-service2.service' are not active/running: Dependency 'systemctl' finished unsuccessfully: exited with status: 4
Cmdline: systemctl status non-existent-service1.service non-existent-service2.service
stderr:
Unit non-existent-service1.service could not be found.
Unit non-existent-service2.service could not be found.
  file=crates/trident/src/health/mod.rs line=138 module="trident::health"
INFO[0098] [REMOTE trident::health] Service(s) 'non-existent-service1.service non-existent-service2.service' are not active/running: Dependency 'systemctl' finished unsuccessfully: exited with status: 4
Cmdline: systemctl status non-existent-service1.service non-existent-service2.service
stderr:
Unit non-existent-service1.service could not be found.
Unit non-existent-service2.service could not be found.
  file=crates/trident/src/health/mod.rs line=138 module="trident::health"
INFO[0098] [REMOTE trident::health] Service(s) 'non-existent-service1.service non-existent-service2.service' are not active/running: Dependency 'systemctl' finished unsuccessfully: exited with status: 4
Cmdline: systemctl status non-existent-service1.service non-existent-service2.service
stderr:
Unit non-existent-service1.service could not be found.
Unit non-existent-service2.service could not be found.
  file=crates/trident/src/health/mod.rs line=138 module="trident::health"
INFO[0098] [REMOTE trident::health] Service(s) 'non-existent-service1.service non-existent-service2.service' are not active/running: Dependency 'systemctl' finished unsuccessfully: exited with status: 4
Cmdline: systemctl status non-existent-service1.service non-existent-service2.service
stderr:
Unit non-existent-service1.service could not be found.
Unit non-existent-service2.service could not be found.
  file=crates/trident/src/health/mod.rs line=138 module="trident::health"
INFO[0098] [REMOTE trident::health] Service(s) 'non-existent-service1.service non-existent-service2.service' are not active/running: Dependency 'systemctl' finished unsuccessfully: exited with status: 4
Cmdline: systemctl status non-existent-service1.service non-existent-service2.service
stderr:
Unit non-existent-service1.service could not be found.
Unit non-existent-service2.service could not be found.
  file=crates/trident/src/health/mod.rs line=138 module="trident::health"
INFO[0098] [REMOTE trident::health] Service(s) 'non-existent-service1.service non-existent-service2.service' are not active/running: Dependency 'systemctl' finished unsuccessfully: exited with status: 4
Cmdline: systemctl status non-existent-service1.service non-existent-service2.service
stderr:
Unit non-existent-service1.service could not be found.
Unit non-existent-service2.service could not be found.
  file=crates/trident/src/health/mod.rs line=138 module="trident::health"
INFO[0098] [REMOTE trident::health] Service(s) 'non-existent-service1.service non-existent-service2.service' are not active/running: Dependency 'systemctl' finished unsuccessfully: exited with status: 4
Cmdline: systemctl status non-existent-service1.service non-existent-service2.service
stderr:
Unit non-existent-service1.service could not be found.
Unit non-existent-service2.service could not be found.
  file=crates/trident/src/health/mod.rs line=138 module="trident::health"
INFO[0098] [REMOTE trident::health] Service(s) 'non-existent-service1.service non-existent-service2.service' are not active/running: Dependency 'systemctl' finished unsuccessfully: exited with status: 4
Cmdline: systemctl status non-existent-service1.service non-existent-service2.service
stderr:
Unit non-existent-service1.service could not be found.
Unit non-existent-service2.service could not be found.
  file=crates/trident/src/health/mod.rs line=138 module="trident::health"
INFO[0099] [REMOTE trident::health] Service(s) 'non-existent-service1.service non-existent-service2.service' are not active/running: Dependency 'systemctl' finished unsuccessfully: exited with status: 4
Cmdline: systemctl status non-existent-service1.service non-existent-service2.service
stderr:
Unit non-existent-service1.service could not be found.
Unit non-existent-service2.service could not be found.
  file=crates/trident/src/health/mod.rs line=138 module="trident::health"
INFO[0099] [REMOTE trident::health] Service(s) 'non-existent-service1.service non-existent-service2.service' are not active/running: Dependency 'systemctl' finished unsuccessfully: exited with status: 4
Cmdline: systemctl status non-existent-service1.service non-existent-service2.service
stderr:
Unit non-existent-service1.service could not be found.
Unit non-existent-service2.service could not be found.
  file=crates/trident/src/health/mod.rs line=138 module="trident::health"
INFO[0099] [REMOTE trident::health] Service(s) 'non-existent-service1.service non-existent-service2.service' are not active/running: Dependency 'systemctl' finished unsuccessfully: exited with status: 4
Cmdline: systemctl status non-existent-service1.service non-existent-service2.service
stderr:
Unit non-existent-service1.service could not be found.
Unit non-existent-service2.service could not be found.
  file=crates/trident/src/health/mod.rs line=138 module="trident::health"
INFO[0099] [REMOTE trident::health] Service(s) 'non-existent-service1.service non-existent-service2.service' are not active/running: Dependency 'systemctl' finished unsuccessfully: exited with status: 4
Cmdline: systemctl status non-existent-service1.service non-existent-service2.service
stderr:
Unit non-existent-service1.service could not be found.
Unit non-existent-service2.service could not be found.
  file=crates/trident/src/health/mod.rs line=138 module="trident::health"
INFO[0099] [REMOTE trident::health] Service(s) 'non-existent-service1.service non-existent-service2.service' are not active/running: Dependency 'systemctl' finished unsuccessfully: exited with status: 4
Cmdline: systemctl status non-existent-service1.service non-existent-service2.service
stderr:
Unit non-existent-service1.service could not be found.
Unit non-existent-service2.service could not be found.
  file=crates/trident/src/health/mod.rs line=138 module="trident::health"
INFO[0099] [REMOTE trident::health] Service(s) 'non-existent-service1.service non-existent-service2.service' are not active/running: Dependency 'systemctl' finished unsuccessfully: exited with status: 4
Cmdline: systemctl status non-existent-service1.service non-existent-service2.service
stderr:
Unit non-existent-service1.service could not be found.
Unit non-existent-service2.service could not be found.
  file=crates/trident/src/health/mod.rs line=138 module="trident::health"
INFO[0099] [REMOTE trident::health] Service(s) 'non-existent-service1.service non-existent-service2.service' are not active/running: Dependency 'systemctl' finished unsuccessfully: exited with status: 4
Cmdline: systemctl status non-existent-service1.service non-existent-service2.service
stderr:
Unit non-existent-service1.service could not be found.
Unit non-existent-service2.service could not be found.
  file=crates/trident/src/health/mod.rs line=138 module="trident::health"
INFO[0099] [REMOTE trident::health] Service(s) 'non-existent-service1.service non-existent-service2.service' are not active/running: Dependency 'systemctl' finished unsuccessfully: exited with status: 4
Cmdline: systemctl status non-existent-service1.service non-existent-service2.service
stderr:
Unit non-existent-service1.service could not be found.
Unit non-existent-service2.service could not be found.
  file=crates/trident/src/health/mod.rs line=138 module="trident::health"
INFO[0099] [REMOTE trident::health] Service(s) 'non-existent-service1.service non-existent-service2.service' are not active/running: Dependency 'systemctl' finished unsuccessfully: exited with status: 4
Cmdline: systemctl status non-existent-service1.service non-existent-service2.service
stderr:
Unit non-existent-service1.service could not be found.
Unit non-existent-service2.service could not be found.
  file=crates/trident/src/health/mod.rs line=138 module="trident::health"
ERRO[0100] [REMOTE trident::health] Health checks completed with errors:
invoke-rollback-from-script: "Script 'invoke-rollback-from-script' failed\n\nCaused by:\n    0: Script exited with an error\n    1: script exited with status: 1\n    2: (No output was captured)"
install-failure-systemd-check: "Trident failed due to a servicing error\n\nContext:\n    0: Service(s) 'non-existent-service1.service non-existent-service2.service' did not become active/running within 15 seconds: ExecutionFailed { dependency: Systemctl, rendered_command: \"systemctl status non-existent-service1.service non-existent-service2.service\", code: Some(4), signal: None, stdout: \"\", stderr: \"Unit non-existent-service1.service could not be found.\\nUnit non-existent-service2.service could not be found.\\n\", explanation: \"exited with status: 4\", output: \"stderr:\\nUnit non-existent-service1.service could not be found.\\nUnit non-existent-service2.service could not be found.\\n\\n\" } at crates/trident/src/health/mod.rs:149\n"  file=crates/trident/src/health/mod.rs line=95 module="trident::health"
ERRO[0100] [REMOTE trident::engine::rollback] Health check(s) failure: Trident reported failed health checks

Context:
    0: Failed health check(s) during 'CleanInstall': 'invoke-rollback-from-script: "Script 'invoke-rollback-from-script' failed\n\nCaused by:\n    0: Script exited with an error\n    1: script exited with status: 1\n    2: (No output was captured)"
install-failure-systemd-check: "Trident failed due to a servicing error\n\nContext:\n    0: Service(s) 'non-existent-service1.service non-existent-service2.service' did not become active/running within 15 seconds: ExecutionFailed { dependency: Systemctl, rendered_command: \"systemctl status non-existent-service1.service non-existent-service2.service\", code: Some(4), signal: None, stdout: \"\", stderr: \"Unit non-existent-service1.service could not be found.\\nUnit non-existent-service2.service could not be found.\\n\", explanation: \"exited with status: 4\", output: \"stderr:\\nUnit non-existent-service1.service could not be found.\\nUnit non-existent-service2.service could not be found.\\n\\n\" } at crates/trident/src/health/mod.rs:149\n"' at crates/trident/src/health/mod.rs:99  file=crates/trident/src/engine/rollback.rs line=344 module="trident::engine::rollback"
DEBU[0100] [REMOTE trident::engine::rollback] Persisting Trident health check(s) failure to '/var/lib/trident/trident-health-check-failure-20260727T213344Z.log'   file=crates/trident/src/engine/rollback.rs line=371 module="trident::engine::rollback"
DEBU[0100] [REMOTE trident::engine::rollback] Successfully persisted Trident health check(s) failure to '/var/lib/trident/trident-health-check-failure-20260727T213344Z.log'  file=crates/trident/src/engine/rollback.rs line=386 module="trident::engine::rollback"
WARN[0100] [REMOTE trident::logging::tracestream] Event does not have a metric_name field, skipping!  file=/work/crates/trident/src/logging/tracestream.rs line=207 module="trident::logging::tracestream"
INFO[0100] Reported host Status:
spec:
  trident:
    disable: false
    phonehome: http://10.91.162.60:4000/phonehome
    logstream: http://10.91.162.60:4000/logstream
  storage:
    disks:
    - id: os
      device: /dev/disk/by-path/pci-0000:00:1f.2-ata-2
      partitionTableType: gpt
      partitions:
      - id: esp
        type: esp
        size: 1G
        uuid: null
        label: null
      - id: root
        type: root
        size: 8G
        uuid: null
        label: null
    - id: disk2
      device: /dev/disk/by-path/pci-0000:00:1f.2-ata-3
      partitionTableType: gpt
      partitions: []
    filesystems:
    - deviceId: root
      mountPoint:
        path: /
        options: defaults
    - deviceId: esp
      mountPoint:
        path: /boot/efi
        options: umask=0077
  scripts:
    postConfigure:
    - name: testing-privilege
      runOn:
      - clean-install
      content: echo "testing-user ALL=(ALL:ALL) NOPASSWD:ALL" > /etc/sudoers.d/testing-user
  os:
    netplan:
      version: 2
      ethernets:
        vmeths:
          match:
            name: enp*
          dhcp4: true
    selinux:
      mode: enforcing
    users:
    - name: testing-user
      sshPublicKeys:
      - |
        ssh-rsa AAAAB3NzaC1yc2EAAAADAQABAAABAQC6eEGX0ooUhg/UnjuhcEuHD93smcLSQ1vXSULdKNYUEdE/VK01lxTsYA7UKOPUP5izukJYNnBUeRDOWVodk1SDp6X8pERyL7nMCWzh2mgCDwRQhnYE89kFj7jMiqvHDBbUCLcI3JAfD5aFEC35NRYcSHeoizU00IFYwYCADLNpqmQxyhqa+ujGvLR34g9fIJTGbrxFHCkvQy9yntbAUi7m/RtMnWBp+Irbq7C6poviNmsLrD/VUGbwDz5ZyyZyuj1gEAvs8jn4OM5Ula6KBc+Gz42Rj5Diyq3EjjU5tjwbO5uKr5xu3XbJYqQJLhZyNd2f1uRItluQrzVq8juq3dJb
      sshMode: key-only
    additionalFiles:
    - destination: /var/lib/trident/local-health-check-file.sh
      content: |
        echo 'This is a local health check script.'
        exit 0
    uefiFallback: conservative
  image:
    url: http://10.91.162.60:4000/files/regular.cosi
    sha384: 81533a5eff61585fe4de173c38d9644f5a390fbc9ab9f0cb029b42ef9cd7132ad583fc8f513dc41f8db29adaf9306ab1
  health:
    checks:
    - name: invoke-rollback-from-local-script
      runOn:
      - clean-install
      path: /var/lib/trident/local-health-check-file.sh
    - name: invoke-rollback-from-script
      runOn:
      - clean-install
      content: |
        exit 1
    - name: install-failure-systemd-check
      systemdServices:
      - non-existent-service1.service
      - non-existent-service2.service
      timeoutSeconds: 15
      runOn:
      - clean-install
servicingState: not-provisioned
lastError:
  message: |-
    Failed health check(s) during 'CleanInstall': 'invoke-rollback-from-script: "Script 'invoke-rollback-from-script' failed\n\nCaused by:\n    0: Script exited with an error\n    1: script exited with status: 1\n    2: (No output was captured)"
    install-failure-systemd-check: "Trident failed due to a servicing error\n\nContext:\n    0: Service(s) 'non-existent-service1.service non-existent-service2.service' did not become active/running within 15 seconds: ExecutionFailed { dependency: Systemctl, rendered_command: \"systemctl status non-existent-service1.service non-existent-service2.service\", code: Some(4), signal: None, stdout: \"\", stderr: \"Unit non-existent-service1.service could not be found.\\nUnit non-existent-service2.service could not be found.\\n\", explanation: \"exited with status: 4\", output: \"stderr:\\nUnit non-existent-service1.service could not be found.\\nUnit non-existent-service2.service could not be found.\\n\\n\" } at crates/trident/src/health/mod.rs:149\n"'
  error: !health-checks-failed
    details: |-
      invoke-rollback-from-script: "Script 'invoke-rollback-from-script' failed\n\nCaused by:\n    0: Script exited with an error\n    1: script exited with status: 1\n    2: (No output was captured)"
      install-failure-systemd-check: "Trident failed due to a servicing error\n\nContext:\n    0: Service(s) 'non-existent-service1.service non-existent-service2.service' did not become active/running within 15 seconds: ExecutionFailed { dependency: Systemctl, rendered_command: \"systemctl status non-existent-service1.service non-existent-service2.service\", code: Some(4), signal: None, stdout: \"\", stderr: \"Unit non-existent-service1.service could not be found.\\nUnit non-existent-service2.service could not be found.\\n\", explanation: \"exited with status: 4\", output: \"stderr:\\nUnit non-existent-service1.service could not be found.\\nUnit non-existent-service2.service could not be found.\\n\\n\" } at crates/trident/src/health/mod.rs:149\n"
    servicing_type: CleanInstall
  category: health-checks
  location: crates/trident/src/health/mod.rs:99
  cause: null
partitionPaths:
  esp: /dev/disk/by-partuuid/a4a22bb1-c145-4c4f-891e-3775a3afe4c3
  root: /dev/disk/by-partuuid/e5f3225b-36d5-41c3-b674-97a746505323
diskUuids:
  os: a1248b1f-2a84-456d-8ce6-0b5f741e3a71
  disk2: c4cfb936-1fc6-469b-a58b-5fa4faaae629
installIndex: 0
tridentVersion: 0.26.0-2026071402.v44567e0 
ERRO[0100] Trident failed to deploy target OS with error:
Trident reported failed health checks

Context:
    0: Failed to validate that firmware correctly booted from updated target OS image at crates/trident/src/lib.rs:771
    1: Failed health check(s) during 'CleanInstall': 'invoke-rollback-from-script: "Script 'invoke-rollback-from-script' failed\n\nCaused by:\n    0: Script exited with an error\n    1: script exited with status: 1\n    2: (No output was captured)"
install-failure-systemd-check: "Trident failed due to a servicing error\n\nContext:\n    0: Service(s) 'non-existent-service1.service non-existent-service2.service' did not become active/running within 15 seconds: ExecutionFailed { dependency: Systemctl, rendered_command: \"systemctl status non-existent-service1.service non-existent-service2.service\", code: Some(4), signal: None, stdout: \"\", stderr: \"Unit non-existent-service1.service could not be found.\\nUnit non-existent-service2.service could not be found.\\n\", explanation: \"exited with status: 4\", output: \"stderr:\\nUnit non-existent-service1.service could not be found.\\nUnit non-existent-service2.service could not be found.\\n\\n\" } at crates/trident/src/health/mod.rs:149\n"' at crates/trident/src/health/mod.rs:99 
ERRO[0100] Maximum number of failures (0) exceeded. Terminating. 
ERRO[0100] phonehome returned an error                   error="Trident reported status 'failed'"
ERRO[0100] Phonehome error details: Trident reported failed health checks

Context:
    0: Failed to validate that firmware correctly booted from updated target OS image at crates/trident/src/lib.rs:771
    1: Failed health check(s) during 'CleanInstall': 'invoke-rollback-from-script: "Script 'invoke-rollback-from-script' failed\n\nCaused by:\n    0: Script exited with an error\n    1: script exited with status: 1\n    2: (No output was captured)"
install-failure-systemd-check: "Trident failed due to a servicing error\n\nContext:\n    0: Service(s) 'non-existent-service1.service non-existent-service2.service' did not become active/running within 15 seconds: ExecutionFailed { dependency: Systemctl, rendered_command: \"systemctl status non-existent-service1.service non-existent-service2.service\", code: Some(4), signal: None, stdout: \"\", stderr: \"Unit non-existent-service1.service could not be found.\\nUnit non-existent-service2.service could not be found.\\n\", explanation: \"exited with status: 4\", output: \"stderr:\\nUnit non-existent-service1.service could not be found.\\nUnit non-existent-service2.service could not be found.\\n\\n\" } at crates/trident/src/health/mod.rs:149\n"' at crates/trident/src/health/mod.rs:99 ]]></system-out>
		</testcase>
		<testcase name="check-trident-ssh" classname="" status="NOTR">
			<skipped message="Test case was not run" type="NotRun"></skipped>
		</testcase>
		<testcase name="validate-install" classname="" status="NOTR">
			<skipped message="Test case was not run" type="NotRun"></skipped>
		</testcase>
	</testsuite>
</testsuites>
