<testsuites name="storm-trident" time="165.739904" tests="16" skipped="5">
	<testsuite name="base_vm-host" tests="16" failures="0" errors="0" id="0" skipped="5" time="165.739904">
		<testcase name="install-vm-deps" classname="" status="SKIP">
			<skipped message="local run" type="Skipped"></skipped>
		</testcase>
		<testcase name="prepare-hc" classname="" time="0.187712" status="PASS">
			<system-out></system-out>
		</testcase>
		<testcase name="setup-test-host" classname="" time="0.282202" status="PASS">
			<system-out><![CDATA[DEBU[0000] Connecting to libvirt at 'qemu:///system'    
DEBU[0000] Connecting to libvirt at 'qemu:///system'    
TRAC[0000] Leased IP 192.168.242.2 to trident-e2e-base_vm-host-vm-0 (MAC 52:54:00:04:36:2f) 
TRAC[0000] Network trident-e2e-base_vm-host-network does not exist, skipping deletion 
TRAC[0000] Defining network with XML:
<network>
  <name>trident-e2e-base_vm-host-network</name>
  <forward mode="nat"></forward>
  <domain name="trident-e2e-base_vm-host-network"></domain>
  <ip address="192.168.242.1" netmask="255.255.255.0">
    <dhcp>
      <range start="192.168.242.2" end="192.168.242.254"></range>
      <host mac="52:54:00:04:36:2f" name="trident-e2e-base_vm-host-vm-0" ip="192.168.242.2"></host>
    </dhcp>
  </ip>
</network> 
INFO[0000] Created and started network 'trident-e2e-base_vm-host-network' 
TRAC[0000] Storage pool trident-e2e-base_vm-host-pool does not exist, skipping deletion 
TRAC[0000] Defining storage pool with XML:
<pool type="dir">
  <name>trident-e2e-base_vm-host-pool</name>
  <target>
    <path>/var/lib/libvirt/trident-e2e-base_vm-host</path>
    <permissions>
      <owner>-1</owner>
      <group>-1</group>
      <mode>0755</mode>
    </permissions>
  </target>
</pool> 
INFO[0000] Created and started storage pool 'trident-e2e-base_vm-host-pool' 
TRAC[0000] Storage pool trident-e2e-base_vm-host-nvram-pool does not exist, skipping deletion 
TRAC[0000] Defining storage pool with XML:
<pool type="dir">
  <name>trident-e2e-base_vm-host-nvram-pool</name>
  <target>
    <path>/var/lib/trident-e2e-base_vm-host-nvram</path>
    <permissions>
      <owner>-1</owner>
      <group>-1</group>
      <mode>0777</mode>
    </permissions>
  </target>
</pool> 
INFO[0000] Created and started storage pool 'trident-e2e-base_vm-host-nvram-pool' 
TRAC[0000] Domain trident-e2e-base_vm-host-vm-0 does not exist, skipping deletion 
DEBU[0000] Setting up volume 'trident-e2e-base_vm-host-vm-0_VARS.fd' at path '/var/lib/trident-e2e-base_vm-host-nvram/trident-e2e-base_vm-host-vm-0_VARS.fd' 
TRAC[0000] Volume trident-e2e-base_vm-host-vm-0_VARS.fd does not exist, skipping deletion 
TRAC[0000] Defining volume with XML:
<volume>
  <name>trident-e2e-base_vm-host-vm-0_VARS.fd</name>
  <capacity unit="G">0</capacity>
  <target>
    <path>/var/lib/trident-e2e-base_vm-host-nvram/trident-e2e-base_vm-host-vm-0_VARS.fd</path>
    <format type="raw"></format>
    <permissions>
      <mode>0666</mode>
    </permissions>
  </target>
</volume> 
DEBU[0000] No OS disk specified for volume 'trident-e2e-base_vm-host-vm-0_VARS.fd', creating blank disk 
INFO[0000] Created volume 'trident-e2e-base_vm-host-vm-0_VARS.fd' 
DEBU[0000] Uploading NVRAM template from /usr/share/OVMF/OVMF_VARS_4M.ms.fd to /var/lib/trident-e2e-base_vm-host-nvram/trident-e2e-base_vm-host-vm-0_VARS.fd 
DEBU[0000] Uploading 540672 bytes from file '/usr/share/OVMF/OVMF_VARS_4M.ms.fd' to volume 'trident-e2e-base_vm-host-vm-0_VARS.fd' 
INFO[0000] Uploaded file '/usr/share/OVMF/OVMF_VARS_4M.ms.fd' to volume 'trident-e2e-base_vm-host-vm-0_VARS.fd' 
DEBU[0000] Setting up volume 'trident-e2e-base_vm-host-vm-0-volume-0.qcow2' at path '/var/lib/libvirt/trident-e2e-base_vm-host/trident-e2e-base_vm-host-vm-0-volume-0.qcow2' 
TRAC[0000] Volume trident-e2e-base_vm-host-vm-0-volume-0.qcow2 does not exist, skipping deletion 
TRAC[0000] Defining volume with XML:
<volume>
  <name>trident-e2e-base_vm-host-vm-0-volume-0.qcow2</name>
  <capacity unit="G">32</capacity>
  <target>
    <path>/var/lib/libvirt/trident-e2e-base_vm-host/trident-e2e-base_vm-host-vm-0-volume-0.qcow2</path>
    <format type="qcow2"></format>
    <permissions>
      <mode>0644</mode>
    </permissions>
  </target>
</volume> 
DEBU[0000] No OS disk specified for volume 'trident-e2e-base_vm-host-vm-0-volume-0.qcow2', creating blank disk 
INFO[0000] Created volume 'trident-e2e-base_vm-host-vm-0-volume-0.qcow2' 
DEBU[0000] Setting up volume 'trident-e2e-base_vm-host-vm-0-volume-1.qcow2' at path '/var/lib/libvirt/trident-e2e-base_vm-host/trident-e2e-base_vm-host-vm-0-volume-1.qcow2' 
TRAC[0000] Volume trident-e2e-base_vm-host-vm-0-volume-1.qcow2 does not exist, skipping deletion 
TRAC[0000] Defining volume with XML:
<volume>
  <name>trident-e2e-base_vm-host-vm-0-volume-1.qcow2</name>
  <capacity unit="G">32</capacity>
  <target>
    <path>/var/lib/libvirt/trident-e2e-base_vm-host/trident-e2e-base_vm-host-vm-0-volume-1.qcow2</path>
    <format type="qcow2"></format>
    <permissions>
      <mode>0644</mode>
    </permissions>
  </target>
</volume> 
DEBU[0000] No OS disk specified for volume 'trident-e2e-base_vm-host-vm-0-volume-1.qcow2', creating blank disk 
INFO[0000] Created volume 'trident-e2e-base_vm-host-vm-0-volume-1.qcow2' 
TRAC[0000] Defining domain with XML:
<domain type="kvm">
  <name>trident-e2e-base_vm-host-vm-0</name>
  <memory unit="GiB">12</memory>
  <vcpu>4</vcpu>
  <sysinfo type="smbios">
    <oemStrings>
      <entry>virtdeploy:1</entry>
    </oemStrings>
  </sysinfo>
  <os>
    <type arch="x86_64" machine="q35">hvm</type>
    <loader readonly="yes" type="pflash">/usr/share/OVMF/OVMF_CODE_4M.ms.fd</loader>
    <nvram template="/usr/share/OVMF/OVMF_VARS_4M.ms.fd">/var/lib/trident-e2e-base_vm-host-nvram/trident-e2e-base_vm-host-vm-0_VARS.fd</nvram>
    <smbios mode="sysinfo"></smbios>
  </os>
  <features>
    <acpi></acpi>
    <apic></apic>
    <vmport state="off"></vmport>
  </features>
  <cpu match="exact" check="none">
    <model fallback="allow">Broadwell-IBRS</model>
    <feature policy="require" name="vmx"></feature>
  </cpu>
  <clock offset="utc">
    <timer name="rtc" tickpolicy="catchup"></timer>
    <timer name="pit" tickpolicy="delay"></timer>
    <timer name="hpet" present="no"></timer>
  </clock>
  <pm>
    <suspend-to-mem enabled="no"></suspend-to-mem>
    <suspend-to-disk enabled="no"></suspend-to-disk>
  </pm>
  <devices>
    <emulator>/usr/bin/qemu-system-x86_64</emulator>
    <disk type="file" device="disk">
      <driver name="qemu" type="qcow2"></driver>
      <source file="/var/lib/libvirt/trident-e2e-base_vm-host/trident-e2e-base_vm-host-vm-0-volume-0.qcow2"></source>
      <target dev="sda" bus="sata"></target>
      <address type="drive" controller="0" bus="0" target="0" unit="1"></address>
    </disk>
    <disk type="file" device="disk">
      <driver name="qemu" type="qcow2"></driver>
      <source file="/var/lib/libvirt/trident-e2e-base_vm-host/trident-e2e-base_vm-host-vm-0-volume-1.qcow2"></source>
      <target dev="sdb" bus="sata"></target>
      <address type="drive" controller="0" bus="0" target="0" unit="2"></address>
    </disk>
    <disk device="cdrom">
      <driver name="qemu" type="raw"></driver>
      <target dev="sdz" bus="sata"></target>
      <readonly></readonly>
      <address type="drive" controller="1" bus="0" target="0" unit="1"></address>
    </disk>
    <controller type="usb" index="0" model="ich9-ehci1"></controller>
    <controller type="usb" index="0" model="ich9-uhci1">
      <master startport="0"></master>
    </controller>
    <controller type="usb" index="0" model="ich9-uhci2">
      <master startport="2"></master>
    </controller>
    <controller type="usb" index="0" model="ich9-uhci3">
      <master startport="4"></master>
    </controller>
    <interface type="network">
      <mac address="52:54:00:04:36:2f"></mac>
      <source network="trident-e2e-base_vm-host-network"></source>
      <model type="virtio"></model>
    </interface>
    <serial type="pty">
      <source path="/dev/pts/2"></source>
      <target port="0"></target>
      <log file="/tmp/trident-e2e-base_vm-host-vm-0-serial0.log" append="off"></log>
    </serial>
    <console type="pty"></console>
    <channel type="spicevmc">
      <target type="virtio" name="com.redhat.spice.0"></target>
    </channel>
    <input type="tablet" bus="usb"></input>
    <tpm model="tpm-tis">
      <backend type="emulator" version="2.0"></backend>
    </tpm>
    <graphics type="spice" port="-1" tlsPort="-1" autoport="yes">
      <image compression="off"></image>
    </graphics>
    <sound model="ich6"></sound>
    <video>
      <model type="qxl"></model>
    </video>
    <redirdev type="spicevmc" bus="usb"></redirdev>
    <redirdev type="spicevmc" bus="usb"></redirdev>
  </devices>
  <commandline xmlns="http://libvirt.org/schemas/domain/qemu/1.0"></commandline>
</domain> 
INFO[0000] Created domain 'trident-e2e-base_vm-host-vm-0' ]]></system-out>
		</testcase>
		<testcase name="install-os" classname="" time="101.577522" status="PASS">
			<system-out><![CDATA[INFO[0000] Using host config:
image:
    sha384: ignored
    url: http://NETLAUNCH_HOST_ADDRESS/files/regular.cosi
os:
    netplan:
        ethernets:
            vmeths:
                dhcp4: true
                match:
                    name: enp*
        version: 2
    selinux:
        mode: enforcing
    users:
        - name: testing-user
          sshMode: key-only
          sshPublicKeys:
            - |
              ssh-rsa AAAAB3NzaC1yc2EAAAADAQABAAABAQC1FqpKgHFSbuv9FiZ/xpdPL5eD+xJLn6bvrIhG6ZpeOdS3/IP6BzZowYQpcXGPrP8qsUHh+sWGTpSyrY886asZjpGeY8jMp4x/Wfq28CY6V03fBpAsA8MvyRyrtKJUmpBHVZmx0m7S7L4uqzeI3DoggJ+/xfBYEtaXOmP+OeFpO4Pj529ZzP44zozjiO1/4X2T9hpyJccSvj/r7Pkyjykxj+AsgTsAXhyB3IpxoPc+RiZMZexneN0s1uAZyWQKcl1kEnWMjf4/NvApFhFU34QHC4ro8nNzjuEpk3dK+nHnDuSdUWv9LU2CUGfQpwGzykoh5fofb1DsCrok/beJPI73
scripts:
    postConfigure:
        - content: echo 'testing-user ALL=(ALL:ALL) NOPASSWD:ALL' > /etc/sudoers.d/testing-user
          name: testing-privilege
          runOn:
            - clean-install
            - ab-update
storage:
    abUpdate:
        volumePairs:
            - id: root
              volumeAId: root-a
              volumeBId: root-b
    disks:
        - device: /dev/disk/by-path/pci-0000:00:1f.2-ata-2
          id: os
          partitionTableType: gpt
          partitions:
            - id: root-a
              size: 8G
              type: root
            - id: root-b
              size: 8G
              type: root
            - id: esp
              size: 1G
              type: esp
            - id: swap
              size: 2G
              type: swap
            - id: home
              size: 1G
              type: home
            - id: trident
              size: 1G
              type: linux-generic
        - device: /dev/disk/by-path/pci-0000:00:1f.2-ata-3
          id: disk2
          partitionTableType: gpt
          partitions: []
    filesystems:
        - deviceId: trident
          mountPoint: /var/lib/trident
          source: new
        - deviceId: home
          mountPoint: /home
          source: new
        - deviceId: esp
          mountPoint:
            options: umask=0077
            path: /boot/efi
        - deviceId: root
          mountPoint: /
    swap:
        - swap 
WARN[0000] No announce IP specified. Attempting to find default outbound IP to announce. 
TRAC[0000] Checking Route: {Ifindex: 2 Dst: 0.0.0.0/0 Src: 10.91.162.60 Gw: 10.91.160.1 Flags: [] Table: 254 Realm: 0} 
INFO[0000] Announcing address                            address="10.91.162.60:4000"
INFO[0000] Using Trident config file: /tmp/hc-tmp-960555467 
INFO[0000] Listening...                                  address="0.0.0.0:4000"
INFO[0000] Using local VM                               
INFO[0000] Initializing VM with UUID '808030b3-4a24-47d2-95aa-e14b97faf97d' 
TRAC[0000] Domain XML:
<domain type='kvm'>
  <name>trident-e2e-base_vm-host-vm-0</name>
  <uuid>808030b3-4a24-47d2-95aa-e14b97faf97d</uuid>
  <memory unit='KiB'>12582912</memory>
  <currentMemory unit='KiB'>12582912</currentMemory>
  <vcpu placement='static'>4</vcpu>
  <sysinfo type='smbios'>
    <oemStrings>
      <entry>virtdeploy:1</entry>
    </oemStrings>
  </sysinfo>
  <os firmware='efi'>
    <type arch='x86_64' machine='pc-q35-10.2'>hvm</type>
    <firmware>
      <feature enabled='yes' name='enrolled-keys'/>
      <feature enabled='yes' name='secure-boot'/>
    </firmware>
    <loader readonly='yes' secure='yes' type='pflash' format='raw'>/usr/share/OVMF/OVMF_CODE_4M.ms.fd</loader>
    <nvram template='/usr/share/OVMF/OVMF_VARS_4M.ms.fd' templateFormat='raw' format='raw'>/var/lib/trident-e2e-base_vm-host-nvram/trident-e2e-base_vm-host-vm-0_VARS.fd</nvram>
    <boot dev='hd'/>
    <smbios mode='sysinfo'/>
  </os>
  <features>
    <acpi/>
    <apic/>
    <vmport state='off'/>
    <smm state='on'/>
  </features>
  <cpu mode='custom' match='exact' check='none'>
    <model fallback='allow'>Broadwell-IBRS</model>
    <feature policy='require' name='vmx'/>
  </cpu>
  <clock offset='utc'>
    <timer name='rtc' tickpolicy='catchup'/>
    <timer name='pit' tickpolicy='delay'/>
    <timer name='hpet' present='no'/>
  </clock>
  <on_poweroff>destroy</on_poweroff>
  <on_reboot>restart</on_reboot>
  <on_crash>destroy</on_crash>
  <pm>
    <suspend-to-mem enabled='no'/>
    <suspend-to-disk enabled='no'/>
  </pm>
  <devices>
    <emulator>/usr/bin/qemu-system-x86_64</emulator>
    <disk type='file' device='disk'>
      <driver name='qemu' type='qcow2'/>
      <source file='/var/lib/libvirt/trident-e2e-base_vm-host/trident-e2e-base_vm-host-vm-0-volume-0.qcow2'/>
      <target dev='sda' bus='sata'/>
      <address type='drive' controller='0' bus='0' target='0' unit='1'/>
    </disk>
    <disk type='file' device='disk'>
      <driver name='qemu' type='qcow2'/>
      <source file='/var/lib/libvirt/trident-e2e-base_vm-host/trident-e2e-base_vm-host-vm-0-volume-1.qcow2'/>
      <target dev='sdb' bus='sata'/>
      <address type='drive' controller='0' bus='0' target='0' unit='2'/>
    </disk>
    <disk type='file' device='cdrom'>
      <driver name='qemu' type='raw'/>
      <target dev='sdz' bus='sata'/>
      <readonly/>
      <address type='drive' controller='1' bus='0' target='0' unit='1'/>
    </disk>
    <controller type='usb' index='0' model='ich9-ehci1'>
      <address type='pci' domain='0x0000' bus='0x00' slot='0x1d' function='0x7'/>
    </controller>
    <controller type='usb' index='0' model='ich9-uhci1'>
      <master startport='0'/>
      <address type='pci' domain='0x0000' bus='0x00' slot='0x1d' function='0x0' multifunction='on'/>
    </controller>
    <controller type='usb' index='0' model='ich9-uhci2'>
      <master startport='2'/>
      <address type='pci' domain='0x0000' bus='0x00' slot='0x1d' function='0x1'/>
    </controller>
    <controller type='usb' index='0' model='ich9-uhci3'>
      <master startport='4'/>
      <address type='pci' domain='0x0000' bus='0x00' slot='0x1d' function='0x2'/>
    </controller>
    <controller type='sata' index='0'>
      <address type='pci' domain='0x0000' bus='0x00' slot='0x1f' function='0x2'/>
    </controller>
    <controller type='sata' index='1'>
      <address type='pci' domain='0x0000' bus='0x03' slot='0x02' function='0x0'/>
    </controller>
    <controller type='pci' index='0' model='pcie-root'/>
    <controller type='pci' index='1' model='pcie-root-port'>
      <model name='pcie-root-port'/>
      <target chassis='1' port='0x10'/>
      <address type='pci' domain='0x0000' bus='0x00' slot='0x02' function='0x0' multifunction='on'/>
    </controller>
    <controller type='pci' index='2' model='pcie-root-port'>
      <model name='pcie-root-port'/>
      <target chassis='2' port='0x11'/>
      <address type='pci' domain='0x0000' bus='0x00' slot='0x02' function='0x1'/>
    </controller>
    <controller type='pci' index='3' model='pcie-to-pci-bridge'>
      <model name='pcie-pci-bridge'/>
      <address type='pci' domain='0x0000' bus='0x01' slot='0x00' function='0x0'/>
    </controller>
    <controller type='pci' index='4' model='pcie-root-port'>
      <model name='pcie-root-port'/>
      <target chassis='4' port='0x12'/>
      <address type='pci' domain='0x0000' bus='0x00' slot='0x02' function='0x2'/>
    </controller>
    <controller type='pci' index='5' model='pcie-root-port'>
      <model name='pcie-root-port'/>
      <target chassis='5' port='0x13'/>
      <address type='pci' domain='0x0000' bus='0x00' slot='0x02' function='0x3'/>
    </controller>
    <controller type='pci' index='6' model='pcie-root-port'>
      <model name='pcie-root-port'/>
      <target chassis='6' port='0x14'/>
      <address type='pci' domain='0x0000' bus='0x00' slot='0x02' function='0x4'/>
    </controller>
    <controller type='virtio-serial' index='0'>
      <address type='pci' domain='0x0000' bus='0x04' slot='0x00' function='0x0'/>
    </controller>
    <interface type='network'>
      <mac address='52:54:00:04:36:2f'/>
      <source network='trident-e2e-base_vm-host-network'/>
      <model type='virtio'/>
      <address type='pci' domain='0x0000' bus='0x02' slot='0x00' function='0x0'/>
    </interface>
    <serial type='pty'>
      <log file='/tmp/trident-e2e-base_vm-host-vm-0-serial0.log' append='off'/>
      <target type='isa-serial' port='0'>
        <model name='isa-serial'/>
      </target>
    </serial>
    <console type='pty'>
      <log file='/tmp/trident-e2e-base_vm-host-vm-0-serial0.log' append='off'/>
      <target type='serial' port='0'/>
    </console>
    <channel type='spicevmc'>
      <target type='virtio' name='com.redhat.spice.0'/>
      <address type='virtio-serial' controller='0' bus='0' port='1'/>
    </channel>
    <input type='tablet' bus='usb'>
      <address type='usb' bus='0' port='1'/>
    </input>
    <input type='mouse' bus='ps2'/>
    <input type='keyboard' bus='ps2'/>
    <tpm model='tpm-tis'>
      <backend type='emulator' version='2.0'/>
    </tpm>
    <graphics type='spice' autoport='yes'>
      <listen type='address'/>
      <image compression='off'/>
    </graphics>
    <sound model='ich6'>
      <address type='pci' domain='0x0000' bus='0x03' slot='0x01' function='0x0'/>
    </sound>
    <audio id='1' type='spice'/>
    <video>
      <model type='qxl' ram='65536' vram='65536' vgamem='16384' heads='1' primary='yes'/>
      <address type='pci' domain='0x0000' bus='0x00' slot='0x01' function='0x0'/>
    </video>
    <redirdev bus='usb' type='spicevmc'>
      <address type='usb' bus='0' port='2'/>
    </redirdev>
    <redirdev bus='usb' type='spicevmc'>
      <address type='usb' bus='0' port='3'/>
    </redirdev>
    <watchdog model='itco' action='reset'/>
    <memballoon model='virtio'>
      <address type='pci' domain='0x0000' bus='0x05' slot='0x00' function='0x0'/>
    </memballoon>
  </devices>
</domain> 
DEBU[0000] Extracted NVRAM path: /var/lib/trident-e2e-base_vm-host-nvram/trident-e2e-base_vm-host-vm-0_VARS.fd 
INFO[0002] Setting SecureBoot to enabled                
INFO[0003] Set boot URI to http://10.91.162.60:4000/provision.iso and set SecureBoot to true 
INFO[0003] Starting VM 'trident-e2e-base_vm-host-vm-0'  
INFO[0004] ISO deployed!                                
INFO[0004] Waiting for phone home...                    
INFO[0013] BMC has requested the ISO!                    address="192.168.242.2:1669"
INFO[0047] Trident connected from 192.168.242.2:50466   
INFO[0047] Trident started (connection attempt 0)        host_status= state=started
DEBU[0047] [REMOTE trident::orchestrate] Reporting status to orchestrator at http://10.91.162.60:4000/phonehome, attempt connection for 60 seconds  file=crates/trident/src/orchestrate.rs line=37 module="trident::orchestrate"
DEBU[0047] [REMOTE trident::orchestrate] Connected to orchestrator  file=crates/trident/src/orchestrate.rs line=61 module="trident::orchestrate"
INFO[0047] [REMOTE trident] Running Trident version: 0.26.0-2026071402.v44567e0  file=crates/trident/src/lib.rs line=206 module=trident
DEBU[0047] [REMOTE trident] Trident is running in SELinux domain 'system_u:system_r:trident_t:s0 '  file=crates/trident/src/lib.rs line=217 module=trident
DEBU[0047] [REMOTE trident::datastore] Creating temporary datastore at /var/lib/trident/datastore.sqlite  file=crates/trident/src/datastore.rs line=27 module="trident::datastore"
DEBU[0047] [REMOTE trident] Execute and record error with servicing state: NotProvisioned and last error: None  file=crates/trident/src/lib.rs line=300 module=trident
DEBU[0047] [REMOTE trident_api::config::host::storage::storage_graph::builder] Building storage graph  file=crates/trident_api/src/config/host/storage/storage_graph/builder/mod.rs line=72 module="trident_api::config::host::storage::storage_graph::builder"
DEBU[0047] [REMOTE trident_api::config::host::storage::storage_graph::builder] Storage graph built successfully with 14 nodes and 7 edges  file=crates/trident_api/src/config/host/storage/storage_graph/builder/mod.rs line=129 module="trident_api::config::host::storage::storage_graph::builder"
DEBU[0047] [REMOTE trident::osimage] Attempting to load COSI file from 'http://10.91.162.60:4000/files/regular.cosi'  file=crates/trident/src/osimage/mod.rs line=76 module="trident::osimage"
DEBU[0047] [REMOTE trident::io_utils::file_reader] Loading file from URL: 'http://10.91.162.60:4000/files/regular.cosi'  file=crates/trident/src/io_utils/file_reader.rs line=63 module="trident::io_utils::file_reader"
DEBU[0047] [REMOTE trident::io_utils::http::file] Opening HTTP file 'http://10.91.162.60:4000/files/regular.cosi'  file=crates/trident/src/io_utils/http/file.rs line=92 module="trident::io_utils::http::file"
DEBU[0047] [REMOTE trident::io_utils::http::file] Successfully queried HTTP file 'http://10.91.162.60:4000/files/regular.cosi' of size: 180573184  file=crates/trident/src/io_utils/http/file.rs line=148 module="trident::io_utils::http::file"
DEBU[0047] [REMOTE trident::osimage::cosi] Successfully read COSI metadata [v1.2]  file=crates/trident/src/osimage/cosi/mod.rs line=668 module="trident::osimage::cosi"
INFO[0047] [REMOTE trident::osimage] Loaded COSI file from 'http://10.91.162.60:4000/files/regular.cosi' with hash '81533a5eff61585fe4de173c38d9644f5a390fbc9ab9f0cb029b42ef9cd7132ad583fc8f513dc41f8db29adaf9306ab1'  file=crates/trident/src/osimage/mod.rs line=85 module="trident::osimage"
DEBU[0047] [REMOTE trident::osimage] OS image provides the following mount points: /  file=crates/trident/src/osimage/mod.rs line=101 module="trident::osimage"
DEBU[0047] [REMOTE trident] Host Configuration has been updated  file=crates/trident/src/lib.rs line=499 module=trident
INFO[0047] [REMOTE trident::engine::clean_install] Starting clean install  file=crates/trident/src/engine/clean_install.rs line=51 module="trident::engine::clean_install"
DEBU[0047] [REMOTE trident::engine::clean_install] Performing safety check for clean install  file=crates/trident/src/engine/clean_install.rs line=70 module="trident::engine::clean_install"
DEBU[0047] [REMOTE osutils::installation_media] Live media boot detected  file=crates/osutils/src/installation_media.rs line=29 module="osutils::installation_media"
DEBU[0047] [REMOTE trident::engine::clean_install] Trident is running from a live image  file=crates/trident/src/engine/clean_install.rs line=113 module="trident::engine::clean_install"
INFO[0047] [REMOTE trident::engine::clean_install] Safety check passed  file=crates/trident/src/engine/clean_install.rs line=72 module="trident::engine::clean_install"
DEBU[0047] [REMOTE trident::engine] Rebuilding storage graph for engine context  file=crates/trident/src/engine/mod.rs line=463 module="trident::engine"
INFO[0047] [REMOTE trident::engine] Starting step 'Validate'  file=crates/trident/src/engine/mod.rs line=283 module="trident::engine"
DEBU[0047] [REMOTE trident::engine] Starting step 'Validate' for subsystem 'mos-config'  file=crates/trident/src/engine/mod.rs line=286 module="trident::engine"
DEBU[0047] [REMOTE trident::engine] Starting step 'Validate' for subsystem 'esp'  file=crates/trident/src/engine/mod.rs line=286 module="trident::engine"
DEBU[0047] [REMOTE trident::engine] Starting step 'Validate' for subsystem 'storage'  file=crates/trident/src/engine/mod.rs line=286 module="trident::engine"
DEBU[0047] [REMOTE trident::subsystems::storage::osimage] Validating Host Configuration filesystems against OS image  file=crates/trident/src/subsystems/storage/osimage.rs line=52 module="trident::subsystems::storage::osimage"
DEBU[0047] [REMOTE trident::subsystems::storage::osimage] Validating uniqueness of OS image filesystem UUIDs  file=crates/trident/src/subsystems/storage/osimage.rs line=55 module="trident::subsystems::storage::osimage"
DEBU[0047] [REMOTE trident::subsystems::storage::osimage] Validating Host Configuration verity configuration against OS image  file=crates/trident/src/subsystems/storage/osimage.rs line=58 module="trident::subsystems::storage::osimage"
DEBU[0047] [REMOTE trident::subsystems::storage::osimage] Validating ESP image in OS image  file=crates/trident/src/subsystems/storage/osimage.rs line=61 module="trident::subsystems::storage::osimage"
DEBU[0047] [REMOTE trident::subsystems::storage::osimage] Validating filesystem mounted at or containing /boot  file=crates/trident/src/subsystems/storage/osimage.rs line=64 module="trident::subsystems::storage::osimage"
DEBU[0047] [REMOTE trident::subsystems::storage::osimage] Validating filesystems in OS image fit in their corresponding block devices  file=crates/trident/src/subsystems/storage/osimage.rs line=72 module="trident::subsystems::storage::osimage"
DEBU[0047] [REMOTE trident::subsystems::storage::osimage] Found filesystem with size 864.7M and block device with size 8.0G for device 'root'  file=crates/trident/src/subsystems/storage/osimage.rs line=575 module="trident::subsystems::storage::osimage"
DEBU[0047] [REMOTE trident::engine] Starting step 'Validate' for subsystem 'boot'  file=crates/trident/src/engine/mod.rs line=286 module="trident::engine"
DEBU[0047] [REMOTE trident::engine] Starting step 'Validate' for subsystem 'network'  file=crates/trident/src/engine/mod.rs line=286 module="trident::engine"
DEBU[0047] [REMOTE trident::engine] Starting step 'Validate' for subsystem 'os-config'  file=crates/trident/src/engine/mod.rs line=286 module="trident::engine"
DEBU[0047] [REMOTE trident::engine] Starting step 'Validate' for subsystem 'management'  file=crates/trident/src/engine/mod.rs line=286 module="trident::engine"
DEBU[0047] [REMOTE trident::engine] Starting step 'Validate' for subsystem 'extensions'  file=crates/trident/src/engine/mod.rs line=286 module="trident::engine"
DEBU[0047] [REMOTE trident::engine] Starting step 'Validate' for subsystem 'hooks'  file=crates/trident/src/engine/mod.rs line=286 module="trident::engine"
DEBU[0047] [REMOTE trident::engine] Starting step 'Validate' for subsystem 'initrd'  file=crates/trident/src/engine/mod.rs line=286 module="trident::engine"
DEBU[0047] [REMOTE trident::engine] Starting step 'Validate' for subsystem 'selinux'  file=crates/trident/src/engine/mod.rs line=286 module="trident::engine"
DEBU[0047] [REMOTE trident::engine] Finished step 'Validate'  file=crates/trident/src/engine/mod.rs line=301 module="trident::engine"
DEBU[0047] [REMOTE trident::engine::clean_install] Clearing saved Host Status  file=crates/trident/src/engine/clean_install.rs line=208 module="trident::engine::clean_install"
INFO[0047] [REMOTE trident::engine] Starting step 'Prepare'  file=crates/trident/src/engine/mod.rs line=306 module="trident::engine"
DEBU[0047] [REMOTE trident::engine] Starting step 'Prepare' for subsystem 'mos-config'  file=crates/trident/src/engine/mod.rs line=309 module="trident::engine"
DEBU[0047] [REMOTE trident::engine] Starting step 'Prepare' for subsystem 'esp'  file=crates/trident/src/engine/mod.rs line=309 module="trident::engine"
DEBU[0047] [REMOTE trident::engine] Starting step 'Prepare' for subsystem 'storage'  file=crates/trident/src/engine/mod.rs line=309 module="trident::engine"
DEBU[0047] [REMOTE trident::engine] Starting step 'Prepare' for subsystem 'boot'  file=crates/trident/src/engine/mod.rs line=309 module="trident::engine"
DEBU[0047] [REMOTE trident::engine] Starting step 'Prepare' for subsystem 'network'  file=crates/trident/src/engine/mod.rs line=309 module="trident::engine"
DEBU[0047] [REMOTE trident::engine] Starting step 'Prepare' for subsystem 'os-config'  file=crates/trident/src/engine/mod.rs line=309 module="trident::engine"
DEBU[0047] [REMOTE trident::engine] Starting step 'Prepare' for subsystem 'management'  file=crates/trident/src/engine/mod.rs line=309 module="trident::engine"
DEBU[0047] [REMOTE trident::engine] Starting step 'Prepare' for subsystem 'extensions'  file=crates/trident/src/engine/mod.rs line=309 module="trident::engine"
DEBU[0047] [REMOTE trident::subsystems::extensions] Skipping step 'prepare' because servicing type is not RuntimeUpdate.  file=crates/trident/src/subsystems/extensions/mod.rs line=120 module="trident::subsystems::extensions"
DEBU[0047] [REMOTE trident::engine] Starting step 'Prepare' for subsystem 'hooks'  file=crates/trident/src/engine/mod.rs line=309 module="trident::engine"
DEBU[0047] [REMOTE trident::engine] Starting step 'Prepare' for subsystem 'initrd'  file=crates/trident/src/engine/mod.rs line=309 module="trident::engine"
DEBU[0047] [REMOTE trident::engine] Starting step 'Prepare' for subsystem 'selinux'  file=crates/trident/src/engine/mod.rs line=309 module="trident::engine"
DEBU[0047] [REMOTE trident::engine] Finished step 'Prepare'  file=crates/trident/src/engine/mod.rs line=324 module="trident::engine"
DEBU[0047] [REMOTE trident::engine::clean_install] Preparing storage to mount new root  file=crates/trident/src/engine/clean_install.rs line=216 module="trident::engine::clean_install"
DEBU[0047] [REMOTE trident::engine::storage] Initializing block devices  file=crates/trident/src/engine/storage/mod.rs line=34 module="trident::engine::storage"
DEBU[0047] [REMOTE trident::engine::storage] Closing pre-existing block devices  file=crates/trident/src/engine/storage/mod.rs line=50 module="trident::engine::storage"
DEBU[0047] [REMOTE trident::engine::storage::partitioning::safety_check] Running partitioning safety check  file=crates/trident/src/engine/storage/partitioning/safety_check.rs line=15 module="trident::engine::storage::partitioning::safety_check"
DEBU[0047] [REMOTE trident::engine::storage::partitioning::safety_check] Running partitioning safety check for disk 'os'  file=crates/trident/src/engine/storage/partitioning/safety_check.rs line=18 module="trident::engine::storage::partitioning::safety_check"
DEBU[0047] [REMOTE trident::engine::storage::partitioning::safety_check] Disk 'os' has no mount points, proceeding...  file=crates/trident/src/engine/storage/partitioning/safety_check.rs line=26 module="trident::engine::storage::partitioning::safety_check"
DEBU[0047] [REMOTE trident::engine::storage::partitioning::safety_check] Running partitioning safety check for disk 'disk2'  file=crates/trident/src/engine/storage/partitioning/safety_check.rs line=18 module="trident::engine::storage::partitioning::safety_check"
DEBU[0047] [REMOTE trident::engine::storage::partitioning::safety_check] Disk 'disk2' has no mount points, proceeding...  file=crates/trident/src/engine/storage/partitioning/safety_check.rs line=26 module="trident::engine::storage::partitioning::safety_check"
INFO[0047] [REMOTE trident::engine::storage::partitioning::safety_check] Partitioning safety check passed  file=crates/trident/src/engine/storage/partitioning/safety_check.rs line=103 module="trident::engine::storage::partitioning::safety_check"
INFO[0047] [REMOTE trident::engine::storage::partitioning] Starting repartitioning process  file=crates/trident/src/engine/storage/partitioning/mod.rs line=25 module="trident::engine::storage::partitioning"
DEBU[0047] [REMOTE trident::engine::storage::partitioning] Creating partitions on disk 'os'  file=crates/trident/src/engine/storage/partitioning/mod.rs line=30 module="trident::engine::storage::partitioning"
INFO[0047] [REMOTE trident::engine::storage::partitioning::repart_mode] Initializing 'os': creating disk partitions  file=crates/trident/src/engine/storage/partitioning/repart_mode.rs line=40 module="trident::engine::storage::partitioning::repart_mode"
DEBU[0047] [REMOTE trident::engine::storage::partitioning] Creating partitions on disk 'disk2'  file=crates/trident/src/engine/storage/partitioning/mod.rs line=30 module="trident::engine::storage::partitioning"
INFO[0047] [REMOTE trident::engine::storage::partitioning::repart_mode] Initializing 'disk2': creating disk partitions  file=crates/trident/src/engine/storage/partitioning/repart_mode.rs line=40 module="trident::engine::storage::partitioning::repart_mode"
DEBU[0047] [REMOTE trident::engine::storage::image] Skipping deployment of filesystem [src:image, type:vfat, dev:esp, mnt:/boot/efi] sourced from OS Image, as it is the ESP.  file=crates/trident/src/engine/storage/image.rs line=219 module="trident::engine::storage::image"
DEBU[0047] [REMOTE trident::engine::storage::image] Skipping non-image file at path 'cosi-marker' from imaging  file=crates/trident/src/engine/storage/image.rs line=158 module="trident::engine::storage::image"
DEBU[0047] [REMOTE trident::engine::storage::image] Skipping non-image file at path 'metadata.json' from imaging  file=crates/trident/src/engine/storage/image.rs line=158 module="trident::engine::storage::image"
DEBU[0047] [REMOTE trident::engine::storage::image] Skipping non-image file at path 'images/trident-testimage_0_gpt.raw.zst' from imaging  file=crates/trident/src/engine/storage/image.rs line=158 module="trident::engine::storage::image"
DEBU[0047] [REMOTE trident::engine::storage::image] Skipping non-image file at path 'images/trident-testimage_0_1.raw.zst' from imaging  file=crates/trident/src/engine/storage/image.rs line=158 module="trident::engine::storage::image"
INFO[0047] [REMOTE trident::engine::storage::image] Initializing 'root': writing image for filesystem from 'http://10.91.162.60:4000/files/regular.cosi'  file=crates/trident/src/engine/storage/image.rs line=165 module="trident::engine::storage::image"
DEBU[0052] [REMOTE trident::io_utils::image_streamer] Copied 864.7M [906743808] to '/dev/disk/by-partuuid/d23517e6-f337-4477-86de-d612039b6b1a' ('/dev/sda1') in 5.04 seconds: 180.04 MB/s  file=crates/trident/src/io_utils/image_streamer.rs line=108 module="trident::io_utils::image_streamer"
DEBU[0052] [REMOTE trident::engine::storage::image] Checking filesystem on block device 'root'  file=crates/trident/src/engine/storage/image.rs line=360 module="trident::engine::storage::image"
DEBU[0053] [REMOTE trident::engine::storage::image] Resizing filesystem on block device 'root'  file=crates/trident/src/engine/storage/image.rs line=363 module="trident::engine::storage::image"
DEBU[0053] [REMOTE trident::engine::storage::filesystem] Creating filesystems on block devices  file=crates/trident/src/engine/storage/filesystem.rs line=17 module="trident::engine::storage::filesystem"
DEBU[0053] [REMOTE trident::engine::storage::filesystem] Determining block devices needing filesystem creation  file=crates/trident/src/engine/storage/filesystem.rs line=36 module="trident::engine::storage::filesystem"
DEBU[0053] [REMOTE trident::engine::storage::filesystem] Found 3 block devices needing filesystem creation  file=crates/trident/src/engine/storage/filesystem.rs line=120 module="trident::engine::storage::filesystem"
INFO[0053] [REMOTE trident::engine::storage::filesystem] Initializing 'trident': creating filesystem of type 'ext4'  file=crates/trident/src/engine/storage/filesystem.rs line=22 module="trident::engine::storage::filesystem"
INFO[0053] [REMOTE trident::engine::storage::filesystem] Initializing 'home': creating filesystem of type 'ext4'  file=crates/trident/src/engine/storage/filesystem.rs line=22 module="trident::engine::storage::filesystem"
DEBU[0053] [REMOTE trident::engine::storage::filesystem] Creating 'ext4' filesystem on block device "/dev/disk/by-partuuid/7f806611-4852-462f-b04a-8481b1868d9b"  file=crates/trident/src/engine/storage/filesystem.rs line=134 module="trident::engine::storage::filesystem"
DEBU[0053] [REMOTE trident::engine::storage::filesystem] Creating 'ext4' filesystem on block device "/dev/disk/by-partuuid/2921e1f9-b033-496c-b5c3-f143154555ec"  file=crates/trident/src/engine/storage/filesystem.rs line=134 module="trident::engine::storage::filesystem"
INFO[0053] [REMOTE trident::engine::storage::filesystem] Initializing 'esp': creating filesystem of type 'vfat'  file=crates/trident/src/engine/storage/filesystem.rs line=22 module="trident::engine::storage::filesystem"
DEBU[0053] [REMOTE trident::engine::storage::filesystem] Creating 'vfat' filesystem on block device "/dev/disk/by-partuuid/0a3205d7-4837-4266-a26e-b170da637f3b"  file=crates/trident/src/engine/storage/filesystem.rs line=134 module="trident::engine::storage::filesystem"
DEBU[0053] [REMOTE trident::engine::storage::swap] Creating swap on block devices  file=crates/trident/src/engine/storage/swap.rs line=23 module="trident::engine::storage::swap"
DEBU[0053] [REMOTE trident::engine::storage::swap] Creating swap on block device "/dev/disk/by-partuuid/54d1faac-95b7-465d-b389-06044368b776"  file=crates/trident/src/engine/storage/swap.rs line=30 module="trident::engine::storage::swap"
INFO[0053] [REMOTE trident::engine::storage] Triggering udev rescan after block device setup to clear stale device entries  file=crates/trident/src/engine/storage/mod.rs line=82 module="trident::engine::storage"
DEBU[0053] [REMOTE trident::engine::newroot] Attempting to mount newroot at '/mnt/newroot'  file=crates/trident/src/engine/newroot.rs line=74 module="trident::engine::newroot"
DEBU[0053] [REMOTE trident::engine::newroot] Mounting block device 'root' to '/mnt/newroot/'  file=crates/trident/src/engine/newroot.rs line=204 module="trident::engine::newroot"
DEBU[0053] [REMOTE trident::engine::newroot] Mounting block device 'esp' to '/mnt/newroot/boot/efi'  file=crates/trident/src/engine/newroot.rs line=204 module="trident::engine::newroot"
DEBU[0053] [REMOTE trident::engine::newroot] Mounting block device 'home' to '/mnt/newroot/home'  file=crates/trident/src/engine/newroot.rs line=204 module="trident::engine::newroot"
DEBU[0053] [REMOTE trident::engine::newroot] Mounting block device 'trident' to '/mnt/newroot/var/lib/trident'  file=crates/trident/src/engine/newroot.rs line=204 module="trident::engine::newroot"
WARN[0053] [REMOTE trident::engine::newroot] Mount target: '/mnt/newroot/var/lib/trident' does not exist. Attempting to create it.  file=crates/trident/src/engine/newroot.rs line=706 module="trident::engine::newroot"
DEBU[0054] [REMOTE trident::engine::newroot] Mounting tmpfs to '/mnt/newroot/tmp'  file=crates/trident/src/engine/newroot.rs line=317 module="trident::engine::newroot"
DEBU[0054] [REMOTE trident::engine::newroot] Mounting tmpfs to '/mnt/newroot/run'  file=crates/trident/src/engine/newroot.rs line=317 module="trident::engine::newroot"
DEBU[0054] [REMOTE trident::engine::install_index] Looking for next available install index in '/mnt/newroot/boot/efi/EFI'  file=crates/trident/src/engine/install_index.rs line=31 module="trident::engine::install_index"
DEBU[0054] [REMOTE trident::engine::install_index] Selected first available install index: '0'  file=crates/trident/src/engine/install_index.rs line=38 module="trident::engine::install_index"
INFO[0054] [REMOTE trident::engine] Starting step 'Provision'  file=crates/trident/src/engine/mod.rs line=337 module="trident::engine"
DEBU[0054] [REMOTE trident::engine] Starting step 'Provision' for subsystem 'mos-config'  file=crates/trident/src/engine/mod.rs line=340 module="trident::engine"
DEBU[0054] [REMOTE trident::engine] Starting step 'Provision' for subsystem 'esp'  file=crates/trident/src/engine/mod.rs line=340 module="trident::engine"
DEBU[0054] [REMOTE trident::subsystems::esp] Extracting ESP image to /mnt/newroot/var/tmp/.tmpWHD451  file=crates/trident/src/subsystems/esp.rs line=208 module="trident::subsystems::esp"
DEBU[0054] [REMOTE trident::io_utils::image_streamer] Copied 8.0M [8388608] to '/mnt/newroot/var/tmp/.tmpWHD451' in 0.05 seconds: 159.28 MB/s  file=crates/trident/src/io_utils/image_streamer.rs line=108 module="trident::io_utils::image_streamer"
DEBU[0054] [REMOTE trident::subsystems::esp] Writing boot files to directory /mnt/newroot/boot/efi/EFI/AZLA  file=crates/trident/src/subsystems/esp.rs line=253 module="trident::subsystems::esp"
DEBU[0054] [REMOTE trident::subsystems::esp] Using GRUB configuration file 'grub.cfg' from '/tmp/.tmpU9DUQ8/boot/grub2/grub.cfg'  file=crates/trident/src/subsystems/esp.rs line=661 module="trident::subsystems::esp"
DEBU[0054] [REMOTE trident::subsystems::esp] Using GRUB EFI executable from '/tmp/.tmpU9DUQ8/EFI/BOOT/grubx64-noprefix.efi'  file=crates/trident/src/subsystems/esp.rs line=687 module="trident::subsystems::esp"
DEBU[0054] [REMOTE trident::subsystems::esp] Using shim EFI executable from '/tmp/.tmpU9DUQ8/EFI/BOOT/bootx64.efi'  file=crates/trident/src/subsystems/esp.rs line=703 module="trident::subsystems::esp"
DEBU[0054] [REMOTE trident::subsystems::esp] Creating directory /mnt/newroot/boot/efi/EFI/AZLA  file=crates/trident/src/subsystems/esp.rs line=272 module="trident::subsystems::esp"
DEBU[0054] [REMOTE trident::subsystems::esp] Copying file '/tmp/.tmpU9DUQ8/boot/grub2/grub.cfg' to '/mnt/newroot/boot/efi/EFI/AZLA/grub.cfg'  file=crates/trident/src/subsystems/esp.rs line=603 module="trident::subsystems::esp"
DEBU[0054] [REMOTE trident::subsystems::esp] Copying file '/tmp/.tmpU9DUQ8/EFI/BOOT/grubx64-noprefix.efi' to '/mnt/newroot/boot/efi/EFI/AZLA/grubx64-noprefix.efi'  file=crates/trident/src/subsystems/esp.rs line=603 module="trident::subsystems::esp"
DEBU[0054] [REMOTE trident::subsystems::esp] Copying file '/tmp/.tmpU9DUQ8/EFI/BOOT/bootx64.efi' to '/mnt/newroot/boot/efi/EFI/AZLA/bootx64.efi'  file=crates/trident/src/subsystems/esp.rs line=603 module="trident::subsystems::esp"
DEBU[0054] [REMOTE trident::engine] Starting step 'Provision' for subsystem 'storage'  file=crates/trident/src/engine/mod.rs line=340 module="trident::engine"
DEBU[0054] [REMOTE trident::engine] Starting step 'Provision' for subsystem 'boot'  file=crates/trident/src/engine/mod.rs line=340 module="trident::engine"
DEBU[0054] [REMOTE trident::engine] Starting step 'Provision' for subsystem 'network'  file=crates/trident/src/engine/mod.rs line=340 module="trident::engine"
DEBU[0054] [REMOTE trident::engine] Starting step 'Provision' for subsystem 'os-config'  file=crates/trident/src/engine/mod.rs line=340 module="trident::engine"
DEBU[0054] [REMOTE trident::engine] Starting step 'Provision' for subsystem 'management'  file=crates/trident/src/engine/mod.rs line=340 module="trident::engine"
DEBU[0054] [REMOTE trident::engine] Starting step 'Provision' for subsystem 'extensions'  file=crates/trident/src/engine/mod.rs line=340 module="trident::engine"
DEBU[0054] [REMOTE trident::engine] Starting step 'Provision' for subsystem 'hooks'  file=crates/trident/src/engine/mod.rs line=340 module="trident::engine"
DEBU[0054] [REMOTE trident::engine] Starting step 'Provision' for subsystem 'initrd'  file=crates/trident/src/engine/mod.rs line=340 module="trident::engine"
DEBU[0054] [REMOTE trident::engine] Starting step 'Provision' for subsystem 'selinux'  file=crates/trident/src/engine/mod.rs line=340 module="trident::engine"
DEBU[0054] [REMOTE trident::engine] Finished step 'Provision'  file=crates/trident/src/engine/mod.rs line=363 module="trident::engine"
DEBU[0054] [REMOTE trident::engine::clean_install] Entering '/mnt/newroot' chroot  file=crates/trident/src/engine/clean_install.rs line=230 module="trident::engine::clean_install"
DEBU[0054] [REMOTE osutils::chroot] Mounting special directories  file=crates/osutils/src/chroot.rs line=36 module="osutils::chroot"
DEBU[0054] [REMOTE osutils::chroot] Entering chroot  file=crates/osutils/src/chroot.rs line=51 module="osutils::chroot"
INFO[0054] [REMOTE trident::engine] Starting step 'Configure'  file=crates/trident/src/engine/mod.rs line=378 module="trident::engine"
DEBU[0054] [REMOTE trident::engine] Starting step 'Configure' for subsystem 'mos-config'  file=crates/trident/src/engine/mod.rs line=381 module="trident::engine"
DEBU[0054] [REMOTE trident::engine] Starting step 'Configure' for subsystem 'esp'  file=crates/trident/src/engine/mod.rs line=381 module="trident::engine"
DEBU[0054] [REMOTE trident::engine] Starting step 'Configure' for subsystem 'storage'  file=crates/trident/src/engine/mod.rs line=381 module="trident::engine"
DEBU[0054] [REMOTE trident::engine] Starting step 'Configure' for subsystem 'boot'  file=crates/trident/src/engine/mod.rs line=381 module="trident::engine"
INFO[0054] [REMOTE trident::engine::boot::grub] Disabling default cloud-init network config  file=crates/trident/src/engine/boot/grub.rs line=98 module="trident::engine::boot::grub"
DEBU[0054] [REMOTE osutils::grub_mkconfig] Writing grub-mkconfig script to '/etc/default/grub.d/prefer-netplan.cfg'  file=crates/osutils/src/grub_mkconfig.rs line=104 module="osutils::grub_mkconfig"
DEBU[0054] [REMOTE trident::engine::boot::grub] Updating GRUB config for Azure Linux 3.0 with OS modifier  file=crates/trident/src/engine/boot/grub.rs line=106 module="trident::engine::boot::grub"
INFO[0054] [REMOTE osmodifier] Syncing grub.cfg values to /etc/default/grub  file=crates/osmodifier/src/lib.rs line=135 module=osmodifier
DEBU[0054] [REMOTE osmodifier::grub_cfg] Found linux line: /boot/vmlinuz-6.6.143.1-1.azl3 root=UUID=c2446a75-a58a-4342-b3be-053cdfa843c8 ro    security=selinux selinux=1  rd.auto=1 net.ifnames=0 lockdown=integrity  console=tty0 console=ttyS0 rd.info log_buf_len=1M $kernelopts  file=crates/osmodifier/src/grub_cfg.rs line=48 module="osmodifier::grub_cfg"
DEBU[0054] [REMOTE osmodifier::default_grub] Reading default grub from '/etc/default/grub'  file=crates/osmodifier/src/default_grub.rs line=32 module="osmodifier::default_grub"
DEBU[0054] [REMOTE osmodifier::default_grub] Writing default grub to '/etc/default/grub'  file=crates/osmodifier/src/default_grub.rs line=48 module="osmodifier::default_grub"
INFO[0054] [REMOTE osmodifier::grub_cfg] Running grub2-mkconfig -o '/boot/grub2/grub.cfg'  file=crates/osmodifier/src/grub_cfg.rs line=237 module="osmodifier::grub_cfg"
DEBU[0056] [REMOTE osmodifier::grub_cfg] grub2-mkconfig completed successfully  file=crates/osmodifier/src/grub_cfg.rs line=246 module="osmodifier::grub_cfg"
INFO[0056] [REMOTE osmodifier] Successfully updated default grub  file=crates/osmodifier/src/lib.rs line=153 module=osmodifier
INFO[0056] [REMOTE osmodifier] Applying boot configuration modifications  file=crates/osmodifier/src/lib.rs line=164 module=osmodifier
DEBU[0056] [REMOTE osmodifier::default_grub] Reading default grub from '/etc/default/grub'  file=crates/osmodifier/src/default_grub.rs line=32 module="osmodifier::default_grub"
DEBU[0056] [REMOTE osmodifier] Updating SELinux in boot config  file=crates/osmodifier/src/lib.rs line=171 module=osmodifier
DEBU[0056] [REMOTE osmodifier::selinux] Updating SELinux config at '/etc/selinux/config' to 'enforcing'  file=crates/osmodifier/src/selinux.rs line=68 module="osmodifier::selinux"
DEBU[0056] [REMOTE osmodifier] Setting root device to '/dev/disk/by-partuuid/d23517e6-f337-4477-86de-d612039b6b1a'  file=crates/osmodifier/src/lib.rs line=221 module=osmodifier
DEBU[0056] [REMOTE osmodifier::default_grub] Writing default grub to '/etc/default/grub'  file=crates/osmodifier/src/default_grub.rs line=48 module="osmodifier::default_grub"
INFO[0056] [REMOTE osmodifier::grub_cfg] Running grub2-mkconfig -o '/boot/grub2/grub.cfg'  file=crates/osmodifier/src/grub_cfg.rs line=237 module="osmodifier::grub_cfg"
DEBU[0059] [REMOTE osmodifier::grub_cfg] grub2-mkconfig completed successfully  file=crates/osmodifier/src/grub_cfg.rs line=246 module="osmodifier::grub_cfg"
DEBU[0059] [REMOTE trident::engine::boot::grub] Finished updating GRUB config for Azure Linux 3.0 with OS modifier  file=crates/trident/src/engine/boot/grub.rs line=225 module="trident::engine::boot::grub"
DEBU[0059] [REMOTE trident::engine::boot::grub] Updating ESP GRUB config at path '/boot/efi/EFI/AZLA/grub.cfg' with UUID 'c2446a75-a58a-4342-b3be-053cdfa843c8'  file=crates/trident/src/engine/boot/grub.rs line=28 module="trident::engine::boot::grub"
DEBU[0059] [REMOTE trident::engine] Starting step 'Configure' for subsystem 'network'  file=crates/trident/src/engine/mod.rs line=381 module="trident::engine"
DEBU[0059] [REMOTE trident::subsystems::network] Configuring network  file=crates/trident/src/subsystems/network.rs line=52 module="trident::subsystems::network"
DEBU[0059] [REMOTE osutils::netplan] Writing netplan config to /etc/netplan/99-trident.yaml  file=crates/osutils/src/netplan.rs line=26 module="osutils::netplan"
DEBU[0059] [REMOTE osutils::netplan] Generating netplan config  file=crates/osutils/src/netplan.rs line=42 module="osutils::netplan"
DEBU[0060] [REMOTE trident::subsystems::network] Disabling cloud-init networking  file=crates/trident/src/subsystems/network.rs line=92 module="trident::subsystems::network"
DEBU[0060] [REMOTE trident::engine] Starting step 'Configure' for subsystem 'os-config'  file=crates/trident/src/engine/mod.rs line=381 module="trident::engine"
DEBU[0060] [REMOTE trident::subsystems::osconfig] Setting up users  file=crates/trident/src/subsystems/osconfig/mod.rs line=198 module="trident::subsystems::osconfig"
DEBU[0060] [REMOTE trident::subsystems::osconfig::users] Setting up sshd config  file=crates/trident/src/subsystems/osconfig/users.rs line=18 module="trident::subsystems::osconfig::users"
DEBU[0060] [REMOTE osmodifier] Applying OS modifications  file=crates/osmodifier/src/lib.rs line=72 module=osmodifier
INFO[0060] [REMOTE osmodifier] Configuring users  file=crates/osmodifier/src/lib.rs line=75 module=osmodifier
INFO[0060] [REMOTE osmodifier::users] Creating user 'testing-user'  file=crates/osmodifier/src/users.rs line=88 module="osmodifier::users"
DEBU[0060] [REMOTE osmodifier::users] Writing 1 SSH key(s) for 'testing-user' to '/home/testing-user/.ssh/authorized_keys'  file=crates/osmodifier/src/users.rs line=407 module="osmodifier::users"
DEBU[0060] [REMOTE trident::engine] Starting step 'Configure' for subsystem 'management'  file=crates/trident/src/engine/mod.rs line=381 module="trident::engine"
DEBU[0060] [REMOTE trident::engine] Starting step 'Configure' for subsystem 'extensions'  file=crates/trident/src/engine/mod.rs line=381 module="trident::engine"
DEBU[0060] [REMOTE trident::subsystems::extensions] Skipping step 'configure' because servicing type is not RuntimeUpdate.  file=crates/trident/src/subsystems/extensions/mod.rs line=171 module="trident::subsystems::extensions"
DEBU[0060] [REMOTE trident::engine] Starting step 'Configure' for subsystem 'hooks'  file=crates/trident/src/engine/mod.rs line=381 module="trident::engine"
DEBU[0060] [REMOTE trident::subsystems::hooks] Running post-configure scripts  file=crates/trident/src/subsystems/hooks.rs line=193 module="trident::subsystems::hooks"
DEBU[0060] [REMOTE trident::subsystems::hooks] Running script 'testing-privilege' with interpreter '/bin/sh'  file=crates/trident/src/subsystems/hooks.rs line=266 module="trident::subsystems::hooks"
INFO[0060] [REMOTE trident::subsystems::hooks] Script 'testing-privilege' executed successfully  file=crates/trident/src/subsystems/hooks.rs line=344 module="trident::subsystems::hooks"
DEBU[0060] [REMOTE trident::subsystems::hooks] Script 'testing-privilege' produced no output  file=crates/trident/src/subsystems/hooks.rs line=346 module="trident::subsystems::hooks"
DEBU[0060] [REMOTE trident::engine] Starting step 'Configure' for subsystem 'initrd'  file=crates/trident/src/engine/mod.rs line=381 module="trident::engine"
INFO[0060] [REMOTE trident::subsystems::initrd] Regenerating initrd  file=crates/trident/src/subsystems/initrd.rs line=37 module="trident::subsystems::initrd"
DEBU[0060] [REMOTE osutils::mkinitrd] Triggering udev rescan before initrd regeneration  file=crates/osutils/src/mkinitrd.rs line=56 module="osutils::mkinitrd"
DEBU[0071] [REMOTE trident::engine] Starting step 'Configure' for subsystem 'selinux'  file=crates/trident/src/engine/mod.rs line=381 module="trident::engine"
DEBU[0081] [REMOTE trident::engine] Finished step 'Configure'  file=crates/trident/src/engine/mod.rs line=405 module="trident::engine"
DEBU[0081] [REMOTE osutils::chroot] Exited chroot. Unmounting special directories  file=crates/osutils/src/chroot.rs line=91 module="osutils::chroot"
INFO[0081] [REMOTE trident::engine] Starting step 'Update Host Configuration'  file=crates/trident/src/engine/mod.rs line=414 module="trident::engine"
DEBU[0081] [REMOTE trident::engine] Starting step 'Update Host Configuration' for subsystem 'mos-config'  file=crates/trident/src/engine/mod.rs line=417 module="trident::engine"
DEBU[0081] [REMOTE trident::engine] Starting step 'Update Host Configuration' for subsystem 'esp'  file=crates/trident/src/engine/mod.rs line=417 module="trident::engine"
DEBU[0081] [REMOTE trident::engine] Starting step 'Update Host Configuration' for subsystem 'storage'  file=crates/trident/src/engine/mod.rs line=417 module="trident::engine"
DEBU[0081] [REMOTE trident::engine] Starting step 'Update Host Configuration' for subsystem 'boot'  file=crates/trident/src/engine/mod.rs line=417 module="trident::engine"
DEBU[0081] [REMOTE trident::engine] Starting step 'Update Host Configuration' for subsystem 'network'  file=crates/trident/src/engine/mod.rs line=417 module="trident::engine"
DEBU[0081] [REMOTE trident::engine] Starting step 'Update Host Configuration' for subsystem 'os-config'  file=crates/trident/src/engine/mod.rs line=417 module="trident::engine"
DEBU[0081] [REMOTE trident::engine] Starting step 'Update Host Configuration' for subsystem 'management'  file=crates/trident/src/engine/mod.rs line=417 module="trident::engine"
DEBU[0081] [REMOTE trident::engine] Starting step 'Update Host Configuration' for subsystem 'extensions'  file=crates/trident/src/engine/mod.rs line=417 module="trident::engine"
DEBU[0081] [REMOTE trident::engine] Starting step 'Update Host Configuration' for subsystem 'hooks'  file=crates/trident/src/engine/mod.rs line=417 module="trident::engine"
DEBU[0081] [REMOTE trident::engine] Starting step 'Update Host Configuration' for subsystem 'initrd'  file=crates/trident/src/engine/mod.rs line=417 module="trident::engine"
DEBU[0081] [REMOTE trident::engine] Starting step 'Update Host Configuration' for subsystem 'selinux'  file=crates/trident/src/engine/mod.rs line=417 module="trident::engine"
DEBU[0081] [REMOTE trident::engine] Finished step 'Update Host Configuration'  file=crates/trident/src/engine/mod.rs line=432 module="trident::engine"
INFO[0081] [REMOTE trident::engine] Starting step 'Clean Up'  file=crates/trident/src/engine/mod.rs line=437 module="trident::engine"
DEBU[0081] [REMOTE trident::engine] Starting step 'Clean Up' for subsystem 'mos-config'  file=crates/trident/src/engine/mod.rs line=440 module="trident::engine"
DEBU[0081] [REMOTE trident::engine] Starting step 'Clean Up' for subsystem 'esp'  file=crates/trident/src/engine/mod.rs line=440 module="trident::engine"
DEBU[0081] [REMOTE trident::engine] Starting step 'Clean Up' for subsystem 'storage'  file=crates/trident/src/engine/mod.rs line=440 module="trident::engine"
DEBU[0081] [REMOTE trident::engine] Starting step 'Clean Up' for subsystem 'boot'  file=crates/trident/src/engine/mod.rs line=440 module="trident::engine"
DEBU[0081] [REMOTE trident::engine] Starting step 'Clean Up' for subsystem 'network'  file=crates/trident/src/engine/mod.rs line=440 module="trident::engine"
DEBU[0081] [REMOTE trident::engine] Starting step 'Clean Up' for subsystem 'os-config'  file=crates/trident/src/engine/mod.rs line=440 module="trident::engine"
DEBU[0081] [REMOTE trident::engine] Starting step 'Clean Up' for subsystem 'management'  file=crates/trident/src/engine/mod.rs line=440 module="trident::engine"
DEBU[0081] [REMOTE trident::engine] Starting step 'Clean Up' for subsystem 'extensions'  file=crates/trident/src/engine/mod.rs line=440 module="trident::engine"
DEBU[0081] [REMOTE trident::subsystems::extensions] Skipping step 'clean up' because servicing type is not RuntimeUpdate.  file=crates/trident/src/subsystems/extensions/mod.rs line=263 module="trident::subsystems::extensions"
DEBU[0081] [REMOTE trident::engine] Starting step 'Clean Up' for subsystem 'hooks'  file=crates/trident/src/engine/mod.rs line=440 module="trident::engine"
DEBU[0081] [REMOTE trident::engine] Starting step 'Clean Up' for subsystem 'initrd'  file=crates/trident/src/engine/mod.rs line=440 module="trident::engine"
DEBU[0081] [REMOTE trident::engine] Starting step 'Clean Up' for subsystem 'selinux'  file=crates/trident/src/engine/mod.rs line=440 module="trident::engine"
DEBU[0081] [REMOTE trident::engine] Finished step 'Clean Up'  file=crates/trident/src/engine/mod.rs line=455 module="trident::engine"
DEBU[0081] [REMOTE trident::engine::clean_install] Updating host's servicing state to 'CleanInstallStaged'  file=crates/trident/src/engine/clean_install.rs line=257 module="trident::engine::clean_install"
INFO[0081] [REMOTE trident::engine::clean_install] Staging of clean install succeeded  file=crates/trident/src/engine/clean_install.rs line=276 module="trident::engine::clean_install"
INFO[0081] [REMOTE trident::engine::clean_install] Finalizing clean install  file=crates/trident/src/engine/clean_install.rs line=291 module="trident::engine::clean_install"
DEBU[0081] [REMOTE trident::engine] Rebuilding storage graph for engine context  file=crates/trident/src/engine/mod.rs line=463 module="trident::engine"
DEBU[0081] [REMOTE trident::engine::bootentries] Found disk for ESP partition 'esp' with device path '/dev/sda'  file=crates/trident/src/engine/bootentries.rs line=561 module="trident::engine::bootentries"
DEBU[0081] [REMOTE trident::engine::bootentries] The disk path of the first ESP partition is "/dev/sda", and the partition UUID path is "/dev/disk/by-partuuid/0a3205d7-4837-4266-a26e-b170da637f3b"  file=crates/trident/src/engine/bootentries.rs line=444 module="trident::engine::bootentries"
DEBU[0081] [REMOTE trident::engine::bootentries] ESP partition number: 3  file=crates/trident/src/engine/bootentries.rs line=456 module="trident::engine::bootentries"
DEBU[0081] [REMOTE trident::engine::bootentries] Added boot entry '0003' with label 'AZLA'  file=crates/trident/src/engine/bootentries.rs line=472 module="trident::engine::bootentries"
DEBU[0081] [REMOTE trident::engine::bootentries] Set `BootNext` to newly added first entry '0003'  file=crates/trident/src/engine/bootentries.rs line=144 module="trident::engine::bootentries"
DEBU[0081] [REMOTE trident::subsystems::esp] Configuring UEFI fallback for servicing state CleanInstallStaged using source ESP dir 'AZLA'  file=crates/trident/src/subsystems/esp.rs line=81 module="trident::subsystems::esp"
DEBU[0081] [REMOTE trident::subsystems::esp] Copying files during CleanInstall from '/mnt/newroot/boot/efi/EFI/AZLA' to '/mnt/newroot/boot/efi/EFI/BOOT'  file=crates/trident/src/subsystems/esp.rs line=458 module="trident::subsystems::esp"
DEBU[0081] [REMOTE trident::engine::clean_install] Updating host's servicing state to 'CleanInstallFinalized'  file=crates/trident/src/engine/clean_install.rs line=330 module="trident::engine::clean_install"
DEBU[0081] [REMOTE trident::engine] Persisting Trident background log from '/var/log/trident-full.log' to '/mnt/newroot/var/lib/trident/trident-CleanInstallFinalized-20260727T205701Z.log'   file=crates/trident/src/engine/mod.rs line=204 module="trident::engine"
DEBU[0081] [REMOTE trident::engine] Persisting Trident metrics from '/var/log/trident-metrics.jsonl' to '/mnt/newroot/var/lib/trident/trident-metrics-CleanInstallFinalized-20260727T205701Z.jsonl'   file=crates/trident/src/engine/mod.rs line=217 module="trident::engine"
DEBU[0081] [REMOTE trident::engine] Successfully persisted Trident background log from '/var/log/trident-full.log' to '/mnt/newroot/var/lib/trident/trident-CleanInstallFinalized-20260727T205701Z.log'  file=crates/trident/src/engine/mod.rs line=232 module="trident::engine"
DEBU[0081] [REMOTE trident::engine] Successfully persisted Trident metrics from '/var/log/trident-metrics.jsonl' to '/mnt/newroot/var/lib/trident/trident-metrics-CleanInstallFinalized-20260727T205701Z.jsonl'   file=crates/trident/src/engine/mod.rs line=248 module="trident::engine"
DEBU[0081] [REMOTE trident::engine::newroot] Unmounting newroot at '/mnt/newroot'  file=crates/trident/src/engine/newroot.rs line=138 module="trident::engine::newroot"
DEBU[0081] [REMOTE trident::engine::newroot] Unmounting '/mnt/newroot/run'  file=crates/trident/src/engine/newroot.rs line=112 module="trident::engine::newroot"
DEBU[0081] [REMOTE trident::engine::newroot] Unmounting '/mnt/newroot/tmp'  file=crates/trident/src/engine/newroot.rs line=112 module="trident::engine::newroot"
DEBU[0081] [REMOTE trident::engine::newroot] Unmounting '/mnt/newroot/var/lib/trident'  file=crates/trident/src/engine/newroot.rs line=112 module="trident::engine::newroot"
DEBU[0081] [REMOTE trident::engine::newroot] Unmounting '/mnt/newroot/home'  file=crates/trident/src/engine/newroot.rs line=112 module="trident::engine::newroot"
DEBU[0081] [REMOTE trident::engine::newroot] Unmounting '/mnt/newroot/boot/efi'  file=crates/trident/src/engine/newroot.rs line=112 module="trident::engine::newroot"
DEBU[0081] [REMOTE trident::engine::newroot] Unmounting '/mnt/newroot/'  file=crates/trident/src/engine/newroot.rs line=112 module="trident::engine::newroot"
DEBU[0082] [REMOTE osutils::installation_media] Live media boot detected  file=crates/osutils/src/installation_media.rs line=29 module="osutils::installation_media"
INFO[0082] [REMOTE osutils::installation_media] Please remove the installation media when the system reboots  file=crates/osutils/src/installation_media.rs line=57 module="osutils::installation_media"
INFO[0082] [REMOTE trident::reboot] Syncing filesystem  file=crates/trident/src/reboot.rs line=25 module="trident::reboot"
DEBU[0082] [REMOTE trident::reboot] Requesting reboot  file=crates/trident/src/reboot.rs line=36 module="trident::reboot"
INFO[0082] [REMOTE trident::reboot] Rebooting system  file=crates/trident/src/reboot.rs line=44 module="trident::reboot"
DEBU[0100] [REMOTE trident::orchestrate] Reporting status to orchestrator at http://10.91.162.60:4000/phonehome, attempt connection for 60 seconds  file=crates/trident/src/orchestrate.rs line=37 module="trident::orchestrate"
INFO[0100] Trident connected from 192.168.242.2:43398   
INFO[0100] Trident started (connection attempt 0)        host_status= state=started
DEBU[0100] [REMOTE trident::orchestrate] Connected to orchestrator  file=crates/trident/src/orchestrate.rs line=61 module="trident::orchestrate"
INFO[0100] [REMOTE trident] Running Trident version: 0.26.0-2026071402.v44567e0  file=crates/trident/src/lib.rs line=206 module=trident
DEBU[0100] [REMOTE trident] Trident is running in SELinux domain 'system_u:system_r:trident_t:s0 '  file=crates/trident/src/lib.rs line=217 module=trident
DEBU[0100] [REMOTE trident::datastore] Loading datastore from /var/lib/trident/datastore.sqlite  file=crates/trident/src/datastore.rs line=39 module="trident::datastore"
DEBU[0100] [REMOTE trident] Execute and record error with servicing state: CleanInstallFinalized and last error: None  file=crates/trident/src/lib.rs line=300 module=trident
INFO[0100] [REMOTE trident::engine::rollback] Validating whether host correctly booted from target OS image  file=crates/trident/src/engine/rollback.rs line=46 module="trident::engine::rollback"
DEBU[0100] [REMOTE trident::engine] Rebuilding storage graph for engine context  file=crates/trident/src/engine/mod.rs line=463 module="trident::engine"
DEBU[0100] [REMOTE osutils::block_devices] Not running inside a container. Using default root mount path '/'  file=crates/osutils/src/block_devices.rs line=179 module="osutils::block_devices"
INFO[0100] [REMOTE trident::engine::rollback] Current root device path: '/dev/sda1' ('/dev/disk/by-partuuid/d23517e6-f337-4477-86de-d612039b6b1a')  file=crates/trident/src/engine/rollback.rs line=431 module="trident::engine::rollback"
INFO[0100] [REMOTE trident::engine::rollback] Expected root device path: '/dev/sda1' ('/dev/disk/by-partuuid/d23517e6-f337-4477-86de-d612039b6b1a')  file=crates/trident/src/engine/rollback.rs line=505 module="trident::engine::rollback"
INFO[0100] [REMOTE trident::engine::rollback] Host booted from expected root device '/dev/sda1'  file=crates/trident/src/engine/rollback.rs line=564 module="trident::engine::rollback"
INFO[0100] [REMOTE trident::engine::rollback] Host successfully booted from target OS image  file=crates/trident/src/engine/rollback.rs line=113 module="trident::engine::rollback"
DEBU[0100] [REMOTE trident::engine::bootentries] Found boot entries with label 'AZLA': ["0003"]  file=crates/trident/src/engine/bootentries.rs line=204 module="trident::engine::bootentries"
DEBU[0100] [REMOTE trident::engine::bootentries] Adding boot entry '0003' to the beginning of `BootOrder`  file=crates/trident/src/engine/bootentries.rs line=623 module="trident::engine::bootentries"
DEBU[0100] [REMOTE trident::engine::bootentries] Modifying `BootOrder` to 0003,0002,0000,0001  file=crates/trident/src/engine/bootentries.rs line=605 module="trident::engine::bootentries"
DEBU[0100] [REMOTE trident::subsystems::esp] No UEFI fallback configuration needed for servicing state CleanInstallFinalized  file=crates/trident/src/subsystems/esp.rs line=93 module="trident::subsystems::esp"
INFO[0100] [REMOTE trident::engine::rollback] Clean install of target OS succeeded  file=crates/trident/src/engine/rollback.rs line=294 module="trident::engine::rollback"
DEBU[0100] [REMOTE trident::engine::rollback] Updating host's servicing state to 'Provisioned'  file=crates/trident/src/engine/rollback.rs line=315 module="trident::engine::rollback"
DEBU[0100] [REMOTE trident::orchestrate] Reporting provisioning succeeded  file=crates/trident/src/orchestrate.rs line=90 module="trident::orchestrate"
INFO[0100] Reported host Status:
spec:
  trident:
    disable: false
    phonehome: http://10.91.162.60:4000/phonehome
    logstream: http://10.91.162.60:4000/logstream
  storage:
    disks:
    - id: os
      device: /dev/disk/by-path/pci-0000:00:1f.2-ata-2
      partitionTableType: gpt
      partitions:
      - id: root-a
        type: root
        size: 8G
        uuid: null
        label: null
      - id: root-b
        type: root
        size: 8G
        uuid: null
        label: null
      - id: esp
        type: esp
        size: 1G
        uuid: null
        label: null
      - id: swap
        type: swap
        size: 2G
        uuid: null
        label: null
      - id: home
        type: home
        size: 1G
        uuid: null
        label: null
      - id: trident
        type: linux-generic
        size: 1G
        uuid: null
        label: null
    - id: disk2
      device: /dev/disk/by-path/pci-0000:00:1f.2-ata-3
      partitionTableType: gpt
      partitions: []
    abUpdate:
      volumePairs:
      - id: root
        volumeAId: root-a
        volumeBId: root-b
    filesystems:
    - deviceId: trident
      source: new
      type: ext4
      mountPoint:
        path: /var/lib/trident
        options: defaults
    - deviceId: home
      source: new
      type: ext4
      mountPoint:
        path: /home
        options: defaults
    - deviceId: esp
      mountPoint:
        path: /boot/efi
        options: umask=0077
    - deviceId: root
      mountPoint:
        path: /
        options: defaults
    swap:
    - deviceId: swap
  scripts:
    postConfigure:
    - name: testing-privilege
      runOn:
      - clean-install
      - ab-update
      content: echo 'testing-user ALL=(ALL:ALL) NOPASSWD:ALL' > /etc/sudoers.d/testing-user
  os:
    netplan:
      version: 2
      ethernets:
        vmeths:
          match:
            name: enp*
          dhcp4: true
    selinux:
      mode: enforcing
    users:
    - name: testing-user
      sshPublicKeys:
      - |
        ssh-rsa AAAAB3NzaC1yc2EAAAADAQABAAABAQC1FqpKgHFSbuv9FiZ/xpdPL5eD+xJLn6bvrIhG6ZpeOdS3/IP6BzZowYQpcXGPrP8qsUHh+sWGTpSyrY886asZjpGeY8jMp4x/Wfq28CY6V03fBpAsA8MvyRyrtKJUmpBHVZmx0m7S7L4uqzeI3DoggJ+/xfBYEtaXOmP+OeFpO4Pj529ZzP44zozjiO1/4X2T9hpyJccSvj/r7Pkyjykxj+AsgTsAXhyB3IpxoPc+RiZMZexneN0s1uAZyWQKcl1kEnWMjf4/NvApFhFU34QHC4ro8nNzjuEpk3dK+nHnDuSdUWv9LU2CUGfQpwGzykoh5fofb1DsCrok/beJPI73
      sshMode: key-only
    uefiFallback: conservative
  image:
    url: http://10.91.162.60:4000/files/regular.cosi
    sha384: 81533a5eff61585fe4de173c38d9644f5a390fbc9ab9f0cb029b42ef9cd7132ad583fc8f513dc41f8db29adaf9306ab1
servicingState: provisioned
partitionPaths:
  esp: /dev/disk/by-partuuid/0a3205d7-4837-4266-a26e-b170da637f3b
  home: /dev/disk/by-partuuid/2921e1f9-b033-496c-b5c3-f143154555ec
  root-a: /dev/disk/by-partuuid/d23517e6-f337-4477-86de-d612039b6b1a
  root-b: /dev/disk/by-partuuid/bdce528b-7250-4434-99d6-7f310ecc269e
  swap: /dev/disk/by-partuuid/54d1faac-95b7-465d-b389-06044368b776
  trident: /dev/disk/by-partuuid/7f806611-4852-462f-b04a-8481b1868d9b
abActiveVolume: volume-a
diskUuids:
  os: 03621ece-72ba-453c-b0d1-5cdcca70d3ea
  disk2: c9e10290-3c46-484b-b908-23b30fa053c0
installIndex: 0
tridentVersion: 0.26.0-2026071402.v44567e0 
INFO[0100] Trident successfully deployed target OS      
INFO[0102] Login prompt found in VM serial log          
INFO[0102] VM serial log monitor ended successfully     ]]></system-out>
		</testcase>
		<testcase name="check-trident-ssh" classname="" time="1.148300" status="PASS">
			<system-out><![CDATA[INFO[0102] Creating SSH client to test host at 192.168.242.2:22 
INFO[0102] Successfully created SSH client to '192.168.242.2:22' on attempt 1 
INFO[0102] Checking Trident service status (attempt 1)  
DEBU[0102] Running command: sudo systemctl status trident.service --no-pager 
DEBU[0103] Trident service status:
○ trident.service - Trident Agent
     Loaded: loaded (/usr/lib/systemd/system/trident.service; enabled; preset: disabled)
    Drop-In: /usr/lib/systemd/system/service.d
             └─10-timeout-abort.conf
             /etc/systemd/system/trident.service.d
             └─override.conf
     Active: inactive (dead) since Mon 2026-07-27 20:57:19 UTC; 2s ago
    Process: 700 ExecStart=trident grpc-client commit (code=exited, status=0/SUCCESS)
   Main PID: 700 (code=exited, status=0/SUCCESS)
        CPU: 122ms

Jul 27 20:57:19 trident-testimg trident[700]: Updating host's servicing state to 'Provisioned'
Jul 27 20:57:19 trident-testimg trident[700]: Closed span: "validate_boot", execution_time: 0.13 seconds
Jul 27 20:57:19 trident-testimg trident[700]: Reporting provisioning succeeded
Jul 27 20:57:19 trident-testimg trident[700]: starting new connection: http://10.91.162.60:4000/
Jul 27 20:57:19 trident-testimg trident[700]: Servicing completed successfully
Jul 27 20:57:19 trident-testimg trident[700]: No reboot is required to complete the operation
Jul 27 20:57:19 trident-testimg trident[700]: Waiting for background uploader to shut down
Jul 27 20:57:19 trident-testimg trident[700]: Background uploader loop has exited
Jul 27 20:57:19 trident-testimg systemd[1]: trident.service: Deactivated successfully.
Jul 27 20:57:19 trident-testimg systemd[1]: Finished trident.service - Trident Agent. 
INFO[0103] Trident service ran and exited successfully  ]]></system-out>
		</testcase>
		<testcase name="validate-install" classname="" time="1.278696" status="PASS">
			<system-out><![CDATA[DEBU[0103] SSH client already exists, checking validity 
DEBU[0103] SSH client is still valid                    
DEBU[0103] Running command: sudo /usr/bin/trident get   
DEBU[0103] Executing command                             command="sudo blkid"
DEBU[0103] Executing command                             command="lsblk -J -b"
DEBU[0103] Executing command                             command=mount
DEBU[0103] Executing command                             command="cat /etc/passwd"
DEBU[0104] Executing command                             command="cat /etc/group"
DEBU[0104] Executing command                             command="sudo efibootmgr"]]></system-out>
		</testcase>
		<testcase name="ab-update-1-sync-hc" classname="" time="0.168897" status="PASS">
			<system-out><![CDATA[DEBU[0104] SSH client already exists, checking validity 
DEBU[0104] SSH client is still valid                    
DEBU[0104] Running command: sudo /usr/bin/trident get configuration ]]></system-out>
		</testcase>
		<testcase name="ab-update-1-update-hc" classname="" time="0.001277" status="PASS">
			<system-out><![CDATA[INFO[0104] Old image URL: http://10.91.162.60:4000/files/regular.cosi 
DEBU[0104] Base name: regular.cosi                      
INFO[0104] New image URL: http://10.91.162.60:4000/files/regular_v2.cosi 
INFO[0104] Checking if new image URL is accessible...   
ERRO[0104] New image URL is not accessible: http://10.91.162.60:4000/files/regular_v2.cosi (continuing)  error="failed to check new image URL: Head \"http://10.91.162.60:4000/files/regular_v2.cosi\": dial tcp 10.91.162.60:4000: connect: connection refused"]]></system-out>
		</testcase>
		<testcase name="ab-update-1-upload-new-hc" classname="" time="0.164943" status="PASS">
			<system-out><![CDATA[DEBU[0104] SSH client already exists, checking validity 
DEBU[0104] SSH client is still valid                    ]]></system-out>
		</testcase>
		<testcase name="ab-update-1-ab-update" classname="" time="57.884487" status="PASS">
			<system-out><![CDATA[DEBU[0104] Executing command                             command="sudo cat /var/lib/trident/config.yaml"
DEBU[0104] Trident HC file @ /var/lib/trident/config.yaml:
image:
    sha384: ignored
    url: http://10.91.162.60:4000/files/regular_v2.cosi
internalParams:
    selfUpgradeTrident: false
os:
    netplan:
        ethernets:
            vmeths:
                dhcp4: true
                match:
                    name: enp*
        version: 2
    selinux:
        mode: enforcing
    uefiFallback: conservative
    users:
        - name: testing-user
          sshMode: key-only
          sshPublicKeys:
            - |
              ssh-rsa AAAAB3NzaC1yc2EAAAADAQABAAABAQC1FqpKgHFSbuv9FiZ/xpdPL5eD+xJLn6bvrIhG6ZpeOdS3/IP6BzZowYQpcXGPrP8qsUHh+sWGTpSyrY886asZjpGeY8jMp4x/Wfq28CY6V03fBpAsA8MvyRyrtKJUmpBHVZmx0m7S7L4uqzeI3DoggJ+/xfBYEtaXOmP+OeFpO4Pj529ZzP44zozjiO1/4X2T9hpyJccSvj/r7Pkyjykxj+AsgTsAXhyB3IpxoPc+RiZMZexneN0s1uAZyWQKcl1kEnWMjf4/NvApFhFU34QHC4ro8nNzjuEpk3dK+nHnDuSdUWv9LU2CUGfQpwGzykoh5fofb1DsCrok/beJPI73
scripts:
    postConfigure:
        - content: echo 'testing-user ALL=(ALL:ALL) NOPASSWD:ALL' > /etc/sudoers.d/testing-user
          name: testing-privilege
          runOn:
            - clean-install
            - ab-update
trident:
    disable: false
    logstream: http://10.91.162.60:4000/logstream
    phonehome: http://10.91.162.60:4000/phonehome 
INFO[0104] Running Trident A/B update...                
INFO[0104] Invoking Trident attempt #1 with args: grpc-client update -v trace /var/lib/trident/config.yaml 
DEBU[0104] Running command: sudo /usr/bin/trident grpc-client update -v trace /var/lib/trident/config.yaml 
INFO[0104] Listening...                                  address="0.0.0.0:4000"
INFO[0104] Waiting for phone home...                    
INFO[0105] Trident connected from 192.168.242.2:47216   
INFO[0105] Trident started (connection attempt 0)        host_status= state=started
TRAC[0143] Trident 'grpc-client update -v trace /var/lib/trident/config.yaml' details: %!s(<nil>); status: 0; stdout: <empty>; stderr:
[INFO  trident::grpc_client::tridentclient] Servicing started
[INFO  DAEMON::trident] Loading Host Configuration from raw string
[INFO  DAEMON::trident] Host Configuration:
    trident:
      disable: false
      phonehome: http://10.91.162.60:4000/phonehome
      logstream: http://10.91.162.60:4000/logstream
    scripts:
      postConfigure:
      - name: testing-privilege
        runOn:
        - clean-install
        - ab-update
        content: echo 'testing-user ALL=(ALL:ALL) NOPASSWD:ALL' > /etc/sudoers.d/testing-user
    os:
      netplan:
        version: 2
        ethernets:
          vmeths:
            match:
              name: enp*
            dhcp4: true
      selinux:
        mode: enforcing
      users:
      - name: testing-user
        sshPublicKeys:
        - |
          ssh-rsa AAAAB3NzaC1yc2EAAAADAQABAAABAQC1FqpKgHFSbuv9FiZ/xpdPL5eD+xJLn6bvrIhG6ZpeOdS3/IP6BzZowYQpcXGPrP8qsUHh+sWGTpSyrY886asZjpGeY8jMp4x/Wfq28CY6V03fBpAsA8MvyRyrtKJUmpBHVZmx0m7S7L4uqzeI3DoggJ+/xfBYEtaXOmP+OeFpO4Pj529ZzP44zozjiO1/4X2T9hpyJccSvj/r7Pkyjykxj+AsgTsAXhyB3IpxoPc+RiZMZexneN0s1uAZyWQKcl1kEnWMjf4/NvApFhFU34QHC4ro8nNzjuEpk3dK+nHnDuSdUWv9LU2CUGfQpwGzykoh5fofb1DsCrok/beJPI73
        sshMode: key-only
      uefiFallback: conservative
    internalParams:
      selfUpgradeTrident: false
    image:
      url: http://10.91.162.60:4000/files/regular_v2.cosi
      sha384: ignored
    
[DEBUG DAEMON::trident::orchestrate] Reporting status to orchestrator at http://10.91.162.60:4000/phonehome, attempt connection for 60 seconds
[DEBUG DAEMON::reqwest::connect] starting new connection: http://10.91.162.60:4000/
[DEBUG DAEMON::trident::orchestrate] Connected to orchestrator
[INFO  DAEMON::trident] Running Trident version: 0.26.0-2026071402.v44567e0
[DEBUG DAEMON::reqwest::connect] starting new connection: http://10.91.162.60:4000/
[DEBUG DAEMON::trident] Trident is running in SELinux domain 'system_u:system_r:trident_t:s0'
[DEBUG DAEMON::trident::datastore] Loading datastore from /var/lib/trident/datastore.sqlite
[DEBUG DAEMON::trident] Execute and record error with servicing state: Provisioned and last error: None
[DEBUG DAEMON::trident] Storage section not specified in Host Configuration, using current storage configuration:
    disks:
    - id: os
      device: /dev/disk/by-path/pci-0000:00:1f.2-ata-2
      partitionTableType: gpt
      partitions:
      - id: root-a
        type: root
        size: 8G
        uuid: null
        label: null
      - id: root-b
        type: root
        size: 8G
        uuid: null
        label: null
      - id: esp
        type: esp
        size: 1G
        uuid: null
        label: null
      - id: swap
        type: swap
        size: 2G
        uuid: null
        label: null
      - id: home
        type: home
        size: 1G
        uuid: null
        label: null
      - id: trident
        type: linux-generic
        size: 1G
        uuid: null
        label: null
    - id: disk2
      device: /dev/disk/by-path/pci-0000:00:1f.2-ata-3
      partitionTableType: gpt
      partitions: []
    abUpdate:
      volumePairs:
      - id: root
        volumeAId: root-a
        volumeBId: root-b
    filesystems:
    - deviceId: trident
      source: new
      type: ext4
      mountPoint:
        path: /var/lib/trident
        options: defaults
    - deviceId: home
      source: new
      type: ext4
      mountPoint:
        path: /home
        options: defaults
    - deviceId: esp
      mountPoint:
        path: /boot/efi
        options: umask=0077
    - deviceId: root
      mountPoint:
        path: /
        options: defaults
    swap:
    - deviceId: swap
    
[DEBUG DAEMON::trident_api::config::host::storage::storage_graph::builder] Building storage graph
[TRACE DAEMON::trident_api::config::host::storage::storage_graph::builder] Adding node: disk 'os'
[...]
[TRACE DAEMON::osutils::dependencies] Executed 'efibootmgr --bootnext 0004': exited with status: 0. Report:
    stdout:
    BootNext: 0004
    BootCurrent: 0003
    Timeout: 0 seconds
    BootOrder: 0003,0002,0000,0001
    Boot0000* BootManagerMenuApp	FvVol(7cb8bdc9-f8eb-4f34-aaea-3ee4af6516a1)/FvFile(eec25bdc-67f2-4d95-b1d5-f81b2039d11d)
    Boot0001* EFI Firmware Setup	FvVol(7cb8bdc9-f8eb-4f34-aaea-3ee4af6516a1)/FvFile(462caa21-7614-4503-836e-8ab6f4662331)
    Boot0002* UEFI QEMU HARDDISK QM00003 	PciRoot(0x0)/Pci(0x1f,0x2)/Sata(1,65535,0){auto_created_boot_option}
    Boot0003* AZLA	HD(3,GPT,0a3205d7-4837-4266-a26e-b170da637f3b,0x2000800,0x200000)/\EFI\AZLA\bootx64.efi
    Boot0004* AZLB	HD(3,GPT,0a3205d7-4837-4266-a26e-b170da637f3b,0x2000800,0x200000)/\EFI\AZLB\bootx64.efi
    Boot0099* netboot provision.iso	Uri(http://10.91.162.60:4000/provision.iso)
    
    
[DEBUG DAEMON::trident::engine::bootentries] Set `BootNext` to newly added first entry '0004'
[TRACE DAEMON::trident::logging::tracestream] Entered span: "update_boot_order"
[DEBUG DAEMON::trident::engine::bootentries] Adding boot entry '0004' to the beginning of `BootOrder`
[TRACE DAEMON::trident::logging::tracestream] Entered span: "first_or_last_boot_order"
[TRACE DAEMON::osutils::dependencies] Executing 'efibootmgr'
[TRACE DAEMON::osutils::dependencies] Executed 'efibootmgr': exited with status: 0. Report:
    stdout:
    BootNext: 0004
    BootCurrent: 0003
    Timeout: 0 seconds
    BootOrder: 0003,0002,0000,0001
    Boot0000* BootManagerMenuApp	FvVol(7cb8bdc9-f8eb-4f34-aaea-3ee4af6516a1)/FvFile(eec25bdc-67f2-4d95-b1d5-f81b2039d11d)
    Boot0001* EFI Firmware Setup	FvVol(7cb8bdc9-f8eb-4f34-aaea-3ee4af6516a1)/FvFile(462caa21-7614-4503-836e-8ab6f4662331)
    Boot0002* UEFI QEMU HARDDISK QM00003 	PciRoot(0x0)/Pci(0x1f,0x2)/Sata(1,65535,0){auto_created_boot_option}
    Boot0003* AZLA	HD(3,GPT,0a3205d7-4837-4266-a26e-b170da637f3b,0x2000800,0x200000)/\EFI\AZLA\bootx64.efi
    Boot0004* AZLB	HD(3,GPT,0a3205d7-4837-4266-a26e-b170da637f3b,0x2000800,0x200000)/\EFI\AZLB\bootx64.efi
    Boot0099* netboot provision.iso	Uri(http://10.91.162.60:4000/provision.iso)
    
    
[TRACE DAEMON::trident::logging::tracestream] Entered span: "generate_new_boot_order"
[TRACE DAEMON::trident::logging::tracestream] Closed span: "generate_new_boot_order", execution_time: 0.00 seconds
[DEBUG DAEMON::trident::engine::bootentries] Modifying `BootOrder` to 0003,0002,0000,0001,0004
[TRACE DAEMON::osutils::dependencies] Executing 'efibootmgr --bootorder 0003,0002,0000,0001,0004'
[TRACE DAEMON::osutils::dependencies] Executed 'efibootmgr --bootorder 0003,0002,0000,0001,0004': exited with status: 0. Report:
    stdout:
    BootNext: 0004
    BootCurrent: 0003
    Timeout: 0 seconds
    BootOrder: 0003,0002,0000,0001,0004
    Boot0000* BootManagerMenuApp	FvVol(7cb8bdc9-f8eb-4f34-aaea-3ee4af6516a1)/FvFile(eec25bdc-67f2-4d95-b1d5-f81b2039d11d)
    Boot0001* EFI Firmware Setup	FvVol(7cb8bdc9-f8eb-4f34-aaea-3ee4af6516a1)/FvFile(462caa21-7614-4503-836e-8ab6f4662331)
    Boot0002* UEFI QEMU HARDDISK QM00003 	PciRoot(0x0)/Pci(0x1f,0x2)/Sata(1,65535,0){auto_created_boot_option}
    Boot0003* AZLA	HD(3,GPT,0a3205d7-4837-4266-a26e-b170da637f3b,0x2000800,0x200000)/\EFI\AZLA\bootx64.efi
    Boot0004* AZLB	HD(3,GPT,0a3205d7-4837-4266-a26e-b170da637f3b,0x2000800,0x200000)/\EFI\AZLB\bootx64.efi
    Boot0099* netboot provision.iso	Uri(http://10.91.162.60:4000/provision.iso)
    
    
[TRACE DAEMON::trident::logging::tracestream] Closed span: "first_or_last_boot_order", execution_time: 0.08 seconds
[TRACE DAEMON::trident::logging::tracestream] Closed span: "update_boot_order", execution_time: 0.08 seconds
[TRACE DAEMON::trident::logging::tracestream] Closed span: "set_boot_order_configuration", execution_time: 0.27 seconds
[TRACE DAEMON::trident::subsystems::esp] Finding UEFI fallback source dir name for servicing state AbUpdateStaged and UEFI fallback mode Conservative
[DEBUG DAEMON::trident::subsystems::esp] Configuring UEFI fallback for servicing state AbUpdateStaged using source ESP dir 'AZLA'
[DEBUG DAEMON::trident::subsystems::esp] Copying files during AbUpdate from '/boot/efi/EFI/AZLA' to '/boot/efi/EFI/BOOT'
[TRACE DAEMON::trident::subsystems::esp] Copying boot files from '/boot/efi/EFI/AZLA' to '/boot/efi/EFI/BOOT'
[TRACE DAEMON::trident::subsystems::esp] Copied file '/boot/efi/EFI/AZLA/grub.cfg' to '/boot/efi/EFI/BOOT/grub.cfg.new'
[TRACE DAEMON::trident::subsystems::esp] Copied file '/boot/efi/EFI/AZLA/bootx64.efi' to '/boot/efi/EFI/BOOT/bootx64.efi.new'
[TRACE DAEMON::trident::subsystems::esp] Copied file '/boot/efi/EFI/AZLA/grubx64.efi' to '/boot/efi/EFI/BOOT/grubx64.efi.new'
[TRACE DAEMON::trident::subsystems::esp] Renamed pre-existing file '/boot/efi/EFI/BOOT/bootx64.efi' to '/boot/efi/EFI/BOOT/bootx64.efi.old'
[TRACE DAEMON::trident::subsystems::esp] Renamed pre-existing file '/boot/efi/EFI/BOOT/grubx64.efi' to '/boot/efi/EFI/BOOT/grubx64.efi.old'
[TRACE DAEMON::trident::subsystems::esp] Renamed pre-existing file '/boot/efi/EFI/BOOT/grub.cfg' to '/boot/efi/EFI/BOOT/grub.cfg.old'
[TRACE DAEMON::trident::subsystems::esp] Renamed copied file '/boot/efi/EFI/BOOT/grub.cfg.new' to '/boot/efi/EFI/BOOT/grub.cfg'
[TRACE DAEMON::trident::subsystems::esp] Renamed copied file '/boot/efi/EFI/BOOT/bootx64.efi.new' to '/boot/efi/EFI/BOOT/bootx64.efi'
[TRACE DAEMON::trident::subsystems::esp] Renamed copied file '/boot/efi/EFI/BOOT/grubx64.efi.new' to '/boot/efi/EFI/BOOT/grubx64.efi'
[TRACE DAEMON::trident::subsystems::esp] Removed pre-existing file '/boot/efi/EFI/BOOT/grub.cfg.old'
[TRACE DAEMON::trident::subsystems::esp] Removed pre-existing file '/boot/efi/EFI/BOOT/bootx64.efi.old'
[TRACE DAEMON::trident::subsystems::esp] Removed pre-existing file '/boot/efi/EFI/BOOT/grubx64.efi.old'
[DEBUG DAEMON::trident::engine::ab_update] Updating host's servicing state to 'AbUpdateFinalized'
[DEBUG DAEMON::trident::engine] Persisting Trident background log from '/var/log/trident-full.log' to '/var/lib/trident/trident-AbUpdateFinalized-20260727T205802Z.log' 
[DEBUG DAEMON::trident::engine] Persisting Trident metrics from '/var/log/trident-metrics.jsonl' to '/var/lib/trident/trident-metrics-AbUpdateFinalized-20260727T205802Z.jsonl' 
[DEBUG DAEMON::trident::engine] Successfully persisted Trident background log from '/var/log/trident-full.log' to '/var/lib/trident/trident-AbUpdateFinalized-20260727T205802Z.log'
[DEBUG DAEMON::trident::engine] Successfully persisted Trident metrics from '/var/log/trident-metrics.jsonl' to '/var/lib/trident/trident-metrics-AbUpdateFinalized-20260727T205802Z.jsonl' 
[TRACE DAEMON::trident::logging::tracestream] Closed span: "finalize_update", execution_time: 0.35 seconds
[TRACE DAEMON::trident::logging::tracestream] Closed span: "update", execution_time: 38.25 seconds
[INFO  trident::grpc_client::tridentclient] Servicing completed successfully
[INFO  trident::grpc_client::tridentclient] A reboot has been started by Trident
[DEBUG trident::grpc_client::tridentclient] Requesting reboot
[DEBUG trident::logging::background_uploader] Waiting for background uploader to shut down
[DEBUG trident::logging::background_uploader] Background uploader loop has exited 
INFO[0143] Host rebooted successfully                   
INFO[0143] Waiting for SSH client to disconnect after Trident A/B update... 
WARN[0144] Failed to create SSH session, assuming connection is still alive (1/3): EOF 
WARN[0145] Failed to create SSH session, assuming connection is still alive (2/3): EOF 
INFO[0146] SSH client appears to be disconnected after 3 errors: EOF 
INFO[0146] SSH client disconnected, host is rebooting. Will attempt to reconnect... 
INFO[0146] Creating SSH client to test host at 192.168.242.2:22 
WARN[0151] Failed to create SSH client to '192.168.242.2:22' on attempt 1: failed to dial SSH server '192.168.242.2:22': dial tcp 192.168.242.2:22: i/o timeout 
WARN[0157] Failed to create SSH client to '192.168.242.2:22' on attempt 2: failed to dial SSH server '192.168.242.2:22': dial tcp 192.168.242.2:22: i/o timeout 
WARN[0160] Failed to create SSH client to '192.168.242.2:22' on attempt 3: failed to dial SSH server '192.168.242.2:22': dial tcp 192.168.242.2:22: connect: connection refused 
INFO[0161] Trident connected from 192.168.242.2:60902   
INFO[0161] Trident started (connection attempt 0)        host_status= state=started
DEBU[0161] [REMOTE trident::orchestrate] Reporting status to orchestrator at http://10.91.162.60:4000/phonehome, attempt connection for 60 seconds  file=crates/trident/src/orchestrate.rs line=37 module="trident::orchestrate"
DEBU[0161] [REMOTE trident::orchestrate] Connected to orchestrator  file=crates/trident/src/orchestrate.rs line=61 module="trident::orchestrate"
INFO[0161] [REMOTE trident] Running Trident version: 0.26.0-2026071402.v44567e0  file=crates/trident/src/lib.rs line=206 module=trident
DEBU[0161] [REMOTE trident] Trident is running in SELinux domain 'system_u:system_r:trident_t:s0 '  file=crates/trident/src/lib.rs line=217 module=trident
DEBU[0161] [REMOTE trident::datastore] Loading datastore from /var/lib/trident/datastore.sqlite  file=crates/trident/src/datastore.rs line=39 module="trident::datastore"
DEBU[0161] [REMOTE trident] Execute and record error with servicing state: AbUpdateFinalized and last error: None  file=crates/trident/src/lib.rs line=300 module=trident
INFO[0161] [REMOTE trident::engine::rollback] Validating whether host correctly booted from target OS image  file=crates/trident/src/engine/rollback.rs line=46 module="trident::engine::rollback"
DEBU[0161] [REMOTE trident::engine] Rebuilding storage graph for engine context  file=crates/trident/src/engine/mod.rs line=463 module="trident::engine"
DEBU[0161] [REMOTE osutils::block_devices] Not running inside a container. Using default root mount path '/'  file=crates/osutils/src/block_devices.rs line=179 module="osutils::block_devices"
INFO[0161] [REMOTE trident::engine::rollback] Current root device path: '/dev/sda2' ('/dev/disk/by-partuuid/bdce528b-7250-4434-99d6-7f310ecc269e')  file=crates/trident/src/engine/rollback.rs line=431 module="trident::engine::rollback"
INFO[0161] [REMOTE trident::engine::rollback] Expected root device path: '/dev/sda2' ('/dev/disk/by-partuuid/bdce528b-7250-4434-99d6-7f310ecc269e')  file=crates/trident/src/engine/rollback.rs line=505 module="trident::engine::rollback"
INFO[0161] [REMOTE trident::engine::rollback] Host booted from expected root device '/dev/sda2'  file=crates/trident/src/engine/rollback.rs line=564 module="trident::engine::rollback"
INFO[0161] [REMOTE trident::engine::rollback] Host successfully booted from target OS image  file=crates/trident/src/engine/rollback.rs line=113 module="trident::engine::rollback"
DEBU[0161] [REMOTE trident::engine::bootentries] Found boot entries with label 'AZLB': ["0004"]  file=crates/trident/src/engine/bootentries.rs line=204 module="trident::engine::bootentries"
DEBU[0161] [REMOTE trident::engine::bootentries] Adding boot entry '0004' to the beginning of `BootOrder`  file=crates/trident/src/engine/bootentries.rs line=623 module="trident::engine::bootentries"
DEBU[0161] [REMOTE trident::engine::bootentries] Modifying `BootOrder` to 0004,0003,0002,0000,0001  file=crates/trident/src/engine/bootentries.rs line=605 module="trident::engine::bootentries"
DEBU[0161] [REMOTE trident::subsystems::esp] Configuring UEFI fallback for servicing state AbUpdateFinalized using source ESP dir 'AZLA'  file=crates/trident/src/subsystems/esp.rs line=81 module="trident::subsystems::esp"
DEBU[0161] [REMOTE trident::subsystems::esp] Copying files during AbUpdate from '/boot/efi/EFI/AZLA' to '/boot/efi/EFI/BOOT'  file=crates/trident/src/subsystems/esp.rs line=458 module="trident::subsystems::esp"
INFO[0161] [REMOTE trident::engine::rollback] A/B update succeeded  file=crates/trident/src/engine/rollback.rs line=298 module="trident::engine::rollback"
DEBU[0161] [REMOTE trident::engine::rollback] Updating host's servicing state to 'Provisioned'  file=crates/trident/src/engine/rollback.rs line=315 module="trident::engine::rollback"
DEBU[0161] [REMOTE trident::orchestrate] Reporting provisioning succeeded  file=crates/trident/src/orchestrate.rs line=90 module="trident::orchestrate"
INFO[0161] Reported host Status:
spec:
  trident:
    disable: false
    phonehome: http://10.91.162.60:4000/phonehome
    logstream: http://10.91.162.60:4000/logstream
  storage:
    disks:
    - id: os
      device: /dev/disk/by-path/pci-0000:00:1f.2-ata-2
      partitionTableType: gpt
      partitions:
      - id: root-a
        type: root
        size: 8G
        uuid: null
        label: null
      - id: root-b
        type: root
        size: 8G
        uuid: null
        label: null
      - id: esp
        type: esp
        size: 1G
        uuid: null
        label: null
      - id: swap
        type: swap
        size: 2G
        uuid: null
        label: null
      - id: home
        type: home
        size: 1G
        uuid: null
        label: null
      - id: trident
        type: linux-generic
        size: 1G
        uuid: null
        label: null
    - id: disk2
      device: /dev/disk/by-path/pci-0000:00:1f.2-ata-3
      partitionTableType: gpt
      partitions: []
    abUpdate:
      volumePairs:
      - id: root
        volumeAId: root-a
        volumeBId: root-b
    filesystems:
    - deviceId: trident
      source: new
      type: ext4
      mountPoint:
        path: /var/lib/trident
        options: defaults
    - deviceId: home
      source: new
      type: ext4
      mountPoint:
        path: /home
        options: defaults
    - deviceId: esp
      mountPoint:
        path: /boot/efi
        options: umask=0077
    - deviceId: root
      mountPoint:
        path: /
        options: defaults
    swap:
    - deviceId: swap
  scripts:
    postConfigure:
    - name: testing-privilege
      runOn:
      - clean-install
      - ab-update
      content: echo 'testing-user ALL=(ALL:ALL) NOPASSWD:ALL' > /etc/sudoers.d/testing-user
  os:
    netplan:
      version: 2
      ethernets:
        vmeths:
          match:
            name: enp*
          dhcp4: true
    selinux:
      mode: enforcing
    users:
    - name: testing-user
      sshPublicKeys:
      - |
        ssh-rsa AAAAB3NzaC1yc2EAAAADAQABAAABAQC1FqpKgHFSbuv9FiZ/xpdPL5eD+xJLn6bvrIhG6ZpeOdS3/IP6BzZowYQpcXGPrP8qsUHh+sWGTpSyrY886asZjpGeY8jMp4x/Wfq28CY6V03fBpAsA8MvyRyrtKJUmpBHVZmx0m7S7L4uqzeI3DoggJ+/xfBYEtaXOmP+OeFpO4Pj529ZzP44zozjiO1/4X2T9hpyJccSvj/r7Pkyjykxj+AsgTsAXhyB3IpxoPc+RiZMZexneN0s1uAZyWQKcl1kEnWMjf4/NvApFhFU34QHC4ro8nNzjuEpk3dK+nHnDuSdUWv9LU2CUGfQpwGzykoh5fofb1DsCrok/beJPI73
      sshMode: key-only
    uefiFallback: conservative
  internalParams:
    selfUpgradeTrident: false
  image:
    url: http://10.91.162.60:4000/files/regular_v2.cosi
    sha384: 8a85abea244bfe376119f785f720a4a0da4167216722274e7458d51a79942deef31e1c9a8c865dcf2f371fea9bc2488e
servicingState: provisioned
partitionPaths:
  esp: /dev/disk/by-partuuid/0a3205d7-4837-4266-a26e-b170da637f3b
  home: /dev/disk/by-partuuid/2921e1f9-b033-496c-b5c3-f143154555ec
  root-a: /dev/disk/by-partuuid/d23517e6-f337-4477-86de-d612039b6b1a
  root-b: /dev/disk/by-partuuid/bdce528b-7250-4434-99d6-7f310ecc269e
  swap: /dev/disk/by-partuuid/54d1faac-95b7-465d-b389-06044368b776
  trident: /dev/disk/by-partuuid/7f806611-4852-462f-b04a-8481b1868d9b
abActiveVolume: volume-b
diskUuids:
  os: 03621ece-72ba-453c-b0d1-5cdcca70d3ea
  disk2: c9e10290-3c46-484b-b908-23b30fa053c0
installIndex: 0
tridentVersion: 0.26.0-2026071402.v44567e0 
INFO[0161] Trident successfully deployed target OS      
INFO[0161] Successfully created SSH client to '192.168.242.2:22' on attempt 4 
INFO[0161] Reacquired SSH connection to host after reboot. 
INFO[0161] Checking Trident service status (attempt 1)  
INFO[0162] Login prompt found in VM serial log          
INFO[0162] VM serial log monitor ended successfully     
DEBU[0162] Running command: sudo systemctl status trident.service --no-pager 
DEBU[0162] Trident service status:
○ trident.service - Trident Agent
     Loaded: loaded (/usr/lib/systemd/system/trident.service; enabled; preset: disabled)
    Drop-In: /usr/lib/systemd/system/service.d
             └─10-timeout-abort.conf
             /etc/systemd/system/trident.service.d
             └─override.conf
     Active: inactive (dead) since Mon 2026-07-27 20:58:19 UTC; 1s ago
    Process: 697 ExecStart=trident grpc-client commit (code=exited, status=0/SUCCESS)
   Main PID: 697 (code=exited, status=0/SUCCESS)
        CPU: 135ms

Jul 27 20:58:19 trident-testimg trident[697]: Closed span: "validate_boot", execution_time: 0.17 seconds
Jul 27 20:58:19 trident-testimg trident[697]: Reporting provisioning succeeded
Jul 27 20:58:19 trident-testimg trident[697]: starting new connection: http://10.91.162.60:4000/
Jul 27 20:58:19 trident-testimg trident[697]: starting new connection: http://10.91.162.60:4000/
Jul 27 20:58:19 trident-testimg trident[697]: Servicing completed successfully
Jul 27 20:58:19 trident-testimg trident[697]: No reboot is required to complete the operation
Jul 27 20:58:19 trident-testimg trident[697]: Waiting for background uploader to shut down
Jul 27 20:58:19 trident-testimg trident[697]: Background uploader loop has exited
Jul 27 20:58:19 trident-testimg systemd[1]: trident.service: Deactivated successfully.
Jul 27 20:58:19 trident-testimg systemd[1]: Finished trident.service - Trident Agent. 
INFO[0162] Trident service ran and exited successfully  ]]></system-out>
		</testcase>
		<testcase name="validate-ab-update-1" classname="" time="0.950914" status="PASS">
			<system-out><![CDATA[DEBU[0162] SSH client already exists, checking validity 
DEBU[0162] SSH client is still valid                    
DEBU[0162] Running command: sudo /usr/bin/trident get   
DEBU[0162] Executing command                             command="sudo blkid"
DEBU[0163] Executing command                             command="lsblk -J -b"
DEBU[0163] Executing command                             command=mount
DEBU[0163] Executing command                             command="cat /etc/passwd"
DEBU[0163] Executing command                             command="cat /etc/group"
DEBU[0163] Executing command                             command="sudo efibootmgr"]]></system-out>
		</testcase>
		<testcase name="ab-update-split-sync-hc" classname="" status="SKIP">
			<skipped message="Skipping split AB update test on ring &#39;pr-e2e&#39;" type="Skipped"></skipped>
		</testcase>
		<testcase name="ab-update-split-update-hc" classname="" status="SKIP">
			<skipped message="Skipping split AB update test on ring &#39;pr-e2e&#39;" type="Skipped"></skipped>
		</testcase>
		<testcase name="ab-update-split-upload-new-hc" classname="" status="SKIP">
			<skipped message="Skipping split AB update test on ring &#39;pr-e2e&#39;" type="Skipped"></skipped>
		</testcase>
		<testcase name="ab-update-split-ab-update" classname="" status="SKIP">
			<skipped message="Skipping split AB update test on ring &#39;pr-e2e&#39;" type="Skipped"></skipped>
		</testcase>
		<testcase name="validate-ab-update-split" classname="" time="0.965699" status="PASS">
			<system-out><![CDATA[DEBU[0163] SSH client already exists, checking validity 
DEBU[0163] SSH client is still valid                    
DEBU[0163] Running command: sudo /usr/bin/trident get   
DEBU[0163] Executing command                             command="sudo blkid"
DEBU[0164] Executing command                             command="lsblk -J -b"
DEBU[0164] Executing command                             command=mount
DEBU[0164] Executing command                             command="cat /etc/passwd"
DEBU[0164] Executing command                             command="cat /etc/group"
DEBU[0164] Executing command                             command="sudo efibootmgr"]]></system-out>
		</testcase>
	</testsuite>
</testsuites>
